<?xml version="1.0" encoding="UTF-8"?>
<testsuite name="sangmyung.chatprompt.Util.XmlParserTest" tests="1" skipped="0" failures="0" errors="0" timestamp="2023-03-22T05:05:22" hostname="HEY-2.local" time="0.085">
  <properties/>
  <testcase name="unmarshal 테스트" classname="sangmyung.chatprompt.Util.XmlParserTest" time="0.085"/>
  <system-out><![CDATA[2023-03-22 14:05:21.596  INFO 17748 --- [    Test worker] .b.t.c.SpringBootTestContextBootstrapper : Neither @ContextConfiguration nor @ContextHierarchy found for test class [sangmyung.chatprompt.Util.XmlParserTest], using SpringBootContextLoader
2023-03-22 14:05:21.596  INFO 17748 --- [    Test worker] o.s.t.c.support.AbstractContextLoader    : Could not detect default resource locations for test class [sangmyung.chatprompt.Util.XmlParserTest]: no resource found for suffixes {-context.xml, Context.groovy}.
2023-03-22 14:05:21.596  INFO 17748 --- [    Test worker] t.c.s.AnnotationConfigContextLoaderUtils : Could not detect default configuration classes for test class [sangmyung.chatprompt.Util.XmlParserTest]: XmlParserTest does not declare any static, non-private, non-final, nested classes annotated with @Configuration.
2023-03-22 14:05:21.599  INFO 17748 --- [    Test worker] .b.t.c.SpringBootTestContextBootstrapper : Found @SpringBootConfiguration sangmyung.chatprompt.ChatPromptApplication for test class sangmyung.chatprompt.Util.XmlParserTest
2023-03-22 14:05:21.599  INFO 17748 --- [    Test worker] .b.t.c.SpringBootTestContextBootstrapper : Loaded default TestExecutionListener class names from location [META-INF/spring.factories]: [org.springframework.boot.test.autoconfigure.restdocs.RestDocsTestExecutionListener, org.springframework.boot.test.autoconfigure.web.client.MockRestServiceServerResetTestExecutionListener, org.springframework.boot.test.autoconfigure.web.servlet.MockMvcPrintOnlyOnFailureTestExecutionListener, org.springframework.boot.test.autoconfigure.web.servlet.WebDriverTestExecutionListener, org.springframework.boot.test.autoconfigure.webservices.client.MockWebServiceServerTestExecutionListener, org.springframework.boot.test.mock.mockito.MockitoTestExecutionListener, org.springframework.boot.test.mock.mockito.ResetMocksTestExecutionListener, org.springframework.test.context.web.ServletTestExecutionListener, org.springframework.test.context.support.DirtiesContextBeforeModesTestExecutionListener, org.springframework.test.context.event.ApplicationEventsTestExecutionListener, org.springframework.test.context.support.DependencyInjectionTestExecutionListener, org.springframework.test.context.support.DirtiesContextTestExecutionListener, org.springframework.test.context.transaction.TransactionalTestExecutionListener, org.springframework.test.context.jdbc.SqlScriptsTestExecutionListener, org.springframework.test.context.event.EventPublishingTestExecutionListener]
2023-03-22 14:05:21.600  INFO 17748 --- [    Test worker] .b.t.c.SpringBootTestContextBootstrapper : Using TestExecutionListeners: [org.springframework.test.context.web.ServletTestExecutionListener@7f93fce1, org.springframework.test.context.support.DirtiesContextBeforeModesTestExecutionListener@5457123a, org.springframework.test.context.event.ApplicationEventsTestExecutionListener@4690a37e, org.springframework.boot.test.mock.mockito.MockitoTestExecutionListener@23f27434, org.springframework.boot.test.autoconfigure.SpringBootDependencyInjectionTestExecutionListener@43e6f05f, org.springframework.test.context.support.DirtiesContextTestExecutionListener@2fccfcdb, org.springframework.test.context.transaction.TransactionalTestExecutionListener@6c04310f, org.springframework.test.context.jdbc.SqlScriptsTestExecutionListener@5ce7ab6f, org.springframework.test.context.event.EventPublishingTestExecutionListener@28f7cca4, org.springframework.boot.test.autoconfigure.restdocs.RestDocsTestExecutionListener@6015c745, org.springframework.boot.test.autoconfigure.web.client.MockRestServiceServerResetTestExecutionListener@2d541e01, org.springframework.boot.test.autoconfigure.web.servlet.MockMvcPrintOnlyOnFailureTestExecutionListener@4c897417, org.springframework.boot.test.autoconfigure.web.servlet.WebDriverTestExecutionListener@5a8d03ce, org.springframework.boot.test.autoconfigure.webservices.client.MockWebServiceServerTestExecutionListener@14ecd835, org.springframework.boot.test.mock.mockito.ResetMocksTestExecutionListener@19c578bf]

  .   ____          _            __ _ _
 /\\ / ___'_ __ _ _(_)_ __  __ _ \ \ \ \
( ( )\___ | '_ | '_| | '_ \/ _` | \ \ \ \
 \\/  ___)| |_)| | | | | || (_| |  ) ) ) )
  '  |____| .__|_| |_|_| |_\__, | / / / /
 =========|_|==============|___/=/_/_/_/
 :: Spring Boot ::                (v2.7.9)

2023-03-22 14:05:21.615  INFO 17748 --- [    Test worker] sangmyung.chatprompt.Util.XmlParserTest  : Starting XmlParserTest using Java 19 on HEY-2.local with PID 17748 (started by seonghuiyeon in /Users/seonghuiyeon/IdeaProjects/ChatPrompt)
2023-03-22 14:05:21.615  INFO 17748 --- [    Test worker] sangmyung.chatprompt.Util.XmlParserTest  : The following 1 profile is active: "test"
2023-03-22 14:05:21.714  INFO 17748 --- [    Test worker] .s.d.r.c.RepositoryConfigurationDelegate : Bootstrapping Spring Data JPA repositories in DEFAULT mode.
2023-03-22 14:05:21.723  INFO 17748 --- [    Test worker] .s.d.r.c.RepositoryConfigurationDelegate : Finished Spring Data repository scanning in 8 ms. Found 4 JPA repository interfaces.
2023-03-22 14:05:21.788  INFO 17748 --- [    Test worker] o.hibernate.jpa.internal.util.LogHelper  : HHH000204: Processing PersistenceUnitInfo [name: default]
2023-03-22 14:05:21.790  INFO 17748 --- [    Test worker] com.zaxxer.hikari.HikariDataSource       : HikariPool-2 - Starting...
2023-03-22 14:05:21.806  INFO 17748 --- [    Test worker] com.zaxxer.hikari.HikariDataSource       : HikariPool-2 - Start completed.
2023-03-22 14:05:21.806  INFO 17748 --- [    Test worker] org.hibernate.dialect.Dialect            : HHH000400: Using dialect: org.hibernate.dialect.MySQL8Dialect
2023-03-22 14:05:21.909  INFO 17748 --- [    Test worker] o.h.t.schema.internal.SchemaCreatorImpl  : HHH000476: Executing import script 'file:/Users/seonghuiyeon/IdeaProjects/ChatPrompt/build/resources/main/import.sql'
2023-03-22 14:05:21.915  INFO 17748 --- [    Test worker] o.h.e.t.j.p.i.JtaPlatformInitiator       : HHH000490: Using JtaPlatform implementation: [org.hibernate.engine.transaction.jta.platform.internal.NoJtaPlatform]
2023-03-22 14:05:21.915  INFO 17748 --- [    Test worker] j.LocalContainerEntityManagerFactoryBean : Initialized JPA EntityManagerFactory for persistence unit 'default'
2023-03-22 14:05:22.049  WARN 17748 --- [    Test worker] JpaBaseConfiguration$JpaWebConfiguration : spring.jpa.open-in-view is enabled by default. Therefore, database queries may be performed during view rendering. Explicitly configure spring.jpa.open-in-view to disable this warning
2023-03-22 14:05:22.091  INFO 17748 --- [    Test worker] o.s.b.a.w.s.WelcomePageHandlerMapping    : Adding welcome page: class path resource [static/index.html]
2023-03-22 14:05:22.373  INFO 17748 --- [    Test worker] sangmyung.chatprompt.Util.XmlParserTest  : Started XmlParserTest in 0.772 seconds (JVM running for 4.5)
]]></system-out>
  <system-err><![CDATA[]]></system-err>
</testsuite>
