<?xml version="1.0" encoding="UTF-8"?>
<testsuite name="sangmyung.chatprompt.task.service.TaskServiceTest" tests="5" skipped="0" failures="0" errors="0" timestamp="2023-03-21T11:10:16" hostname="HEY-2.local" time="0.473">
  <properties/>
  <testcase name="PromptDTO를 Task와 IOPairs로 변환하여 저장할 수 있다." classname="sangmyung.chatprompt.task.service.TaskServiceTest" time="0.139"/>
  <testcase name="Task의 instruction(지시문)을 수정할 수 있다." classname="sangmyung.chatprompt.task.service.TaskServiceTest" time="0.095"/>
  <testcase name="taskNum을 통해 특정 Task를 찾을 수 있다." classname="sangmyung.chatprompt.task.service.TaskServiceTest" time="0.082"/>
  <testcase name="Task를 TaskResponse로 반환할 수 있다." classname="sangmyung.chatprompt.task.service.TaskServiceTest" time="0.078"/>
  <testcase name="IOPair를 IOResponse로 변환할 수 있다." classname="sangmyung.chatprompt.task.service.TaskServiceTest" time="0.077"/>
  <system-out><![CDATA[2023-03-21 20:10:16.728  INFO 7318 --- [    Test worker] .b.t.c.SpringBootTestContextBootstrapper : Neither @ContextConfiguration nor @ContextHierarchy found for test class [sangmyung.chatprompt.task.service.TaskServiceTest], using SpringBootContextLoader
2023-03-21 20:10:16.729  INFO 7318 --- [    Test worker] o.s.t.c.support.AbstractContextLoader    : Could not detect default resource locations for test class [sangmyung.chatprompt.task.service.TaskServiceTest]: no resource found for suffixes {-context.xml, Context.groovy}.
2023-03-21 20:10:16.729  INFO 7318 --- [    Test worker] t.c.s.AnnotationConfigContextLoaderUtils : Could not detect default configuration classes for test class [sangmyung.chatprompt.task.service.TaskServiceTest]: TaskServiceTest does not declare any static, non-private, non-final, nested classes annotated with @Configuration.
2023-03-21 20:10:16.731  INFO 7318 --- [    Test worker] .b.t.c.SpringBootTestContextBootstrapper : Found @SpringBootConfiguration sangmyung.chatprompt.ChatPromptApplication for test class sangmyung.chatprompt.task.service.TaskServiceTest
2023-03-21 20:10:16.731  INFO 7318 --- [    Test worker] .b.t.c.SpringBootTestContextBootstrapper : Loaded default TestExecutionListener class names from location [META-INF/spring.factories]: [org.springframework.boot.test.autoconfigure.restdocs.RestDocsTestExecutionListener, org.springframework.boot.test.autoconfigure.web.client.MockRestServiceServerResetTestExecutionListener, org.springframework.boot.test.autoconfigure.web.servlet.MockMvcPrintOnlyOnFailureTestExecutionListener, org.springframework.boot.test.autoconfigure.web.servlet.WebDriverTestExecutionListener, org.springframework.boot.test.autoconfigure.webservices.client.MockWebServiceServerTestExecutionListener, org.springframework.boot.test.mock.mockito.MockitoTestExecutionListener, org.springframework.boot.test.mock.mockito.ResetMocksTestExecutionListener, org.springframework.test.context.web.ServletTestExecutionListener, org.springframework.test.context.support.DirtiesContextBeforeModesTestExecutionListener, org.springframework.test.context.event.ApplicationEventsTestExecutionListener, org.springframework.test.context.support.DependencyInjectionTestExecutionListener, org.springframework.test.context.support.DirtiesContextTestExecutionListener, org.springframework.test.context.transaction.TransactionalTestExecutionListener, org.springframework.test.context.jdbc.SqlScriptsTestExecutionListener, org.springframework.test.context.event.EventPublishingTestExecutionListener]
2023-03-21 20:10:16.732  INFO 7318 --- [    Test worker] .b.t.c.SpringBootTestContextBootstrapper : Using TestExecutionListeners: [org.springframework.test.context.web.ServletTestExecutionListener@333cedbd, org.springframework.test.context.support.DirtiesContextBeforeModesTestExecutionListener@388b9799, org.springframework.test.context.event.ApplicationEventsTestExecutionListener@4225b4e2, org.springframework.boot.test.mock.mockito.MockitoTestExecutionListener@20834c45, org.springframework.boot.test.autoconfigure.SpringBootDependencyInjectionTestExecutionListener@74061ced, org.springframework.test.context.support.DirtiesContextTestExecutionListener@10d56aab, org.springframework.test.context.transaction.TransactionalTestExecutionListener@7fb84ef7, org.springframework.test.context.jdbc.SqlScriptsTestExecutionListener@4563d421, org.springframework.test.context.event.EventPublishingTestExecutionListener@1465914, org.springframework.boot.test.autoconfigure.restdocs.RestDocsTestExecutionListener@3a7deba5, org.springframework.boot.test.autoconfigure.web.client.MockRestServiceServerResetTestExecutionListener@78fc5eb, org.springframework.boot.test.autoconfigure.web.servlet.MockMvcPrintOnlyOnFailureTestExecutionListener@5c96cbe7, org.springframework.boot.test.autoconfigure.web.servlet.WebDriverTestExecutionListener@6f2bb798, org.springframework.boot.test.autoconfigure.webservices.client.MockWebServiceServerTestExecutionListener@3a5e591b, org.springframework.boot.test.mock.mockito.ResetMocksTestExecutionListener@43076326]
2023-03-21 20:10:16.734  INFO 7318 --- [    Test worker] o.s.t.c.transaction.TransactionContext   : Began transaction (1) for test context [DefaultTestContext@2b39e77d testClass = TaskServiceTest, testInstance = sangmyung.chatprompt.task.service.TaskServiceTest@201c1d99, testMethod = canSaveTaskAndIOPairs@TaskServiceTest, testException = [null], mergedContextConfiguration = [WebMergedContextConfiguration@36afd06f testClass = TaskServiceTest, locations = '{}', classes = '{class sangmyung.chatprompt.ChatPromptApplication}', contextInitializerClasses = '[]', activeProfiles = '{test}', propertySourceLocations = '{}', propertySourceProperties = '{spring.profiles.active=test, org.springframework.boot.test.context.SpringBootTestContextBootstrapper=true}', contextCustomizers = set[org.springframework.boot.test.autoconfigure.actuate.metrics.MetricsExportContextCustomizerFactory$DisableMetricExportContextCustomizer@600b90df, org.springframework.boot.test.autoconfigure.properties.PropertyMappingContextCustomizer@0, org.springframework.boot.test.autoconfigure.web.servlet.WebDriverContextCustomizerFactory$Customizer@60df60da, org.springframework.boot.test.context.filter.ExcludeFilterContextCustomizer@632ceb35, org.springframework.boot.test.json.DuplicateJsonObjectContextCustomizerFactory$DuplicateJsonObjectContextCustomizer@130e116b, org.springframework.boot.test.mock.mockito.MockitoContextCustomizer@0, org.springframework.boot.test.web.client.TestRestTemplateContextCustomizer@9ebe38b, org.springframework.boot.test.context.SpringBootTestArgs@1, org.springframework.boot.test.context.SpringBootTestWebEnvironment@2d2ffcb7], resourceBasePath = 'src/main/webapp', contextLoader = 'org.springframework.boot.test.context.SpringBootContextLoader', parent = [null]], attributes = map['org.springframework.test.context.web.ServletTestExecutionListener.activateListener' -> true, 'org.springframework.test.context.web.ServletTestExecutionListener.populatedRequestContextHolder' -> true, 'org.springframework.test.context.web.ServletTestExecutionListener.resetRequestContextHolder' -> true, 'org.springframework.test.context.event.ApplicationEventsTestExecutionListener.recordApplicationEvents' -> false]]; transaction manager [org.springframework.orm.jpa.JpaTransactionManager@5b784f16]; rollback [true]
2023-03-21 20:10:16.756  INFO 7318 --- [    Test worker] s.chatprompt.task.service.TaskService    : task 처리179	현재 인덱스: 0	 전체 인덱스: 72
2023-03-21 20:10:16.758  INFO 7318 --- [    Test worker] s.chatprompt.task.service.TaskService    : task 처리179	현재 인덱스: 2	 전체 인덱스: 72
2023-03-21 20:10:16.761  INFO 7318 --- [    Test worker] s.chatprompt.task.service.TaskService    : task 처리180	현재 인덱스: 4	 전체 인덱스: 72
2023-03-21 20:10:16.763  INFO 7318 --- [    Test worker] s.chatprompt.task.service.TaskService    : task 처리180	현재 인덱스: 6	 전체 인덱스: 72
2023-03-21 20:10:16.765  INFO 7318 --- [    Test worker] s.chatprompt.task.service.TaskService    : task 처리180	현재 인덱스: 8	 전체 인덱스: 72
2023-03-21 20:10:16.769  INFO 7318 --- [    Test worker] s.chatprompt.task.service.TaskService    : task 처리181	현재 인덱스: 10	 전체 인덱스: 72
2023-03-21 20:10:16.771  INFO 7318 --- [    Test worker] s.chatprompt.task.service.TaskService    : task 처리181	현재 인덱스: 12	 전체 인덱스: 72
2023-03-21 20:10:16.774  INFO 7318 --- [    Test worker] s.chatprompt.task.service.TaskService    : task 처리181	현재 인덱스: 14	 전체 인덱스: 72
2023-03-21 20:10:16.777  INFO 7318 --- [    Test worker] s.chatprompt.task.service.TaskService    : task 처리292	현재 인덱스: 16	 전체 인덱스: 72
2023-03-21 20:10:16.780  INFO 7318 --- [    Test worker] s.chatprompt.task.service.TaskService    : task 처리292	현재 인덱스: 18	 전체 인덱스: 72
2023-03-21 20:10:16.783  INFO 7318 --- [    Test worker] s.chatprompt.task.service.TaskService    : task 처리292	현재 인덱스: 20	 전체 인덱스: 72
2023-03-21 20:10:16.786  INFO 7318 --- [    Test worker] s.chatprompt.task.service.TaskService    : task 처리388	현재 인덱스: 22	 전체 인덱스: 72
2023-03-21 20:10:16.789  INFO 7318 --- [    Test worker] s.chatprompt.task.service.TaskService    : task 처리388	현재 인덱스: 24	 전체 인덱스: 72
2023-03-21 20:10:16.792  INFO 7318 --- [    Test worker] s.chatprompt.task.service.TaskService    : task 처리388	현재 인덱스: 26	 전체 인덱스: 72
2023-03-21 20:10:16.794  INFO 7318 --- [    Test worker] s.chatprompt.task.service.TaskService    : task 처리388	현재 인덱스: 28	 전체 인덱스: 72
2023-03-21 20:10:16.797  INFO 7318 --- [    Test worker] s.chatprompt.task.service.TaskService    : task 처리388	현재 인덱스: 30	 전체 인덱스: 72
2023-03-21 20:10:16.800  INFO 7318 --- [    Test worker] s.chatprompt.task.service.TaskService    : task 처리456	현재 인덱스: 32	 전체 인덱스: 72
2023-03-21 20:10:16.803  INFO 7318 --- [    Test worker] s.chatprompt.task.service.TaskService    : task 처리456	현재 인덱스: 34	 전체 인덱스: 72
2023-03-21 20:10:16.806  INFO 7318 --- [    Test worker] s.chatprompt.task.service.TaskService    : task 처리456	현재 인덱스: 36	 전체 인덱스: 72
2023-03-21 20:10:16.809  INFO 7318 --- [    Test worker] s.chatprompt.task.service.TaskService    : task 처리578	현재 인덱스: 38	 전체 인덱스: 72
2023-03-21 20:10:16.812  INFO 7318 --- [    Test worker] s.chatprompt.task.service.TaskService    : task 처리578	현재 인덱스: 40	 전체 인덱스: 72
2023-03-21 20:10:16.814  INFO 7318 --- [    Test worker] s.chatprompt.task.service.TaskService    : task 처리578	현재 인덱스: 42	 전체 인덱스: 72
2023-03-21 20:10:16.817  INFO 7318 --- [    Test worker] s.chatprompt.task.service.TaskService    : task 처리621	현재 인덱스: 44	 전체 인덱스: 72
2023-03-21 20:10:16.820  INFO 7318 --- [    Test worker] s.chatprompt.task.service.TaskService    : task 처리621	현재 인덱스: 46	 전체 인덱스: 72
2023-03-21 20:10:16.824  INFO 7318 --- [    Test worker] s.chatprompt.task.service.TaskService    : task 처리621	현재 인덱스: 48	 전체 인덱스: 72
2023-03-21 20:10:16.827  INFO 7318 --- [    Test worker] s.chatprompt.task.service.TaskService    : task 처리646	현재 인덱스: 50	 전체 인덱스: 72
2023-03-21 20:10:16.829  INFO 7318 --- [    Test worker] s.chatprompt.task.service.TaskService    : task 처리646	현재 인덱스: 52	 전체 인덱스: 72
2023-03-21 20:10:16.832  INFO 7318 --- [    Test worker] s.chatprompt.task.service.TaskService    : task 처리647	현재 인덱스: 54	 전체 인덱스: 72
2023-03-21 20:10:16.835  INFO 7318 --- [    Test worker] s.chatprompt.task.service.TaskService    : task 처리647	현재 인덱스: 56	 전체 인덱스: 72
2023-03-21 20:10:16.838  INFO 7318 --- [    Test worker] s.chatprompt.task.service.TaskService    : task 처리676	현재 인덱스: 58	 전체 인덱스: 72
2023-03-21 20:10:16.840  INFO 7318 --- [    Test worker] s.chatprompt.task.service.TaskService    : task 처리676	현재 인덱스: 60	 전체 인덱스: 72
2023-03-21 20:10:16.842  INFO 7318 --- [    Test worker] s.chatprompt.task.service.TaskService    : task 처리676	현재 인덱스: 62	 전체 인덱스: 72
2023-03-21 20:10:16.845  INFO 7318 --- [    Test worker] s.chatprompt.task.service.TaskService    : task 처리678	현재 인덱스: 64	 전체 인덱스: 72
2023-03-21 20:10:16.848  INFO 7318 --- [    Test worker] s.chatprompt.task.service.TaskService    : task 처리678	현재 인덱스: 66	 전체 인덱스: 72
2023-03-21 20:10:16.850  INFO 7318 --- [    Test worker] s.chatprompt.task.service.TaskService    : task 처리678	현재 인덱스: 68	 전체 인덱스: 72
2023-03-21 20:10:16.852  INFO 7318 --- [    Test worker] s.chatprompt.task.service.TaskService    : task 처리683	현재 인덱스: 70	 전체 인덱스: 72
2023-03-21 20:10:16.852  INFO 7318 --- [    Test worker] s.chatprompt.task.service.TaskService    : task 처리 완료
2023-03-21 20:10:16.872  INFO 7318 --- [    Test worker] o.s.t.c.transaction.TransactionContext   : Rolled back transaction for test: [DefaultTestContext@2b39e77d testClass = TaskServiceTest, testInstance = sangmyung.chatprompt.task.service.TaskServiceTest@201c1d99, testMethod = canSaveTaskAndIOPairs@TaskServiceTest, testException = [null], mergedContextConfiguration = [WebMergedContextConfiguration@36afd06f testClass = TaskServiceTest, locations = '{}', classes = '{class sangmyung.chatprompt.ChatPromptApplication}', contextInitializerClasses = '[]', activeProfiles = '{test}', propertySourceLocations = '{}', propertySourceProperties = '{spring.profiles.active=test, org.springframework.boot.test.context.SpringBootTestContextBootstrapper=true}', contextCustomizers = set[org.springframework.boot.test.autoconfigure.actuate.metrics.MetricsExportContextCustomizerFactory$DisableMetricExportContextCustomizer@600b90df, org.springframework.boot.test.autoconfigure.properties.PropertyMappingContextCustomizer@0, org.springframework.boot.test.autoconfigure.web.servlet.WebDriverContextCustomizerFactory$Customizer@60df60da, org.springframework.boot.test.context.filter.ExcludeFilterContextCustomizer@632ceb35, org.springframework.boot.test.json.DuplicateJsonObjectContextCustomizerFactory$DuplicateJsonObjectContextCustomizer@130e116b, org.springframework.boot.test.mock.mockito.MockitoContextCustomizer@0, org.springframework.boot.test.web.client.TestRestTemplateContextCustomizer@9ebe38b, org.springframework.boot.test.context.SpringBootTestArgs@1, org.springframework.boot.test.context.SpringBootTestWebEnvironment@2d2ffcb7], resourceBasePath = 'src/main/webapp', contextLoader = 'org.springframework.boot.test.context.SpringBootContextLoader', parent = [null]], attributes = map['org.springframework.test.context.web.ServletTestExecutionListener.activateListener' -> true, 'org.springframework.test.context.web.ServletTestExecutionListener.populatedRequestContextHolder' -> true, 'org.springframework.test.context.web.ServletTestExecutionListener.resetRequestContextHolder' -> true, 'org.springframework.test.context.event.ApplicationEventsTestExecutionListener.recordApplicationEvents' -> false]]
2023-03-21 20:10:16.873  INFO 7318 --- [    Test worker] o.s.t.c.transaction.TransactionContext   : Began transaction (1) for test context [DefaultTestContext@2b39e77d testClass = TaskServiceTest, testInstance = sangmyung.chatprompt.task.service.TaskServiceTest@79fc6651, testMethod = canModifyInstruction@TaskServiceTest, testException = [null], mergedContextConfiguration = [WebMergedContextConfiguration@36afd06f testClass = TaskServiceTest, locations = '{}', classes = '{class sangmyung.chatprompt.ChatPromptApplication}', contextInitializerClasses = '[]', activeProfiles = '{test}', propertySourceLocations = '{}', propertySourceProperties = '{spring.profiles.active=test, org.springframework.boot.test.context.SpringBootTestContextBootstrapper=true}', contextCustomizers = set[org.springframework.boot.test.autoconfigure.actuate.metrics.MetricsExportContextCustomizerFactory$DisableMetricExportContextCustomizer@600b90df, org.springframework.boot.test.autoconfigure.properties.PropertyMappingContextCustomizer@0, org.springframework.boot.test.autoconfigure.web.servlet.WebDriverContextCustomizerFactory$Customizer@60df60da, org.springframework.boot.test.context.filter.ExcludeFilterContextCustomizer@632ceb35, org.springframework.boot.test.json.DuplicateJsonObjectContextCustomizerFactory$DuplicateJsonObjectContextCustomizer@130e116b, org.springframework.boot.test.mock.mockito.MockitoContextCustomizer@0, org.springframework.boot.test.web.client.TestRestTemplateContextCustomizer@9ebe38b, org.springframework.boot.test.context.SpringBootTestArgs@1, org.springframework.boot.test.context.SpringBootTestWebEnvironment@2d2ffcb7], resourceBasePath = 'src/main/webapp', contextLoader = 'org.springframework.boot.test.context.SpringBootContextLoader', parent = [null]], attributes = map['org.springframework.test.context.web.ServletTestExecutionListener.activateListener' -> true, 'org.springframework.test.context.web.ServletTestExecutionListener.populatedRequestContextHolder' -> true, 'org.springframework.test.context.web.ServletTestExecutionListener.resetRequestContextHolder' -> true, 'org.springframework.test.context.event.ApplicationEventsTestExecutionListener.recordApplicationEvents' -> false]]; transaction manager [org.springframework.orm.jpa.JpaTransactionManager@5b784f16]; rollback [true]
2023-03-21 20:10:16.885  INFO 7318 --- [    Test worker] s.chatprompt.task.service.TaskService    : task 처리179	현재 인덱스: 0	 전체 인덱스: 72
2023-03-21 20:10:16.887  INFO 7318 --- [    Test worker] s.chatprompt.task.service.TaskService    : task 처리179	현재 인덱스: 2	 전체 인덱스: 72
2023-03-21 20:10:16.889  INFO 7318 --- [    Test worker] s.chatprompt.task.service.TaskService    : task 처리180	현재 인덱스: 4	 전체 인덱스: 72
2023-03-21 20:10:16.891  INFO 7318 --- [    Test worker] s.chatprompt.task.service.TaskService    : task 처리180	현재 인덱스: 6	 전체 인덱스: 72
2023-03-21 20:10:16.893  INFO 7318 --- [    Test worker] s.chatprompt.task.service.TaskService    : task 처리180	현재 인덱스: 8	 전체 인덱스: 72
2023-03-21 20:10:16.895  INFO 7318 --- [    Test worker] s.chatprompt.task.service.TaskService    : task 처리181	현재 인덱스: 10	 전체 인덱스: 72
2023-03-21 20:10:16.896  INFO 7318 --- [    Test worker] s.chatprompt.task.service.TaskService    : task 처리181	현재 인덱스: 12	 전체 인덱스: 72
2023-03-21 20:10:16.898  INFO 7318 --- [    Test worker] s.chatprompt.task.service.TaskService    : task 처리181	현재 인덱스: 14	 전체 인덱스: 72
2023-03-21 20:10:16.901  INFO 7318 --- [    Test worker] s.chatprompt.task.service.TaskService    : task 처리292	현재 인덱스: 16	 전체 인덱스: 72
2023-03-21 20:10:16.902  INFO 7318 --- [    Test worker] s.chatprompt.task.service.TaskService    : task 처리292	현재 인덱스: 18	 전체 인덱스: 72
2023-03-21 20:10:16.904  INFO 7318 --- [    Test worker] s.chatprompt.task.service.TaskService    : task 처리292	현재 인덱스: 20	 전체 인덱스: 72
2023-03-21 20:10:16.906  INFO 7318 --- [    Test worker] s.chatprompt.task.service.TaskService    : task 처리388	현재 인덱스: 22	 전체 인덱스: 72
2023-03-21 20:10:16.907  INFO 7318 --- [    Test worker] s.chatprompt.task.service.TaskService    : task 처리388	현재 인덱스: 24	 전체 인덱스: 72
2023-03-21 20:10:16.909  INFO 7318 --- [    Test worker] s.chatprompt.task.service.TaskService    : task 처리388	현재 인덱스: 26	 전체 인덱스: 72
2023-03-21 20:10:16.911  INFO 7318 --- [    Test worker] s.chatprompt.task.service.TaskService    : task 처리388	현재 인덱스: 28	 전체 인덱스: 72
2023-03-21 20:10:16.912  INFO 7318 --- [    Test worker] s.chatprompt.task.service.TaskService    : task 처리388	현재 인덱스: 30	 전체 인덱스: 72
2023-03-21 20:10:16.914  INFO 7318 --- [    Test worker] s.chatprompt.task.service.TaskService    : task 처리456	현재 인덱스: 32	 전체 인덱스: 72
2023-03-21 20:10:16.916  INFO 7318 --- [    Test worker] s.chatprompt.task.service.TaskService    : task 처리456	현재 인덱스: 34	 전체 인덱스: 72
2023-03-21 20:10:16.917  INFO 7318 --- [    Test worker] s.chatprompt.task.service.TaskService    : task 처리456	현재 인덱스: 36	 전체 인덱스: 72
2023-03-21 20:10:16.920  INFO 7318 --- [    Test worker] s.chatprompt.task.service.TaskService    : task 처리578	현재 인덱스: 38	 전체 인덱스: 72
2023-03-21 20:10:16.921  INFO 7318 --- [    Test worker] s.chatprompt.task.service.TaskService    : task 처리578	현재 인덱스: 40	 전체 인덱스: 72
2023-03-21 20:10:16.924  INFO 7318 --- [    Test worker] s.chatprompt.task.service.TaskService    : task 처리578	현재 인덱스: 42	 전체 인덱스: 72
2023-03-21 20:10:16.926  INFO 7318 --- [    Test worker] s.chatprompt.task.service.TaskService    : task 처리621	현재 인덱스: 44	 전체 인덱스: 72
2023-03-21 20:10:16.928  INFO 7318 --- [    Test worker] s.chatprompt.task.service.TaskService    : task 처리621	현재 인덱스: 46	 전체 인덱스: 72
2023-03-21 20:10:16.930  INFO 7318 --- [    Test worker] s.chatprompt.task.service.TaskService    : task 처리621	현재 인덱스: 48	 전체 인덱스: 72
2023-03-21 20:10:16.932  INFO 7318 --- [    Test worker] s.chatprompt.task.service.TaskService    : task 처리646	현재 인덱스: 50	 전체 인덱스: 72
2023-03-21 20:10:16.934  INFO 7318 --- [    Test worker] s.chatprompt.task.service.TaskService    : task 처리646	현재 인덱스: 52	 전체 인덱스: 72
2023-03-21 20:10:16.937  INFO 7318 --- [    Test worker] s.chatprompt.task.service.TaskService    : task 처리647	현재 인덱스: 54	 전체 인덱스: 72
2023-03-21 20:10:16.938  INFO 7318 --- [    Test worker] s.chatprompt.task.service.TaskService    : task 처리647	현재 인덱스: 56	 전체 인덱스: 72
2023-03-21 20:10:16.940  INFO 7318 --- [    Test worker] s.chatprompt.task.service.TaskService    : task 처리676	현재 인덱스: 58	 전체 인덱스: 72
2023-03-21 20:10:16.942  INFO 7318 --- [    Test worker] s.chatprompt.task.service.TaskService    : task 처리676	현재 인덱스: 60	 전체 인덱스: 72
2023-03-21 20:10:16.944  INFO 7318 --- [    Test worker] s.chatprompt.task.service.TaskService    : task 처리676	현재 인덱스: 62	 전체 인덱스: 72
2023-03-21 20:10:16.946  INFO 7318 --- [    Test worker] s.chatprompt.task.service.TaskService    : task 처리678	현재 인덱스: 64	 전체 인덱스: 72
2023-03-21 20:10:16.947  INFO 7318 --- [    Test worker] s.chatprompt.task.service.TaskService    : task 처리678	현재 인덱스: 66	 전체 인덱스: 72
2023-03-21 20:10:16.949  INFO 7318 --- [    Test worker] s.chatprompt.task.service.TaskService    : task 처리678	현재 인덱스: 68	 전체 인덱스: 72
2023-03-21 20:10:16.951  INFO 7318 --- [    Test worker] s.chatprompt.task.service.TaskService    : task 처리683	현재 인덱스: 70	 전체 인덱스: 72
2023-03-21 20:10:16.951  INFO 7318 --- [    Test worker] s.chatprompt.task.service.TaskService    : task 처리 완료
2023-03-21 20:10:16.967  INFO 7318 --- [    Test worker] o.s.t.c.transaction.TransactionContext   : Rolled back transaction for test: [DefaultTestContext@2b39e77d testClass = TaskServiceTest, testInstance = sangmyung.chatprompt.task.service.TaskServiceTest@79fc6651, testMethod = canModifyInstruction@TaskServiceTest, testException = [null], mergedContextConfiguration = [WebMergedContextConfiguration@36afd06f testClass = TaskServiceTest, locations = '{}', classes = '{class sangmyung.chatprompt.ChatPromptApplication}', contextInitializerClasses = '[]', activeProfiles = '{test}', propertySourceLocations = '{}', propertySourceProperties = '{spring.profiles.active=test, org.springframework.boot.test.context.SpringBootTestContextBootstrapper=true}', contextCustomizers = set[org.springframework.boot.test.autoconfigure.actuate.metrics.MetricsExportContextCustomizerFactory$DisableMetricExportContextCustomizer@600b90df, org.springframework.boot.test.autoconfigure.properties.PropertyMappingContextCustomizer@0, org.springframework.boot.test.autoconfigure.web.servlet.WebDriverContextCustomizerFactory$Customizer@60df60da, org.springframework.boot.test.context.filter.ExcludeFilterContextCustomizer@632ceb35, org.springframework.boot.test.json.DuplicateJsonObjectContextCustomizerFactory$DuplicateJsonObjectContextCustomizer@130e116b, org.springframework.boot.test.mock.mockito.MockitoContextCustomizer@0, org.springframework.boot.test.web.client.TestRestTemplateContextCustomizer@9ebe38b, org.springframework.boot.test.context.SpringBootTestArgs@1, org.springframework.boot.test.context.SpringBootTestWebEnvironment@2d2ffcb7], resourceBasePath = 'src/main/webapp', contextLoader = 'org.springframework.boot.test.context.SpringBootContextLoader', parent = [null]], attributes = map['org.springframework.test.context.web.ServletTestExecutionListener.activateListener' -> true, 'org.springframework.test.context.web.ServletTestExecutionListener.populatedRequestContextHolder' -> true, 'org.springframework.test.context.web.ServletTestExecutionListener.resetRequestContextHolder' -> true, 'org.springframework.test.context.event.ApplicationEventsTestExecutionListener.recordApplicationEvents' -> false]]
2023-03-21 20:10:16.969  INFO 7318 --- [    Test worker] o.s.t.c.transaction.TransactionContext   : Began transaction (1) for test context [DefaultTestContext@2b39e77d testClass = TaskServiceTest, testInstance = sangmyung.chatprompt.task.service.TaskServiceTest@50dfceff, testMethod = canFindTaskByTaskNum@TaskServiceTest, testException = [null], mergedContextConfiguration = [WebMergedContextConfiguration@36afd06f testClass = TaskServiceTest, locations = '{}', classes = '{class sangmyung.chatprompt.ChatPromptApplication}', contextInitializerClasses = '[]', activeProfiles = '{test}', propertySourceLocations = '{}', propertySourceProperties = '{spring.profiles.active=test, org.springframework.boot.test.context.SpringBootTestContextBootstrapper=true}', contextCustomizers = set[org.springframework.boot.test.autoconfigure.actuate.metrics.MetricsExportContextCustomizerFactory$DisableMetricExportContextCustomizer@600b90df, org.springframework.boot.test.autoconfigure.properties.PropertyMappingContextCustomizer@0, org.springframework.boot.test.autoconfigure.web.servlet.WebDriverContextCustomizerFactory$Customizer@60df60da, org.springframework.boot.test.context.filter.ExcludeFilterContextCustomizer@632ceb35, org.springframework.boot.test.json.DuplicateJsonObjectContextCustomizerFactory$DuplicateJsonObjectContextCustomizer@130e116b, org.springframework.boot.test.mock.mockito.MockitoContextCustomizer@0, org.springframework.boot.test.web.client.TestRestTemplateContextCustomizer@9ebe38b, org.springframework.boot.test.context.SpringBootTestArgs@1, org.springframework.boot.test.context.SpringBootTestWebEnvironment@2d2ffcb7], resourceBasePath = 'src/main/webapp', contextLoader = 'org.springframework.boot.test.context.SpringBootContextLoader', parent = [null]], attributes = map['org.springframework.test.context.web.ServletTestExecutionListener.activateListener' -> true, 'org.springframework.test.context.web.ServletTestExecutionListener.populatedRequestContextHolder' -> true, 'org.springframework.test.context.web.ServletTestExecutionListener.resetRequestContextHolder' -> true, 'org.springframework.test.context.event.ApplicationEventsTestExecutionListener.recordApplicationEvents' -> false]]; transaction manager [org.springframework.orm.jpa.JpaTransactionManager@5b784f16]; rollback [true]
2023-03-21 20:10:16.979  INFO 7318 --- [    Test worker] s.chatprompt.task.service.TaskService    : task 처리179	현재 인덱스: 0	 전체 인덱스: 72
2023-03-21 20:10:16.980  INFO 7318 --- [    Test worker] s.chatprompt.task.service.TaskService    : task 처리179	현재 인덱스: 2	 전체 인덱스: 72
2023-03-21 20:10:16.983  INFO 7318 --- [    Test worker] s.chatprompt.task.service.TaskService    : task 처리180	현재 인덱스: 4	 전체 인덱스: 72
2023-03-21 20:10:16.986  INFO 7318 --- [    Test worker] s.chatprompt.task.service.TaskService    : task 처리180	현재 인덱스: 6	 전체 인덱스: 72
2023-03-21 20:10:16.988  INFO 7318 --- [    Test worker] s.chatprompt.task.service.TaskService    : task 처리180	현재 인덱스: 8	 전체 인덱스: 72
2023-03-21 20:10:16.990  INFO 7318 --- [    Test worker] s.chatprompt.task.service.TaskService    : task 처리181	현재 인덱스: 10	 전체 인덱스: 72
2023-03-21 20:10:16.991  INFO 7318 --- [    Test worker] s.chatprompt.task.service.TaskService    : task 처리181	현재 인덱스: 12	 전체 인덱스: 72
2023-03-21 20:10:16.992  INFO 7318 --- [    Test worker] s.chatprompt.task.service.TaskService    : task 처리181	현재 인덱스: 14	 전체 인덱스: 72
2023-03-21 20:10:16.994  INFO 7318 --- [    Test worker] s.chatprompt.task.service.TaskService    : task 처리292	현재 인덱스: 16	 전체 인덱스: 72
2023-03-21 20:10:16.996  INFO 7318 --- [    Test worker] s.chatprompt.task.service.TaskService    : task 처리292	현재 인덱스: 18	 전체 인덱스: 72
2023-03-21 20:10:16.998  INFO 7318 --- [    Test worker] s.chatprompt.task.service.TaskService    : task 처리292	현재 인덱스: 20	 전체 인덱스: 72
2023-03-21 20:10:17.000  INFO 7318 --- [    Test worker] s.chatprompt.task.service.TaskService    : task 처리388	현재 인덱스: 22	 전체 인덱스: 72
2023-03-21 20:10:17.002  INFO 7318 --- [    Test worker] s.chatprompt.task.service.TaskService    : task 처리388	현재 인덱스: 24	 전체 인덱스: 72
2023-03-21 20:10:17.003  INFO 7318 --- [    Test worker] s.chatprompt.task.service.TaskService    : task 처리388	현재 인덱스: 26	 전체 인덱스: 72
2023-03-21 20:10:17.005  INFO 7318 --- [    Test worker] s.chatprompt.task.service.TaskService    : task 처리388	현재 인덱스: 28	 전체 인덱스: 72
2023-03-21 20:10:17.007  INFO 7318 --- [    Test worker] s.chatprompt.task.service.TaskService    : task 처리388	현재 인덱스: 30	 전체 인덱스: 72
2023-03-21 20:10:17.010  INFO 7318 --- [    Test worker] s.chatprompt.task.service.TaskService    : task 처리456	현재 인덱스: 32	 전체 인덱스: 72
2023-03-21 20:10:17.012  INFO 7318 --- [    Test worker] s.chatprompt.task.service.TaskService    : task 처리456	현재 인덱스: 34	 전체 인덱스: 72
2023-03-21 20:10:17.014  INFO 7318 --- [    Test worker] s.chatprompt.task.service.TaskService    : task 처리456	현재 인덱스: 36	 전체 인덱스: 72
2023-03-21 20:10:17.016  INFO 7318 --- [    Test worker] s.chatprompt.task.service.TaskService    : task 처리578	현재 인덱스: 38	 전체 인덱스: 72
2023-03-21 20:10:17.018  INFO 7318 --- [    Test worker] s.chatprompt.task.service.TaskService    : task 처리578	현재 인덱스: 40	 전체 인덱스: 72
2023-03-21 20:10:17.021  INFO 7318 --- [    Test worker] s.chatprompt.task.service.TaskService    : task 처리578	현재 인덱스: 42	 전체 인덱스: 72
2023-03-21 20:10:17.023  INFO 7318 --- [    Test worker] s.chatprompt.task.service.TaskService    : task 처리621	현재 인덱스: 44	 전체 인덱스: 72
2023-03-21 20:10:17.025  INFO 7318 --- [    Test worker] s.chatprompt.task.service.TaskService    : task 처리621	현재 인덱스: 46	 전체 인덱스: 72
2023-03-21 20:10:17.026  INFO 7318 --- [    Test worker] s.chatprompt.task.service.TaskService    : task 처리621	현재 인덱스: 48	 전체 인덱스: 72
2023-03-21 20:10:17.028  INFO 7318 --- [    Test worker] s.chatprompt.task.service.TaskService    : task 처리646	현재 인덱스: 50	 전체 인덱스: 72
2023-03-21 20:10:17.030  INFO 7318 --- [    Test worker] s.chatprompt.task.service.TaskService    : task 처리646	현재 인덱스: 52	 전체 인덱스: 72
2023-03-21 20:10:17.032  INFO 7318 --- [    Test worker] s.chatprompt.task.service.TaskService    : task 처리647	현재 인덱스: 54	 전체 인덱스: 72
2023-03-21 20:10:17.033  INFO 7318 --- [    Test worker] s.chatprompt.task.service.TaskService    : task 처리647	현재 인덱스: 56	 전체 인덱스: 72
2023-03-21 20:10:17.035  INFO 7318 --- [    Test worker] s.chatprompt.task.service.TaskService    : task 처리676	현재 인덱스: 58	 전체 인덱스: 72
2023-03-21 20:10:17.037  INFO 7318 --- [    Test worker] s.chatprompt.task.service.TaskService    : task 처리676	현재 인덱스: 60	 전체 인덱스: 72
2023-03-21 20:10:17.038  INFO 7318 --- [    Test worker] s.chatprompt.task.service.TaskService    : task 처리676	현재 인덱스: 62	 전체 인덱스: 72
2023-03-21 20:10:17.040  INFO 7318 --- [    Test worker] s.chatprompt.task.service.TaskService    : task 처리678	현재 인덱스: 64	 전체 인덱스: 72
2023-03-21 20:10:17.041  INFO 7318 --- [    Test worker] s.chatprompt.task.service.TaskService    : task 처리678	현재 인덱스: 66	 전체 인덱스: 72
2023-03-21 20:10:17.043  INFO 7318 --- [    Test worker] s.chatprompt.task.service.TaskService    : task 처리678	현재 인덱스: 68	 전체 인덱스: 72
2023-03-21 20:10:17.045  INFO 7318 --- [    Test worker] s.chatprompt.task.service.TaskService    : task 처리683	현재 인덱스: 70	 전체 인덱스: 72
2023-03-21 20:10:17.045  INFO 7318 --- [    Test worker] s.chatprompt.task.service.TaskService    : task 처리 완료
2023-03-21 20:10:17.050  INFO 7318 --- [    Test worker] o.s.t.c.transaction.TransactionContext   : Rolled back transaction for test: [DefaultTestContext@2b39e77d testClass = TaskServiceTest, testInstance = sangmyung.chatprompt.task.service.TaskServiceTest@50dfceff, testMethod = canFindTaskByTaskNum@TaskServiceTest, testException = [null], mergedContextConfiguration = [WebMergedContextConfiguration@36afd06f testClass = TaskServiceTest, locations = '{}', classes = '{class sangmyung.chatprompt.ChatPromptApplication}', contextInitializerClasses = '[]', activeProfiles = '{test}', propertySourceLocations = '{}', propertySourceProperties = '{spring.profiles.active=test, org.springframework.boot.test.context.SpringBootTestContextBootstrapper=true}', contextCustomizers = set[org.springframework.boot.test.autoconfigure.actuate.metrics.MetricsExportContextCustomizerFactory$DisableMetricExportContextCustomizer@600b90df, org.springframework.boot.test.autoconfigure.properties.PropertyMappingContextCustomizer@0, org.springframework.boot.test.autoconfigure.web.servlet.WebDriverContextCustomizerFactory$Customizer@60df60da, org.springframework.boot.test.context.filter.ExcludeFilterContextCustomizer@632ceb35, org.springframework.boot.test.json.DuplicateJsonObjectContextCustomizerFactory$DuplicateJsonObjectContextCustomizer@130e116b, org.springframework.boot.test.mock.mockito.MockitoContextCustomizer@0, org.springframework.boot.test.web.client.TestRestTemplateContextCustomizer@9ebe38b, org.springframework.boot.test.context.SpringBootTestArgs@1, org.springframework.boot.test.context.SpringBootTestWebEnvironment@2d2ffcb7], resourceBasePath = 'src/main/webapp', contextLoader = 'org.springframework.boot.test.context.SpringBootContextLoader', parent = [null]], attributes = map['org.springframework.test.context.web.ServletTestExecutionListener.activateListener' -> true, 'org.springframework.test.context.web.ServletTestExecutionListener.populatedRequestContextHolder' -> true, 'org.springframework.test.context.web.ServletTestExecutionListener.resetRequestContextHolder' -> true, 'org.springframework.test.context.event.ApplicationEventsTestExecutionListener.recordApplicationEvents' -> false]]
2023-03-21 20:10:17.052  INFO 7318 --- [    Test worker] o.s.t.c.transaction.TransactionContext   : Began transaction (1) for test context [DefaultTestContext@2b39e77d testClass = TaskServiceTest, testInstance = sangmyung.chatprompt.task.service.TaskServiceTest@2db15764, testMethod = canConverTaskToTaskResponse@TaskServiceTest, testException = [null], mergedContextConfiguration = [WebMergedContextConfiguration@36afd06f testClass = TaskServiceTest, locations = '{}', classes = '{class sangmyung.chatprompt.ChatPromptApplication}', contextInitializerClasses = '[]', activeProfiles = '{test}', propertySourceLocations = '{}', propertySourceProperties = '{spring.profiles.active=test, org.springframework.boot.test.context.SpringBootTestContextBootstrapper=true}', contextCustomizers = set[org.springframework.boot.test.autoconfigure.actuate.metrics.MetricsExportContextCustomizerFactory$DisableMetricExportContextCustomizer@600b90df, org.springframework.boot.test.autoconfigure.properties.PropertyMappingContextCustomizer@0, org.springframework.boot.test.autoconfigure.web.servlet.WebDriverContextCustomizerFactory$Customizer@60df60da, org.springframework.boot.test.context.filter.ExcludeFilterContextCustomizer@632ceb35, org.springframework.boot.test.json.DuplicateJsonObjectContextCustomizerFactory$DuplicateJsonObjectContextCustomizer@130e116b, org.springframework.boot.test.mock.mockito.MockitoContextCustomizer@0, org.springframework.boot.test.web.client.TestRestTemplateContextCustomizer@9ebe38b, org.springframework.boot.test.context.SpringBootTestArgs@1, org.springframework.boot.test.context.SpringBootTestWebEnvironment@2d2ffcb7], resourceBasePath = 'src/main/webapp', contextLoader = 'org.springframework.boot.test.context.SpringBootContextLoader', parent = [null]], attributes = map['org.springframework.test.context.web.ServletTestExecutionListener.activateListener' -> true, 'org.springframework.test.context.web.ServletTestExecutionListener.populatedRequestContextHolder' -> true, 'org.springframework.test.context.web.ServletTestExecutionListener.resetRequestContextHolder' -> true, 'org.springframework.test.context.event.ApplicationEventsTestExecutionListener.recordApplicationEvents' -> false]]; transaction manager [org.springframework.orm.jpa.JpaTransactionManager@5b784f16]; rollback [true]
2023-03-21 20:10:17.062  INFO 7318 --- [    Test worker] s.chatprompt.task.service.TaskService    : task 처리179	현재 인덱스: 0	 전체 인덱스: 72
2023-03-21 20:10:17.064  INFO 7318 --- [    Test worker] s.chatprompt.task.service.TaskService    : task 처리179	현재 인덱스: 2	 전체 인덱스: 72
2023-03-21 20:10:17.066  INFO 7318 --- [    Test worker] s.chatprompt.task.service.TaskService    : task 처리180	현재 인덱스: 4	 전체 인덱스: 72
2023-03-21 20:10:17.067  INFO 7318 --- [    Test worker] s.chatprompt.task.service.TaskService    : task 처리180	현재 인덱스: 6	 전체 인덱스: 72
2023-03-21 20:10:17.069  INFO 7318 --- [    Test worker] s.chatprompt.task.service.TaskService    : task 처리180	현재 인덱스: 8	 전체 인덱스: 72
2023-03-21 20:10:17.071  INFO 7318 --- [    Test worker] s.chatprompt.task.service.TaskService    : task 처리181	현재 인덱스: 10	 전체 인덱스: 72
2023-03-21 20:10:17.072  INFO 7318 --- [    Test worker] s.chatprompt.task.service.TaskService    : task 처리181	현재 인덱스: 12	 전체 인덱스: 72
2023-03-21 20:10:17.073  INFO 7318 --- [    Test worker] s.chatprompt.task.service.TaskService    : task 처리181	현재 인덱스: 14	 전체 인덱스: 72
2023-03-21 20:10:17.075  INFO 7318 --- [    Test worker] s.chatprompt.task.service.TaskService    : task 처리292	현재 인덱스: 16	 전체 인덱스: 72
2023-03-21 20:10:17.079  INFO 7318 --- [    Test worker] s.chatprompt.task.service.TaskService    : task 처리292	현재 인덱스: 18	 전체 인덱스: 72
2023-03-21 20:10:17.080  INFO 7318 --- [    Test worker] s.chatprompt.task.service.TaskService    : task 처리292	현재 인덱스: 20	 전체 인덱스: 72
2023-03-21 20:10:17.082  INFO 7318 --- [    Test worker] s.chatprompt.task.service.TaskService    : task 처리388	현재 인덱스: 22	 전체 인덱스: 72
2023-03-21 20:10:17.084  INFO 7318 --- [    Test worker] s.chatprompt.task.service.TaskService    : task 처리388	현재 인덱스: 24	 전체 인덱스: 72
2023-03-21 20:10:17.085  INFO 7318 --- [    Test worker] s.chatprompt.task.service.TaskService    : task 처리388	현재 인덱스: 26	 전체 인덱스: 72
2023-03-21 20:10:17.087  INFO 7318 --- [    Test worker] s.chatprompt.task.service.TaskService    : task 처리388	현재 인덱스: 28	 전체 인덱스: 72
2023-03-21 20:10:17.088  INFO 7318 --- [    Test worker] s.chatprompt.task.service.TaskService    : task 처리388	현재 인덱스: 30	 전체 인덱스: 72
2023-03-21 20:10:17.090  INFO 7318 --- [    Test worker] s.chatprompt.task.service.TaskService    : task 처리456	현재 인덱스: 32	 전체 인덱스: 72
2023-03-21 20:10:17.091  INFO 7318 --- [    Test worker] s.chatprompt.task.service.TaskService    : task 처리456	현재 인덱스: 34	 전체 인덱스: 72
2023-03-21 20:10:17.093  INFO 7318 --- [    Test worker] s.chatprompt.task.service.TaskService    : task 처리456	현재 인덱스: 36	 전체 인덱스: 72
2023-03-21 20:10:17.096  INFO 7318 --- [    Test worker] s.chatprompt.task.service.TaskService    : task 처리578	현재 인덱스: 38	 전체 인덱스: 72
2023-03-21 20:10:17.097  INFO 7318 --- [    Test worker] s.chatprompt.task.service.TaskService    : task 처리578	현재 인덱스: 40	 전체 인덱스: 72
2023-03-21 20:10:17.099  INFO 7318 --- [    Test worker] s.chatprompt.task.service.TaskService    : task 처리578	현재 인덱스: 42	 전체 인덱스: 72
2023-03-21 20:10:17.101  INFO 7318 --- [    Test worker] s.chatprompt.task.service.TaskService    : task 처리621	현재 인덱스: 44	 전체 인덱스: 72
2023-03-21 20:10:17.102  INFO 7318 --- [    Test worker] s.chatprompt.task.service.TaskService    : task 처리621	현재 인덱스: 46	 전체 인덱스: 72
2023-03-21 20:10:17.104  INFO 7318 --- [    Test worker] s.chatprompt.task.service.TaskService    : task 처리621	현재 인덱스: 48	 전체 인덱스: 72
2023-03-21 20:10:17.106  INFO 7318 --- [    Test worker] s.chatprompt.task.service.TaskService    : task 처리646	현재 인덱스: 50	 전체 인덱스: 72
2023-03-21 20:10:17.108  INFO 7318 --- [    Test worker] s.chatprompt.task.service.TaskService    : task 처리646	현재 인덱스: 52	 전체 인덱스: 72
2023-03-21 20:10:17.109  INFO 7318 --- [    Test worker] s.chatprompt.task.service.TaskService    : task 처리647	현재 인덱스: 54	 전체 인덱스: 72
2023-03-21 20:10:17.111  INFO 7318 --- [    Test worker] s.chatprompt.task.service.TaskService    : task 처리647	현재 인덱스: 56	 전체 인덱스: 72
2023-03-21 20:10:17.113  INFO 7318 --- [    Test worker] s.chatprompt.task.service.TaskService    : task 처리676	현재 인덱스: 58	 전체 인덱스: 72
2023-03-21 20:10:17.114  INFO 7318 --- [    Test worker] s.chatprompt.task.service.TaskService    : task 처리676	현재 인덱스: 60	 전체 인덱스: 72
2023-03-21 20:10:17.115  INFO 7318 --- [    Test worker] s.chatprompt.task.service.TaskService    : task 처리676	현재 인덱스: 62	 전체 인덱스: 72
2023-03-21 20:10:17.117  INFO 7318 --- [    Test worker] s.chatprompt.task.service.TaskService    : task 처리678	현재 인덱스: 64	 전체 인덱스: 72
2023-03-21 20:10:17.119  INFO 7318 --- [    Test worker] s.chatprompt.task.service.TaskService    : task 처리678	현재 인덱스: 66	 전체 인덱스: 72
2023-03-21 20:10:17.120  INFO 7318 --- [    Test worker] s.chatprompt.task.service.TaskService    : task 처리678	현재 인덱스: 68	 전체 인덱스: 72
2023-03-21 20:10:17.122  INFO 7318 --- [    Test worker] s.chatprompt.task.service.TaskService    : task 처리683	현재 인덱스: 70	 전체 인덱스: 72
2023-03-21 20:10:17.122  INFO 7318 --- [    Test worker] s.chatprompt.task.service.TaskService    : task 처리 완료
2023-03-21 20:10:17.129  INFO 7318 --- [    Test worker] o.s.t.c.transaction.TransactionContext   : Rolled back transaction for test: [DefaultTestContext@2b39e77d testClass = TaskServiceTest, testInstance = sangmyung.chatprompt.task.service.TaskServiceTest@2db15764, testMethod = canConverTaskToTaskResponse@TaskServiceTest, testException = [null], mergedContextConfiguration = [WebMergedContextConfiguration@36afd06f testClass = TaskServiceTest, locations = '{}', classes = '{class sangmyung.chatprompt.ChatPromptApplication}', contextInitializerClasses = '[]', activeProfiles = '{test}', propertySourceLocations = '{}', propertySourceProperties = '{spring.profiles.active=test, org.springframework.boot.test.context.SpringBootTestContextBootstrapper=true}', contextCustomizers = set[org.springframework.boot.test.autoconfigure.actuate.metrics.MetricsExportContextCustomizerFactory$DisableMetricExportContextCustomizer@600b90df, org.springframework.boot.test.autoconfigure.properties.PropertyMappingContextCustomizer@0, org.springframework.boot.test.autoconfigure.web.servlet.WebDriverContextCustomizerFactory$Customizer@60df60da, org.springframework.boot.test.context.filter.ExcludeFilterContextCustomizer@632ceb35, org.springframework.boot.test.json.DuplicateJsonObjectContextCustomizerFactory$DuplicateJsonObjectContextCustomizer@130e116b, org.springframework.boot.test.mock.mockito.MockitoContextCustomizer@0, org.springframework.boot.test.web.client.TestRestTemplateContextCustomizer@9ebe38b, org.springframework.boot.test.context.SpringBootTestArgs@1, org.springframework.boot.test.context.SpringBootTestWebEnvironment@2d2ffcb7], resourceBasePath = 'src/main/webapp', contextLoader = 'org.springframework.boot.test.context.SpringBootContextLoader', parent = [null]], attributes = map['org.springframework.test.context.web.ServletTestExecutionListener.activateListener' -> true, 'org.springframework.test.context.web.ServletTestExecutionListener.populatedRequestContextHolder' -> true, 'org.springframework.test.context.web.ServletTestExecutionListener.resetRequestContextHolder' -> true, 'org.springframework.test.context.event.ApplicationEventsTestExecutionListener.recordApplicationEvents' -> false]]
2023-03-21 20:10:17.130  INFO 7318 --- [    Test worker] o.s.t.c.transaction.TransactionContext   : Began transaction (1) for test context [DefaultTestContext@2b39e77d testClass = TaskServiceTest, testInstance = sangmyung.chatprompt.task.service.TaskServiceTest@731819a0, testMethod = canConvertIOPairToIOResponse@TaskServiceTest, testException = [null], mergedContextConfiguration = [WebMergedContextConfiguration@36afd06f testClass = TaskServiceTest, locations = '{}', classes = '{class sangmyung.chatprompt.ChatPromptApplication}', contextInitializerClasses = '[]', activeProfiles = '{test}', propertySourceLocations = '{}', propertySourceProperties = '{spring.profiles.active=test, org.springframework.boot.test.context.SpringBootTestContextBootstrapper=true}', contextCustomizers = set[org.springframework.boot.test.autoconfigure.actuate.metrics.MetricsExportContextCustomizerFactory$DisableMetricExportContextCustomizer@600b90df, org.springframework.boot.test.autoconfigure.properties.PropertyMappingContextCustomizer@0, org.springframework.boot.test.autoconfigure.web.servlet.WebDriverContextCustomizerFactory$Customizer@60df60da, org.springframework.boot.test.context.filter.ExcludeFilterContextCustomizer@632ceb35, org.springframework.boot.test.json.DuplicateJsonObjectContextCustomizerFactory$DuplicateJsonObjectContextCustomizer@130e116b, org.springframework.boot.test.mock.mockito.MockitoContextCustomizer@0, org.springframework.boot.test.web.client.TestRestTemplateContextCustomizer@9ebe38b, org.springframework.boot.test.context.SpringBootTestArgs@1, org.springframework.boot.test.context.SpringBootTestWebEnvironment@2d2ffcb7], resourceBasePath = 'src/main/webapp', contextLoader = 'org.springframework.boot.test.context.SpringBootContextLoader', parent = [null]], attributes = map['org.springframework.test.context.web.ServletTestExecutionListener.activateListener' -> true, 'org.springframework.test.context.web.ServletTestExecutionListener.populatedRequestContextHolder' -> true, 'org.springframework.test.context.web.ServletTestExecutionListener.resetRequestContextHolder' -> true, 'org.springframework.test.context.event.ApplicationEventsTestExecutionListener.recordApplicationEvents' -> false]]; transaction manager [org.springframework.orm.jpa.JpaTransactionManager@5b784f16]; rollback [true]
2023-03-21 20:10:17.138  INFO 7318 --- [    Test worker] s.chatprompt.task.service.TaskService    : task 처리179	현재 인덱스: 0	 전체 인덱스: 72
2023-03-21 20:10:17.139  INFO 7318 --- [    Test worker] s.chatprompt.task.service.TaskService    : task 처리179	현재 인덱스: 2	 전체 인덱스: 72
2023-03-21 20:10:17.141  INFO 7318 --- [    Test worker] s.chatprompt.task.service.TaskService    : task 처리180	현재 인덱스: 4	 전체 인덱스: 72
2023-03-21 20:10:17.142  INFO 7318 --- [    Test worker] s.chatprompt.task.service.TaskService    : task 처리180	현재 인덱스: 6	 전체 인덱스: 72
2023-03-21 20:10:17.143  INFO 7318 --- [    Test worker] s.chatprompt.task.service.TaskService    : task 처리180	현재 인덱스: 8	 전체 인덱스: 72
2023-03-21 20:10:17.144  INFO 7318 --- [    Test worker] s.chatprompt.task.service.TaskService    : task 처리181	현재 인덱스: 10	 전체 인덱스: 72
2023-03-21 20:10:17.145  INFO 7318 --- [    Test worker] s.chatprompt.task.service.TaskService    : task 처리181	현재 인덱스: 12	 전체 인덱스: 72
2023-03-21 20:10:17.146  INFO 7318 --- [    Test worker] s.chatprompt.task.service.TaskService    : task 처리181	현재 인덱스: 14	 전체 인덱스: 72
2023-03-21 20:10:17.148  INFO 7318 --- [    Test worker] s.chatprompt.task.service.TaskService    : task 처리292	현재 인덱스: 16	 전체 인덱스: 72
2023-03-21 20:10:17.149  INFO 7318 --- [    Test worker] s.chatprompt.task.service.TaskService    : task 처리292	현재 인덱스: 18	 전체 인덱스: 72
2023-03-21 20:10:17.150  INFO 7318 --- [    Test worker] s.chatprompt.task.service.TaskService    : task 처리292	현재 인덱스: 20	 전체 인덱스: 72
2023-03-21 20:10:17.151  INFO 7318 --- [    Test worker] s.chatprompt.task.service.TaskService    : task 처리388	현재 인덱스: 22	 전체 인덱스: 72
2023-03-21 20:10:17.152  INFO 7318 --- [    Test worker] s.chatprompt.task.service.TaskService    : task 처리388	현재 인덱스: 24	 전체 인덱스: 72
2023-03-21 20:10:17.153  INFO 7318 --- [    Test worker] s.chatprompt.task.service.TaskService    : task 처리388	현재 인덱스: 26	 전체 인덱스: 72
2023-03-21 20:10:17.154  INFO 7318 --- [    Test worker] s.chatprompt.task.service.TaskService    : task 처리388	현재 인덱스: 28	 전체 인덱스: 72
2023-03-21 20:10:17.155  INFO 7318 --- [    Test worker] s.chatprompt.task.service.TaskService    : task 처리388	현재 인덱스: 30	 전체 인덱스: 72
2023-03-21 20:10:17.157  INFO 7318 --- [    Test worker] s.chatprompt.task.service.TaskService    : task 처리456	현재 인덱스: 32	 전체 인덱스: 72
2023-03-21 20:10:17.158  INFO 7318 --- [    Test worker] s.chatprompt.task.service.TaskService    : task 처리456	현재 인덱스: 34	 전체 인덱스: 72
2023-03-21 20:10:17.159  INFO 7318 --- [    Test worker] s.chatprompt.task.service.TaskService    : task 처리456	현재 인덱스: 36	 전체 인덱스: 72
2023-03-21 20:10:17.160  INFO 7318 --- [    Test worker] s.chatprompt.task.service.TaskService    : task 처리578	현재 인덱스: 38	 전체 인덱스: 72
2023-03-21 20:10:17.162  INFO 7318 --- [    Test worker] s.chatprompt.task.service.TaskService    : task 처리578	현재 인덱스: 40	 전체 인덱스: 72
2023-03-21 20:10:17.163  INFO 7318 --- [    Test worker] s.chatprompt.task.service.TaskService    : task 처리578	현재 인덱스: 42	 전체 인덱스: 72
2023-03-21 20:10:17.165  INFO 7318 --- [    Test worker] s.chatprompt.task.service.TaskService    : task 처리621	현재 인덱스: 44	 전체 인덱스: 72
2023-03-21 20:10:17.166  INFO 7318 --- [    Test worker] s.chatprompt.task.service.TaskService    : task 처리621	현재 인덱스: 46	 전체 인덱스: 72
2023-03-21 20:10:17.167  INFO 7318 --- [    Test worker] s.chatprompt.task.service.TaskService    : task 처리621	현재 인덱스: 48	 전체 인덱스: 72
2023-03-21 20:10:17.169  INFO 7318 --- [    Test worker] s.chatprompt.task.service.TaskService    : task 처리646	현재 인덱스: 50	 전체 인덱스: 72
2023-03-21 20:10:17.170  INFO 7318 --- [    Test worker] s.chatprompt.task.service.TaskService    : task 처리646	현재 인덱스: 52	 전체 인덱스: 72
2023-03-21 20:10:17.172  INFO 7318 --- [    Test worker] s.chatprompt.task.service.TaskService    : task 처리647	현재 인덱스: 54	 전체 인덱스: 72
2023-03-21 20:10:17.173  INFO 7318 --- [    Test worker] s.chatprompt.task.service.TaskService    : task 처리647	현재 인덱스: 56	 전체 인덱스: 72
2023-03-21 20:10:17.176  INFO 7318 --- [    Test worker] s.chatprompt.task.service.TaskService    : task 처리676	현재 인덱스: 58	 전체 인덱스: 72
2023-03-21 20:10:17.177  INFO 7318 --- [    Test worker] s.chatprompt.task.service.TaskService    : task 처리676	현재 인덱스: 60	 전체 인덱스: 72
2023-03-21 20:10:17.178  INFO 7318 --- [    Test worker] s.chatprompt.task.service.TaskService    : task 처리676	현재 인덱스: 62	 전체 인덱스: 72
2023-03-21 20:10:17.180  INFO 7318 --- [    Test worker] s.chatprompt.task.service.TaskService    : task 처리678	현재 인덱스: 64	 전체 인덱스: 72
2023-03-21 20:10:17.181  INFO 7318 --- [    Test worker] s.chatprompt.task.service.TaskService    : task 처리678	현재 인덱스: 66	 전체 인덱스: 72
2023-03-21 20:10:17.182  INFO 7318 --- [    Test worker] s.chatprompt.task.service.TaskService    : task 처리678	현재 인덱스: 68	 전체 인덱스: 72
2023-03-21 20:10:17.185  INFO 7318 --- [    Test worker] s.chatprompt.task.service.TaskService    : task 처리683	현재 인덱스: 70	 전체 인덱스: 72
2023-03-21 20:10:17.185  INFO 7318 --- [    Test worker] s.chatprompt.task.service.TaskService    : task 처리 완료
2023-03-21 20:10:17.202  INFO 7318 --- [    Test worker] s.c.task.service.TaskServiceTest         : 0
2023-03-21 20:10:17.206  INFO 7318 --- [    Test worker] o.s.t.c.transaction.TransactionContext   : Rolled back transaction for test: [DefaultTestContext@2b39e77d testClass = TaskServiceTest, testInstance = sangmyung.chatprompt.task.service.TaskServiceTest@731819a0, testMethod = canConvertIOPairToIOResponse@TaskServiceTest, testException = [null], mergedContextConfiguration = [WebMergedContextConfiguration@36afd06f testClass = TaskServiceTest, locations = '{}', classes = '{class sangmyung.chatprompt.ChatPromptApplication}', contextInitializerClasses = '[]', activeProfiles = '{test}', propertySourceLocations = '{}', propertySourceProperties = '{spring.profiles.active=test, org.springframework.boot.test.context.SpringBootTestContextBootstrapper=true}', contextCustomizers = set[org.springframework.boot.test.autoconfigure.actuate.metrics.MetricsExportContextCustomizerFactory$DisableMetricExportContextCustomizer@600b90df, org.springframework.boot.test.autoconfigure.properties.PropertyMappingContextCustomizer@0, org.springframework.boot.test.autoconfigure.web.servlet.WebDriverContextCustomizerFactory$Customizer@60df60da, org.springframework.boot.test.context.filter.ExcludeFilterContextCustomizer@632ceb35, org.springframework.boot.test.json.DuplicateJsonObjectContextCustomizerFactory$DuplicateJsonObjectContextCustomizer@130e116b, org.springframework.boot.test.mock.mockito.MockitoContextCustomizer@0, org.springframework.boot.test.web.client.TestRestTemplateContextCustomizer@9ebe38b, org.springframework.boot.test.context.SpringBootTestArgs@1, org.springframework.boot.test.context.SpringBootTestWebEnvironment@2d2ffcb7], resourceBasePath = 'src/main/webapp', contextLoader = 'org.springframework.boot.test.context.SpringBootContextLoader', parent = [null]], attributes = map['org.springframework.test.context.web.ServletTestExecutionListener.activateListener' -> true, 'org.springframework.test.context.web.ServletTestExecutionListener.populatedRequestContextHolder' -> true, 'org.springframework.test.context.web.ServletTestExecutionListener.resetRequestContextHolder' -> true, 'org.springframework.test.context.event.ApplicationEventsTestExecutionListener.recordApplicationEvents' -> false]]
]]></system-out>
  <system-err><![CDATA[]]></system-err>
</testsuite>
