<?xml version="1.0" encoding="UTF-8"?>
<testsuite name="sangmyung.chatprompt.Util.XmlParserTest" tests="1" skipped="0" failures="0" errors="0" timestamp="2023-03-22T04:03:55" hostname="HEY-2.local" time="0.021">
  <properties/>
  <testcase name="unmarshal 테스트" classname="sangmyung.chatprompt.Util.XmlParserTest" time="0.021"/>
  <system-out><![CDATA[2023-03-22 13:03:55.328  INFO 16476 --- [    Test worker] .b.t.c.SpringBootTestContextBootstrapper : Neither @ContextConfiguration nor @ContextHierarchy found for test class [sangmyung.chatprompt.Util.XmlParserTest], using SpringBootContextLoader
2023-03-22 13:03:55.328  INFO 16476 --- [    Test worker] o.s.t.c.support.AbstractContextLoader    : Could not detect default resource locations for test class [sangmyung.chatprompt.Util.XmlParserTest]: no resource found for suffixes {-context.xml, Context.groovy}.
2023-03-22 13:03:55.328  INFO 16476 --- [    Test worker] t.c.s.AnnotationConfigContextLoaderUtils : Could not detect default configuration classes for test class [sangmyung.chatprompt.Util.XmlParserTest]: XmlParserTest does not declare any static, non-private, non-final, nested classes annotated with @Configuration.
2023-03-22 13:03:55.331  INFO 16476 --- [    Test worker] .b.t.c.SpringBootTestContextBootstrapper : Found @SpringBootConfiguration sangmyung.chatprompt.ChatPromptApplication for test class sangmyung.chatprompt.Util.XmlParserTest
2023-03-22 13:03:55.331  INFO 16476 --- [    Test worker] .b.t.c.SpringBootTestContextBootstrapper : Loaded default TestExecutionListener class names from location [META-INF/spring.factories]: [org.springframework.boot.test.autoconfigure.restdocs.RestDocsTestExecutionListener, org.springframework.boot.test.autoconfigure.web.client.MockRestServiceServerResetTestExecutionListener, org.springframework.boot.test.autoconfigure.web.servlet.MockMvcPrintOnlyOnFailureTestExecutionListener, org.springframework.boot.test.autoconfigure.web.servlet.WebDriverTestExecutionListener, org.springframework.boot.test.autoconfigure.webservices.client.MockWebServiceServerTestExecutionListener, org.springframework.boot.test.mock.mockito.MockitoTestExecutionListener, org.springframework.boot.test.mock.mockito.ResetMocksTestExecutionListener, org.springframework.test.context.web.ServletTestExecutionListener, org.springframework.test.context.support.DirtiesContextBeforeModesTestExecutionListener, org.springframework.test.context.event.ApplicationEventsTestExecutionListener, org.springframework.test.context.support.DependencyInjectionTestExecutionListener, org.springframework.test.context.support.DirtiesContextTestExecutionListener, org.springframework.test.context.transaction.TransactionalTestExecutionListener, org.springframework.test.context.jdbc.SqlScriptsTestExecutionListener, org.springframework.test.context.event.EventPublishingTestExecutionListener]
2023-03-22 13:03:55.332  INFO 16476 --- [    Test worker] .b.t.c.SpringBootTestContextBootstrapper : Using TestExecutionListeners: [org.springframework.test.context.web.ServletTestExecutionListener@747fb4b1, org.springframework.test.context.support.DirtiesContextBeforeModesTestExecutionListener@6924ff83, org.springframework.test.context.event.ApplicationEventsTestExecutionListener@e19908e, org.springframework.boot.test.mock.mockito.MockitoTestExecutionListener@5312940c, org.springframework.boot.test.autoconfigure.SpringBootDependencyInjectionTestExecutionListener@5ac168e3, org.springframework.test.context.support.DirtiesContextTestExecutionListener@14574cdf, org.springframework.test.context.transaction.TransactionalTestExecutionListener@5608233b, org.springframework.test.context.jdbc.SqlScriptsTestExecutionListener@11fd6f02, org.springframework.test.context.event.EventPublishingTestExecutionListener@40aa9bae, org.springframework.boot.test.autoconfigure.restdocs.RestDocsTestExecutionListener@6eb506d0, org.springframework.boot.test.autoconfigure.web.client.MockRestServiceServerResetTestExecutionListener@79b3f1c6, org.springframework.boot.test.autoconfigure.web.servlet.MockMvcPrintOnlyOnFailureTestExecutionListener@3cc148d, org.springframework.boot.test.autoconfigure.web.servlet.WebDriverTestExecutionListener@172f88b1, org.springframework.boot.test.autoconfigure.webservices.client.MockWebServiceServerTestExecutionListener@51ea9f02, org.springframework.boot.test.mock.mockito.ResetMocksTestExecutionListener@37b17938]
]]></system-out>
  <system-err><![CDATA[]]></system-err>
</testsuite>
