<?xml version="1.0" encoding="UTF-8"?>
<testsuite name="sangmyung.chatprompt.ChatPromptApplicationTests" tests="1" skipped="0" failures="0" errors="0" timestamp="2023-03-22T04:03:55" hostname="HEY-2.local" time="0.003">
  <properties/>
  <testcase name="contextLoads()" classname="sangmyung.chatprompt.ChatPromptApplicationTests" time="0.003"/>
  <system-out><![CDATA[2023-03-22 13:03:54.309  INFO 16476 --- [    Test worker] .b.t.c.SpringBootTestContextBootstrapper : Neither @ContextConfiguration nor @ContextHierarchy found for test class [sangmyung.chatprompt.ChatPromptApplicationTests], using SpringBootContextLoader
2023-03-22 13:03:54.310  INFO 16476 --- [    Test worker] o.s.t.c.support.AbstractContextLoader    : Could not detect default resource locations for test class [sangmyung.chatprompt.ChatPromptApplicationTests]: no resource found for suffixes {-context.xml, Context.groovy}.
2023-03-22 13:03:54.310  INFO 16476 --- [    Test worker] t.c.s.AnnotationConfigContextLoaderUtils : Could not detect default configuration classes for test class [sangmyung.chatprompt.ChatPromptApplicationTests]: ChatPromptApplicationTests does not declare any static, non-private, non-final, nested classes annotated with @Configuration.
2023-03-22 13:03:54.312  INFO 16476 --- [    Test worker] .b.t.c.SpringBootTestContextBootstrapper : Found @SpringBootConfiguration sangmyung.chatprompt.ChatPromptApplication for test class sangmyung.chatprompt.ChatPromptApplicationTests
2023-03-22 13:03:54.313  INFO 16476 --- [    Test worker] .b.t.c.SpringBootTestContextBootstrapper : Loaded default TestExecutionListener class names from location [META-INF/spring.factories]: [org.springframework.boot.test.autoconfigure.restdocs.RestDocsTestExecutionListener, org.springframework.boot.test.autoconfigure.web.client.MockRestServiceServerResetTestExecutionListener, org.springframework.boot.test.autoconfigure.web.servlet.MockMvcPrintOnlyOnFailureTestExecutionListener, org.springframework.boot.test.autoconfigure.web.servlet.WebDriverTestExecutionListener, org.springframework.boot.test.autoconfigure.webservices.client.MockWebServiceServerTestExecutionListener, org.springframework.boot.test.mock.mockito.MockitoTestExecutionListener, org.springframework.boot.test.mock.mockito.ResetMocksTestExecutionListener, org.springframework.test.context.web.ServletTestExecutionListener, org.springframework.test.context.support.DirtiesContextBeforeModesTestExecutionListener, org.springframework.test.context.event.ApplicationEventsTestExecutionListener, org.springframework.test.context.support.DependencyInjectionTestExecutionListener, org.springframework.test.context.support.DirtiesContextTestExecutionListener, org.springframework.test.context.transaction.TransactionalTestExecutionListener, org.springframework.test.context.jdbc.SqlScriptsTestExecutionListener, org.springframework.test.context.event.EventPublishingTestExecutionListener]
2023-03-22 13:03:54.313  INFO 16476 --- [    Test worker] .b.t.c.SpringBootTestContextBootstrapper : Using TestExecutionListeners: [org.springframework.test.context.web.ServletTestExecutionListener@2b3cbc2c, org.springframework.test.context.support.DirtiesContextBeforeModesTestExecutionListener@4eb34397, org.springframework.test.context.event.ApplicationEventsTestExecutionListener@3554de46, org.springframework.boot.test.mock.mockito.MockitoTestExecutionListener@70dbd79f, org.springframework.boot.test.autoconfigure.SpringBootDependencyInjectionTestExecutionListener@3ec8c874, org.springframework.test.context.support.DirtiesContextTestExecutionListener@6a339bc1, org.springframework.test.context.transaction.TransactionalTestExecutionListener@7906de2f, org.springframework.test.context.jdbc.SqlScriptsTestExecutionListener@574f89bf, org.springframework.test.context.event.EventPublishingTestExecutionListener@2fbc704a, org.springframework.boot.test.autoconfigure.restdocs.RestDocsTestExecutionListener@59a71bef, org.springframework.boot.test.autoconfigure.web.client.MockRestServiceServerResetTestExecutionListener@169f4152, org.springframework.boot.test.autoconfigure.web.servlet.MockMvcPrintOnlyOnFailureTestExecutionListener@3d36204f, org.springframework.boot.test.autoconfigure.web.servlet.WebDriverTestExecutionListener@71443983, org.springframework.boot.test.autoconfigure.webservices.client.MockWebServiceServerTestExecutionListener@105d2c27, org.springframework.boot.test.mock.mockito.ResetMocksTestExecutionListener@7ca46aaf]

  .   ____          _            __ _ _
 /\\ / ___'_ __ _ _(_)_ __  __ _ \ \ \ \
( ( )\___ | '_ | '_| | '_ \/ _` | \ \ \ \
 \\/  ___)| |_)| | | | | || (_| |  ) ) ) )
  '  |____| .__|_| |_|_| |_\__, | / / / /
 =========|_|==============|___/=/_/_/_/
 :: Spring Boot ::                (v2.7.9)

2023-03-22 13:03:54.335  INFO 16476 --- [    Test worker] s.chatprompt.ChatPromptApplicationTests  : Starting ChatPromptApplicationTests using Java 19 on HEY-2.local with PID 16476 (started by seonghuiyeon in /Users/seonghuiyeon/IdeaProjects/ChatPrompt)
2023-03-22 13:03:54.335  INFO 16476 --- [    Test worker] s.chatprompt.ChatPromptApplicationTests  : No active profile set, falling back to 1 default profile: "test"
2023-03-22 13:03:54.452  INFO 16476 --- [    Test worker] .s.d.r.c.RepositoryConfigurationDelegate : Bootstrapping Spring Data JPA repositories in DEFAULT mode.
2023-03-22 13:03:54.463  INFO 16476 --- [    Test worker] .s.d.r.c.RepositoryConfigurationDelegate : Finished Spring Data repository scanning in 11 ms. Found 4 JPA repository interfaces.
2023-03-22 13:03:54.528  INFO 16476 --- [    Test worker] o.hibernate.jpa.internal.util.LogHelper  : HHH000204: Processing PersistenceUnitInfo [name: default]
2023-03-22 13:03:54.531  INFO 16476 --- [    Test worker] com.zaxxer.hikari.HikariDataSource       : HikariPool-2 - Starting...
2023-03-22 13:03:54.544  INFO 16476 --- [    Test worker] com.zaxxer.hikari.HikariDataSource       : HikariPool-2 - Start completed.
2023-03-22 13:03:54.544  INFO 16476 --- [    Test worker] org.hibernate.dialect.Dialect            : HHH000400: Using dialect: org.hibernate.dialect.MySQL8Dialect
2023-03-22 13:03:54.666  INFO 16476 --- [    Test worker] o.h.t.schema.internal.SchemaCreatorImpl  : HHH000476: Executing import script 'file:/Users/seonghuiyeon/IdeaProjects/ChatPrompt/build/resources/main/import.sql'
2023-03-22 13:03:54.670  INFO 16476 --- [    Test worker] o.h.e.t.j.p.i.JtaPlatformInitiator       : HHH000490: Using JtaPlatform implementation: [org.hibernate.engine.transaction.jta.platform.internal.NoJtaPlatform]
2023-03-22 13:03:54.671  INFO 16476 --- [    Test worker] j.LocalContainerEntityManagerFactoryBean : Initialized JPA EntityManagerFactory for persistence unit 'default'
2023-03-22 13:03:54.832  WARN 16476 --- [    Test worker] JpaBaseConfiguration$JpaWebConfiguration : spring.jpa.open-in-view is enabled by default. Therefore, database queries may be performed during view rendering. Explicitly configure spring.jpa.open-in-view to disable this warning
2023-03-22 13:03:54.883  INFO 16476 --- [    Test worker] o.s.b.a.w.s.WelcomePageHandlerMapping    : Adding welcome page: class path resource [static/index.html]
2023-03-22 13:03:55.322  INFO 16476 --- [    Test worker] s.chatprompt.ChatPromptApplicationTests  : Started ChatPromptApplicationTests in 1.007 seconds (JVM running for 5.47)
]]></system-out>
  <system-err><![CDATA[]]></system-err>
</testsuite>
