<?xml version="1.0" encoding="UTF-8"?>
<testsuite name="sangmyung.chatprompt.ChatPromptApplicationTests" tests="1" skipped="0" failures="0" errors="0" timestamp="2023-03-20T11:09:48" hostname="HEY-2.local" time="0.002">
  <properties/>
  <testcase name="contextLoads()" classname="sangmyung.chatprompt.ChatPromptApplicationTests" time="0.002"/>
  <system-out><![CDATA[2023-03-20 20:09:48.251  INFO 3680 --- [    Test worker] .b.t.c.SpringBootTestContextBootstrapper : Neither @ContextConfiguration nor @ContextHierarchy found for test class [sangmyung.chatprompt.ChatPromptApplicationTests], using SpringBootContextLoader
2023-03-20 20:09:48.252  INFO 3680 --- [    Test worker] o.s.t.c.support.AbstractContextLoader    : Could not detect default resource locations for test class [sangmyung.chatprompt.ChatPromptApplicationTests]: no resource found for suffixes {-context.xml, Context.groovy}.
2023-03-20 20:09:48.252  INFO 3680 --- [    Test worker] t.c.s.AnnotationConfigContextLoaderUtils : Could not detect default configuration classes for test class [sangmyung.chatprompt.ChatPromptApplicationTests]: ChatPromptApplicationTests does not declare any static, non-private, non-final, nested classes annotated with @Configuration.
2023-03-20 20:09:48.253  INFO 3680 --- [    Test worker] .b.t.c.SpringBootTestContextBootstrapper : Found @SpringBootConfiguration sangmyung.chatprompt.ChatPromptApplication for test class sangmyung.chatprompt.ChatPromptApplicationTests
2023-03-20 20:09:48.254  INFO 3680 --- [    Test worker] .b.t.c.SpringBootTestContextBootstrapper : Loaded default TestExecutionListener class names from location [META-INF/spring.factories]: [org.springframework.boot.test.autoconfigure.restdocs.RestDocsTestExecutionListener, org.springframework.boot.test.autoconfigure.web.client.MockRestServiceServerResetTestExecutionListener, org.springframework.boot.test.autoconfigure.web.servlet.MockMvcPrintOnlyOnFailureTestExecutionListener, org.springframework.boot.test.autoconfigure.web.servlet.WebDriverTestExecutionListener, org.springframework.boot.test.autoconfigure.webservices.client.MockWebServiceServerTestExecutionListener, org.springframework.boot.test.mock.mockito.MockitoTestExecutionListener, org.springframework.boot.test.mock.mockito.ResetMocksTestExecutionListener, org.springframework.test.context.web.ServletTestExecutionListener, org.springframework.test.context.support.DirtiesContextBeforeModesTestExecutionListener, org.springframework.test.context.event.ApplicationEventsTestExecutionListener, org.springframework.test.context.support.DependencyInjectionTestExecutionListener, org.springframework.test.context.support.DirtiesContextTestExecutionListener, org.springframework.test.context.transaction.TransactionalTestExecutionListener, org.springframework.test.context.jdbc.SqlScriptsTestExecutionListener, org.springframework.test.context.event.EventPublishingTestExecutionListener]
2023-03-20 20:09:48.254  INFO 3680 --- [    Test worker] .b.t.c.SpringBootTestContextBootstrapper : Using TestExecutionListeners: [org.springframework.test.context.web.ServletTestExecutionListener@726e780a, org.springframework.test.context.support.DirtiesContextBeforeModesTestExecutionListener@4698ae6, org.springframework.test.context.event.ApplicationEventsTestExecutionListener@557ed49a, org.springframework.boot.test.mock.mockito.MockitoTestExecutionListener@2d839402, org.springframework.boot.test.autoconfigure.SpringBootDependencyInjectionTestExecutionListener@2c2c1790, org.springframework.test.context.support.DirtiesContextTestExecutionListener@645a9649, org.springframework.test.context.transaction.TransactionalTestExecutionListener@4723445c, org.springframework.test.context.jdbc.SqlScriptsTestExecutionListener@7631fb3e, org.springframework.test.context.event.EventPublishingTestExecutionListener@3aede2ff, org.springframework.boot.test.autoconfigure.restdocs.RestDocsTestExecutionListener@ab5c335, org.springframework.boot.test.autoconfigure.web.client.MockRestServiceServerResetTestExecutionListener@5769679b, org.springframework.boot.test.autoconfigure.web.servlet.MockMvcPrintOnlyOnFailureTestExecutionListener@2ef89e43, org.springframework.boot.test.autoconfigure.web.servlet.WebDriverTestExecutionListener@7bd76b79, org.springframework.boot.test.autoconfigure.webservices.client.MockWebServiceServerTestExecutionListener@5fdfa35d, org.springframework.boot.test.mock.mockito.ResetMocksTestExecutionListener@43165282]
]]></system-out>
  <system-err><![CDATA[]]></system-err>
</testsuite>
