<?xml version="1.0" encoding="UTF-8"?>
<testsuite name="sangmyung.chatprompt.assignment.service.AssignmentServiceTest" tests="3" skipped="0" failures="0" errors="0" timestamp="2023-03-21T06:28:56" hostname="HEY-2.local" time="0.114">
  <properties/>
  <testcase name="변경사항 저장 시도 시, 이미 있었던 객체라면 내용을 갱신한다." classname="sangmyung.chatprompt.assignment.service.AssignmentServiceTest" time="0.096"/>
  <testcase name="Assignment 내용이 있을 때, getWrittenAssignment를 호출하면 AssignResponse로 변환할 수 있다." classname="sangmyung.chatprompt.assignment.service.AssignmentServiceTest" time="0.009"/>
  <testcase name="Assignment 내용이 없을 때, getWrittenAssignment를 호출하면 AssignResponse로 변환할 수 있다." classname="sangmyung.chatprompt.assignment.service.AssignmentServiceTest" time="0.007"/>
  <system-out><![CDATA[2023-03-21 15:28:56.739  INFO 2747 --- [    Test worker] .b.t.c.SpringBootTestContextBootstrapper : Neither @ContextConfiguration nor @ContextHierarchy found for test class [sangmyung.chatprompt.assignment.service.AssignmentServiceTest], using SpringBootContextLoader
2023-03-21 15:28:56.740  INFO 2747 --- [    Test worker] o.s.t.c.support.AbstractContextLoader    : Could not detect default resource locations for test class [sangmyung.chatprompt.assignment.service.AssignmentServiceTest]: no resource found for suffixes {-context.xml, Context.groovy}.
2023-03-21 15:28:56.740  INFO 2747 --- [    Test worker] t.c.s.AnnotationConfigContextLoaderUtils : Could not detect default configuration classes for test class [sangmyung.chatprompt.assignment.service.AssignmentServiceTest]: AssignmentServiceTest does not declare any static, non-private, non-final, nested classes annotated with @Configuration.
2023-03-21 15:28:56.742  INFO 2747 --- [    Test worker] .b.t.c.SpringBootTestContextBootstrapper : Found @SpringBootConfiguration sangmyung.chatprompt.ChatPromptApplication for test class sangmyung.chatprompt.assignment.service.AssignmentServiceTest
2023-03-21 15:28:56.743  INFO 2747 --- [    Test worker] .b.t.c.SpringBootTestContextBootstrapper : Loaded default TestExecutionListener class names from location [META-INF/spring.factories]: [org.springframework.boot.test.autoconfigure.restdocs.RestDocsTestExecutionListener, org.springframework.boot.test.autoconfigure.web.client.MockRestServiceServerResetTestExecutionListener, org.springframework.boot.test.autoconfigure.web.servlet.MockMvcPrintOnlyOnFailureTestExecutionListener, org.springframework.boot.test.autoconfigure.web.servlet.WebDriverTestExecutionListener, org.springframework.boot.test.autoconfigure.webservices.client.MockWebServiceServerTestExecutionListener, org.springframework.boot.test.mock.mockito.MockitoTestExecutionListener, org.springframework.boot.test.mock.mockito.ResetMocksTestExecutionListener, org.springframework.test.context.web.ServletTestExecutionListener, org.springframework.test.context.support.DirtiesContextBeforeModesTestExecutionListener, org.springframework.test.context.event.ApplicationEventsTestExecutionListener, org.springframework.test.context.support.DependencyInjectionTestExecutionListener, org.springframework.test.context.support.DirtiesContextTestExecutionListener, org.springframework.test.context.transaction.TransactionalTestExecutionListener, org.springframework.test.context.jdbc.SqlScriptsTestExecutionListener, org.springframework.test.context.event.EventPublishingTestExecutionListener]
2023-03-21 15:28:56.743  INFO 2747 --- [    Test worker] .b.t.c.SpringBootTestContextBootstrapper : Using TestExecutionListeners: [org.springframework.test.context.web.ServletTestExecutionListener@472d7f34, org.springframework.test.context.support.DirtiesContextBeforeModesTestExecutionListener@2da7ef3e, org.springframework.test.context.event.ApplicationEventsTestExecutionListener@67cc5a38, org.springframework.boot.test.mock.mockito.MockitoTestExecutionListener@23b62cc3, org.springframework.boot.test.autoconfigure.SpringBootDependencyInjectionTestExecutionListener@f4e235e, org.springframework.test.context.support.DirtiesContextTestExecutionListener@1d82e396, org.springframework.test.context.transaction.TransactionalTestExecutionListener@181a6784, org.springframework.test.context.jdbc.SqlScriptsTestExecutionListener@a589070, org.springframework.test.context.event.EventPublishingTestExecutionListener@747216b6, org.springframework.boot.test.autoconfigure.restdocs.RestDocsTestExecutionListener@7ee6d5fd, org.springframework.boot.test.autoconfigure.web.client.MockRestServiceServerResetTestExecutionListener@358bbbe2, org.springframework.boot.test.autoconfigure.web.servlet.MockMvcPrintOnlyOnFailureTestExecutionListener@7b9e7633, org.springframework.boot.test.autoconfigure.web.servlet.WebDriverTestExecutionListener@1fbd0850, org.springframework.boot.test.autoconfigure.webservices.client.MockWebServiceServerTestExecutionListener@57bc7f67, org.springframework.boot.test.mock.mockito.ResetMocksTestExecutionListener@3f808ad9]
2023-03-21 15:28:56.750  INFO 2747 --- [    Test worker] o.s.t.c.transaction.TransactionContext   : Began transaction (1) for test context [DefaultTestContext@50572c04 testClass = AssignmentServiceTest, testInstance = sangmyung.chatprompt.assignment.service.AssignmentServiceTest@ab90b8c, testMethod = canWriteContent@AssignmentServiceTest, testException = [null], mergedContextConfiguration = [WebMergedContextConfiguration@640a80aa testClass = AssignmentServiceTest, locations = '{}', classes = '{class sangmyung.chatprompt.ChatPromptApplication}', contextInitializerClasses = '[]', activeProfiles = '{test}', propertySourceLocations = '{}', propertySourceProperties = '{spring.profiles.active=test, org.springframework.boot.test.context.SpringBootTestContextBootstrapper=true}', contextCustomizers = set[org.springframework.boot.test.autoconfigure.actuate.metrics.MetricsExportContextCustomizerFactory$DisableMetricExportContextCustomizer@63f259c3, org.springframework.boot.test.autoconfigure.properties.PropertyMappingContextCustomizer@0, org.springframework.boot.test.autoconfigure.web.servlet.WebDriverContextCustomizerFactory$Customizer@2bb3058, org.springframework.boot.test.context.filter.ExcludeFilterContextCustomizer@4ae9cfc1, org.springframework.boot.test.json.DuplicateJsonObjectContextCustomizerFactory$DuplicateJsonObjectContextCustomizer@1458ed9c, org.springframework.boot.test.mock.mockito.MockitoContextCustomizer@0, org.springframework.boot.test.web.client.TestRestTemplateContextCustomizer@3899782c, org.springframework.boot.test.context.SpringBootTestArgs@1, org.springframework.boot.test.context.SpringBootTestWebEnvironment@2d2ffcb7], resourceBasePath = 'src/main/webapp', contextLoader = 'org.springframework.boot.test.context.SpringBootContextLoader', parent = [null]], attributes = map['org.springframework.test.context.web.ServletTestExecutionListener.activateListener' -> true, 'org.springframework.test.context.web.ServletTestExecutionListener.populatedRequestContextHolder' -> true, 'org.springframework.test.context.web.ServletTestExecutionListener.resetRequestContextHolder' -> true, 'org.springframework.test.context.event.ApplicationEventsTestExecutionListener.recordApplicationEvents' -> false]]; transaction manager [org.springframework.orm.jpa.JpaTransactionManager@1efa258e]; rollback [true]
Hibernate: 
    insert 
    into
        user
        (identifier, last_task_num, name) 
    values
        (?, ?, ?)
Hibernate: 
    insert 
    into
        task
        (category, definition_eng, definition_kor, num_input_tokens, task_num, task_str, type) 
    values
        (?, ?, ?, ?, ?, ?, ?)
Hibernate: 
    insert 
    into
        assignment
        (input, output, similar_instruct1, similar_instruct2, task_id, user_id) 
    values
        (?, ?, ?, ?, ?, ?)
Hibernate: 
    update
        assignment 
    set
        input=?,
        output=?,
        similar_instruct1=?,
        similar_instruct2=?,
        task_id=?,
        user_id=? 
    where
        assignment_id=?
Hibernate: 
    select
        assignment0_.assignment_id as assignme1_0_,
        assignment0_.input as input2_0_,
        assignment0_.output as output3_0_,
        assignment0_.similar_instruct1 as similar_4_0_,
        assignment0_.similar_instruct2 as similar_5_0_,
        assignment0_.task_id as task_id6_0_,
        assignment0_.user_id as user_id7_0_ 
    from
        assignment assignment0_ 
    where
        assignment0_.user_id=? 
        and assignment0_.task_id=?
2023-03-21 15:28:56.842  INFO 2747 --- [    Test worker] o.s.t.c.transaction.TransactionContext   : Rolled back transaction for test: [DefaultTestContext@50572c04 testClass = AssignmentServiceTest, testInstance = sangmyung.chatprompt.assignment.service.AssignmentServiceTest@ab90b8c, testMethod = canWriteContent@AssignmentServiceTest, testException = [null], mergedContextConfiguration = [WebMergedContextConfiguration@640a80aa testClass = AssignmentServiceTest, locations = '{}', classes = '{class sangmyung.chatprompt.ChatPromptApplication}', contextInitializerClasses = '[]', activeProfiles = '{test}', propertySourceLocations = '{}', propertySourceProperties = '{spring.profiles.active=test, org.springframework.boot.test.context.SpringBootTestContextBootstrapper=true}', contextCustomizers = set[org.springframework.boot.test.autoconfigure.actuate.metrics.MetricsExportContextCustomizerFactory$DisableMetricExportContextCustomizer@63f259c3, org.springframework.boot.test.autoconfigure.properties.PropertyMappingContextCustomizer@0, org.springframework.boot.test.autoconfigure.web.servlet.WebDriverContextCustomizerFactory$Customizer@2bb3058, org.springframework.boot.test.context.filter.ExcludeFilterContextCustomizer@4ae9cfc1, org.springframework.boot.test.json.DuplicateJsonObjectContextCustomizerFactory$DuplicateJsonObjectContextCustomizer@1458ed9c, org.springframework.boot.test.mock.mockito.MockitoContextCustomizer@0, org.springframework.boot.test.web.client.TestRestTemplateContextCustomizer@3899782c, org.springframework.boot.test.context.SpringBootTestArgs@1, org.springframework.boot.test.context.SpringBootTestWebEnvironment@2d2ffcb7], resourceBasePath = 'src/main/webapp', contextLoader = 'org.springframework.boot.test.context.SpringBootContextLoader', parent = [null]], attributes = map['org.springframework.test.context.web.ServletTestExecutionListener.activateListener' -> true, 'org.springframework.test.context.web.ServletTestExecutionListener.populatedRequestContextHolder' -> true, 'org.springframework.test.context.web.ServletTestExecutionListener.resetRequestContextHolder' -> true, 'org.springframework.test.context.event.ApplicationEventsTestExecutionListener.recordApplicationEvents' -> false]]
2023-03-21 15:28:56.844  INFO 2747 --- [    Test worker] o.s.t.c.transaction.TransactionContext   : Began transaction (1) for test context [DefaultTestContext@50572c04 testClass = AssignmentServiceTest, testInstance = sangmyung.chatprompt.assignment.service.AssignmentServiceTest@681ba763, testMethod = canConvertToAssignResponse1@AssignmentServiceTest, testException = [null], mergedContextConfiguration = [WebMergedContextConfiguration@640a80aa testClass = AssignmentServiceTest, locations = '{}', classes = '{class sangmyung.chatprompt.ChatPromptApplication}', contextInitializerClasses = '[]', activeProfiles = '{test}', propertySourceLocations = '{}', propertySourceProperties = '{spring.profiles.active=test, org.springframework.boot.test.context.SpringBootTestContextBootstrapper=true}', contextCustomizers = set[org.springframework.boot.test.autoconfigure.actuate.metrics.MetricsExportContextCustomizerFactory$DisableMetricExportContextCustomizer@63f259c3, org.springframework.boot.test.autoconfigure.properties.PropertyMappingContextCustomizer@0, org.springframework.boot.test.autoconfigure.web.servlet.WebDriverContextCustomizerFactory$Customizer@2bb3058, org.springframework.boot.test.context.filter.ExcludeFilterContextCustomizer@4ae9cfc1, org.springframework.boot.test.json.DuplicateJsonObjectContextCustomizerFactory$DuplicateJsonObjectContextCustomizer@1458ed9c, org.springframework.boot.test.mock.mockito.MockitoContextCustomizer@0, org.springframework.boot.test.web.client.TestRestTemplateContextCustomizer@3899782c, org.springframework.boot.test.context.SpringBootTestArgs@1, org.springframework.boot.test.context.SpringBootTestWebEnvironment@2d2ffcb7], resourceBasePath = 'src/main/webapp', contextLoader = 'org.springframework.boot.test.context.SpringBootContextLoader', parent = [null]], attributes = map['org.springframework.test.context.web.ServletTestExecutionListener.activateListener' -> true, 'org.springframework.test.context.web.ServletTestExecutionListener.populatedRequestContextHolder' -> true, 'org.springframework.test.context.web.ServletTestExecutionListener.resetRequestContextHolder' -> true, 'org.springframework.test.context.event.ApplicationEventsTestExecutionListener.recordApplicationEvents' -> false]]; transaction manager [org.springframework.orm.jpa.JpaTransactionManager@1efa258e]; rollback [true]
Hibernate: 
    insert 
    into
        user
        (identifier, last_task_num, name) 
    values
        (?, ?, ?)
Hibernate: 
    insert 
    into
        task
        (category, definition_eng, definition_kor, num_input_tokens, task_num, task_str, type) 
    values
        (?, ?, ?, ?, ?, ?, ?)
Hibernate: 
    insert 
    into
        assignment
        (input, output, similar_instruct1, similar_instruct2, task_id, user_id) 
    values
        (?, ?, ?, ?, ?, ?)
Hibernate: 
    update
        assignment 
    set
        input=?,
        output=?,
        similar_instruct1=?,
        similar_instruct2=?,
        task_id=?,
        user_id=? 
    where
        assignment_id=?
Hibernate: 
    select
        assignment0_.assignment_id as assignme1_0_,
        assignment0_.input as input2_0_,
        assignment0_.output as output3_0_,
        assignment0_.similar_instruct1 as similar_4_0_,
        assignment0_.similar_instruct2 as similar_5_0_,
        assignment0_.task_id as task_id6_0_,
        assignment0_.user_id as user_id7_0_ 
    from
        assignment assignment0_ 
    where
        assignment0_.user_id=? 
        and assignment0_.task_id=?
2023-03-21 15:28:56.852  INFO 2747 --- [    Test worker] o.s.t.c.transaction.TransactionContext   : Rolled back transaction for test: [DefaultTestContext@50572c04 testClass = AssignmentServiceTest, testInstance = sangmyung.chatprompt.assignment.service.AssignmentServiceTest@681ba763, testMethod = canConvertToAssignResponse1@AssignmentServiceTest, testException = [null], mergedContextConfiguration = [WebMergedContextConfiguration@640a80aa testClass = AssignmentServiceTest, locations = '{}', classes = '{class sangmyung.chatprompt.ChatPromptApplication}', contextInitializerClasses = '[]', activeProfiles = '{test}', propertySourceLocations = '{}', propertySourceProperties = '{spring.profiles.active=test, org.springframework.boot.test.context.SpringBootTestContextBootstrapper=true}', contextCustomizers = set[org.springframework.boot.test.autoconfigure.actuate.metrics.MetricsExportContextCustomizerFactory$DisableMetricExportContextCustomizer@63f259c3, org.springframework.boot.test.autoconfigure.properties.PropertyMappingContextCustomizer@0, org.springframework.boot.test.autoconfigure.web.servlet.WebDriverContextCustomizerFactory$Customizer@2bb3058, org.springframework.boot.test.context.filter.ExcludeFilterContextCustomizer@4ae9cfc1, org.springframework.boot.test.json.DuplicateJsonObjectContextCustomizerFactory$DuplicateJsonObjectContextCustomizer@1458ed9c, org.springframework.boot.test.mock.mockito.MockitoContextCustomizer@0, org.springframework.boot.test.web.client.TestRestTemplateContextCustomizer@3899782c, org.springframework.boot.test.context.SpringBootTestArgs@1, org.springframework.boot.test.context.SpringBootTestWebEnvironment@2d2ffcb7], resourceBasePath = 'src/main/webapp', contextLoader = 'org.springframework.boot.test.context.SpringBootContextLoader', parent = [null]], attributes = map['org.springframework.test.context.web.ServletTestExecutionListener.activateListener' -> true, 'org.springframework.test.context.web.ServletTestExecutionListener.populatedRequestContextHolder' -> true, 'org.springframework.test.context.web.ServletTestExecutionListener.resetRequestContextHolder' -> true, 'org.springframework.test.context.event.ApplicationEventsTestExecutionListener.recordApplicationEvents' -> false]]
2023-03-21 15:28:56.854  INFO 2747 --- [    Test worker] o.s.t.c.transaction.TransactionContext   : Began transaction (1) for test context [DefaultTestContext@50572c04 testClass = AssignmentServiceTest, testInstance = sangmyung.chatprompt.assignment.service.AssignmentServiceTest@3ea4dcc5, testMethod = canConvertToAssignResponse2@AssignmentServiceTest, testException = [null], mergedContextConfiguration = [WebMergedContextConfiguration@640a80aa testClass = AssignmentServiceTest, locations = '{}', classes = '{class sangmyung.chatprompt.ChatPromptApplication}', contextInitializerClasses = '[]', activeProfiles = '{test}', propertySourceLocations = '{}', propertySourceProperties = '{spring.profiles.active=test, org.springframework.boot.test.context.SpringBootTestContextBootstrapper=true}', contextCustomizers = set[org.springframework.boot.test.autoconfigure.actuate.metrics.MetricsExportContextCustomizerFactory$DisableMetricExportContextCustomizer@63f259c3, org.springframework.boot.test.autoconfigure.properties.PropertyMappingContextCustomizer@0, org.springframework.boot.test.autoconfigure.web.servlet.WebDriverContextCustomizerFactory$Customizer@2bb3058, org.springframework.boot.test.context.filter.ExcludeFilterContextCustomizer@4ae9cfc1, org.springframework.boot.test.json.DuplicateJsonObjectContextCustomizerFactory$DuplicateJsonObjectContextCustomizer@1458ed9c, org.springframework.boot.test.mock.mockito.MockitoContextCustomizer@0, org.springframework.boot.test.web.client.TestRestTemplateContextCustomizer@3899782c, org.springframework.boot.test.context.SpringBootTestArgs@1, org.springframework.boot.test.context.SpringBootTestWebEnvironment@2d2ffcb7], resourceBasePath = 'src/main/webapp', contextLoader = 'org.springframework.boot.test.context.SpringBootContextLoader', parent = [null]], attributes = map['org.springframework.test.context.web.ServletTestExecutionListener.activateListener' -> true, 'org.springframework.test.context.web.ServletTestExecutionListener.populatedRequestContextHolder' -> true, 'org.springframework.test.context.web.ServletTestExecutionListener.resetRequestContextHolder' -> true, 'org.springframework.test.context.event.ApplicationEventsTestExecutionListener.recordApplicationEvents' -> false]]; transaction manager [org.springframework.orm.jpa.JpaTransactionManager@1efa258e]; rollback [true]
Hibernate: 
    insert 
    into
        user
        (identifier, last_task_num, name) 
    values
        (?, ?, ?)
Hibernate: 
    insert 
    into
        task
        (category, definition_eng, definition_kor, num_input_tokens, task_num, task_str, type) 
    values
        (?, ?, ?, ?, ?, ?, ?)
Hibernate: 
    select
        assignment0_.assignment_id as assignme1_0_,
        assignment0_.input as input2_0_,
        assignment0_.output as output3_0_,
        assignment0_.similar_instruct1 as similar_4_0_,
        assignment0_.similar_instruct2 as similar_5_0_,
        assignment0_.task_id as task_id6_0_,
        assignment0_.user_id as user_id7_0_ 
    from
        assignment assignment0_ 
    where
        assignment0_.user_id=? 
        and assignment0_.task_id=?
Hibernate: 
    insert 
    into
        assignment
        (input, output, similar_instruct1, similar_instruct2, task_id, user_id) 
    values
        (?, ?, ?, ?, ?, ?)
2023-03-21 15:28:56.861  INFO 2747 --- [    Test worker] o.s.t.c.transaction.TransactionContext   : Rolled back transaction for test: [DefaultTestContext@50572c04 testClass = AssignmentServiceTest, testInstance = sangmyung.chatprompt.assignment.service.AssignmentServiceTest@3ea4dcc5, testMethod = canConvertToAssignResponse2@AssignmentServiceTest, testException = [null], mergedContextConfiguration = [WebMergedContextConfiguration@640a80aa testClass = AssignmentServiceTest, locations = '{}', classes = '{class sangmyung.chatprompt.ChatPromptApplication}', contextInitializerClasses = '[]', activeProfiles = '{test}', propertySourceLocations = '{}', propertySourceProperties = '{spring.profiles.active=test, org.springframework.boot.test.context.SpringBootTestContextBootstrapper=true}', contextCustomizers = set[org.springframework.boot.test.autoconfigure.actuate.metrics.MetricsExportContextCustomizerFactory$DisableMetricExportContextCustomizer@63f259c3, org.springframework.boot.test.autoconfigure.properties.PropertyMappingContextCustomizer@0, org.springframework.boot.test.autoconfigure.web.servlet.WebDriverContextCustomizerFactory$Customizer@2bb3058, org.springframework.boot.test.context.filter.ExcludeFilterContextCustomizer@4ae9cfc1, org.springframework.boot.test.json.DuplicateJsonObjectContextCustomizerFactory$DuplicateJsonObjectContextCustomizer@1458ed9c, org.springframework.boot.test.mock.mockito.MockitoContextCustomizer@0, org.springframework.boot.test.web.client.TestRestTemplateContextCustomizer@3899782c, org.springframework.boot.test.context.SpringBootTestArgs@1, org.springframework.boot.test.context.SpringBootTestWebEnvironment@2d2ffcb7], resourceBasePath = 'src/main/webapp', contextLoader = 'org.springframework.boot.test.context.SpringBootContextLoader', parent = [null]], attributes = map['org.springframework.test.context.web.ServletTestExecutionListener.activateListener' -> true, 'org.springframework.test.context.web.ServletTestExecutionListener.populatedRequestContextHolder' -> true, 'org.springframework.test.context.web.ServletTestExecutionListener.resetRequestContextHolder' -> true, 'org.springframework.test.context.event.ApplicationEventsTestExecutionListener.recordApplicationEvents' -> false]]
]]></system-out>
  <system-err><![CDATA[]]></system-err>
</testsuite>
