<?xml version="1.0" encoding="UTF-8"?>
<testsuite name="sangmyung.chatprompt.Util.XmlParserTest" tests="1" skipped="0" failures="0" errors="0" timestamp="2023-03-21T09:49:54" hostname="HEY-2.local" time="0.085">
  <properties/>
  <testcase name="unmarshal 테스트" classname="sangmyung.chatprompt.Util.XmlParserTest" time="0.085"/>
  <system-out><![CDATA[2023-03-21 18:49:53.294  INFO 4384 --- [    Test worker] .b.t.c.SpringBootTestContextBootstrapper : Neither @ContextConfiguration nor @ContextHierarchy found for test class [sangmyung.chatprompt.Util.XmlParserTest], using SpringBootContextLoader
2023-03-21 18:49:53.294  INFO 4384 --- [    Test worker] o.s.t.c.support.AbstractContextLoader    : Could not detect default resource locations for test class [sangmyung.chatprompt.Util.XmlParserTest]: no resource found for suffixes {-context.xml, Context.groovy}.
2023-03-21 18:49:53.294  INFO 4384 --- [    Test worker] t.c.s.AnnotationConfigContextLoaderUtils : Could not detect default configuration classes for test class [sangmyung.chatprompt.Util.XmlParserTest]: XmlParserTest does not declare any static, non-private, non-final, nested classes annotated with @Configuration.
2023-03-21 18:49:53.297  INFO 4384 --- [    Test worker] .b.t.c.SpringBootTestContextBootstrapper : Found @SpringBootConfiguration sangmyung.chatprompt.ChatPromptApplication for test class sangmyung.chatprompt.Util.XmlParserTest
2023-03-21 18:49:53.297  INFO 4384 --- [    Test worker] .b.t.c.SpringBootTestContextBootstrapper : Loaded default TestExecutionListener class names from location [META-INF/spring.factories]: [org.springframework.boot.test.autoconfigure.restdocs.RestDocsTestExecutionListener, org.springframework.boot.test.autoconfigure.web.client.MockRestServiceServerResetTestExecutionListener, org.springframework.boot.test.autoconfigure.web.servlet.MockMvcPrintOnlyOnFailureTestExecutionListener, org.springframework.boot.test.autoconfigure.web.servlet.WebDriverTestExecutionListener, org.springframework.boot.test.autoconfigure.webservices.client.MockWebServiceServerTestExecutionListener, org.springframework.boot.test.mock.mockito.MockitoTestExecutionListener, org.springframework.boot.test.mock.mockito.ResetMocksTestExecutionListener, org.springframework.test.context.web.ServletTestExecutionListener, org.springframework.test.context.support.DirtiesContextBeforeModesTestExecutionListener, org.springframework.test.context.event.ApplicationEventsTestExecutionListener, org.springframework.test.context.support.DependencyInjectionTestExecutionListener, org.springframework.test.context.support.DirtiesContextTestExecutionListener, org.springframework.test.context.transaction.TransactionalTestExecutionListener, org.springframework.test.context.jdbc.SqlScriptsTestExecutionListener, org.springframework.test.context.event.EventPublishingTestExecutionListener]
2023-03-21 18:49:53.298  INFO 4384 --- [    Test worker] .b.t.c.SpringBootTestContextBootstrapper : Using TestExecutionListeners: [org.springframework.test.context.web.ServletTestExecutionListener@4ed492df, org.springframework.test.context.support.DirtiesContextBeforeModesTestExecutionListener@1ae2028d, org.springframework.test.context.event.ApplicationEventsTestExecutionListener@259ae1a9, org.springframework.boot.test.mock.mockito.MockitoTestExecutionListener@d082916, org.springframework.boot.test.autoconfigure.SpringBootDependencyInjectionTestExecutionListener@67201002, org.springframework.test.context.support.DirtiesContextTestExecutionListener@6ddc9001, org.springframework.test.context.transaction.TransactionalTestExecutionListener@1f39b3ba, org.springframework.test.context.jdbc.SqlScriptsTestExecutionListener@53b579d2, org.springframework.test.context.event.EventPublishingTestExecutionListener@34f2d3a6, org.springframework.boot.test.autoconfigure.restdocs.RestDocsTestExecutionListener@3da701a1, org.springframework.boot.test.autoconfigure.web.client.MockRestServiceServerResetTestExecutionListener@6f51d1cc, org.springframework.boot.test.autoconfigure.web.servlet.MockMvcPrintOnlyOnFailureTestExecutionListener@17d25e1d, org.springframework.boot.test.autoconfigure.web.servlet.WebDriverTestExecutionListener@359fd0a2, org.springframework.boot.test.autoconfigure.webservices.client.MockWebServiceServerTestExecutionListener@30b075b9, org.springframework.boot.test.mock.mockito.ResetMocksTestExecutionListener@510e0dd2]

  .   ____          _            __ _ _
 /\\ / ___'_ __ _ _(_)_ __  __ _ \ \ \ \
( ( )\___ | '_ | '_| | '_ \/ _` | \ \ \ \
 \\/  ___)| |_)| | | | | || (_| |  ) ) ) )
  '  |____| .__|_| |_|_| |_\__, | / / / /
 =========|_|==============|___/=/_/_/_/
 :: Spring Boot ::                (v2.7.9)

2023-03-21 18:49:53.313  INFO 4384 --- [    Test worker] sangmyung.chatprompt.Util.XmlParserTest  : Starting XmlParserTest using Java 19 on HEY-2.local with PID 4384 (started by seonghuiyeon in /Users/seonghuiyeon/IdeaProjects/ChatPrompt)
2023-03-21 18:49:53.313  INFO 4384 --- [    Test worker] sangmyung.chatprompt.Util.XmlParserTest  : The following 1 profile is active: "test"
2023-03-21 18:49:53.412  INFO 4384 --- [    Test worker] .s.d.r.c.RepositoryConfigurationDelegate : Bootstrapping Spring Data JPA repositories in DEFAULT mode.
2023-03-21 18:49:53.422  INFO 4384 --- [    Test worker] .s.d.r.c.RepositoryConfigurationDelegate : Finished Spring Data repository scanning in 9 ms. Found 4 JPA repository interfaces.
2023-03-21 18:49:53.484  INFO 4384 --- [    Test worker] o.hibernate.jpa.internal.util.LogHelper  : HHH000204: Processing PersistenceUnitInfo [name: default]
2023-03-21 18:49:53.486  INFO 4384 --- [    Test worker] com.zaxxer.hikari.HikariDataSource       : HikariPool-2 - Starting...
2023-03-21 18:49:53.594  INFO 4384 --- [    Test worker] com.zaxxer.hikari.HikariDataSource       : HikariPool-2 - Start completed.
2023-03-21 18:49:53.594  INFO 4384 --- [    Test worker] org.hibernate.dialect.Dialect            : HHH000400: Using dialect: org.hibernate.dialect.MySQL8Dialect
2023-03-21 18:49:53.702  INFO 4384 --- [    Test worker] o.h.t.schema.internal.SchemaCreatorImpl  : HHH000476: Executing import script 'file:/Users/seonghuiyeon/IdeaProjects/ChatPrompt/build/resources/main/import.sql'
2023-03-21 18:49:53.709  INFO 4384 --- [    Test worker] o.h.e.t.j.p.i.JtaPlatformInitiator       : HHH000490: Using JtaPlatform implementation: [org.hibernate.engine.transaction.jta.platform.internal.NoJtaPlatform]
2023-03-21 18:49:53.709  INFO 4384 --- [    Test worker] j.LocalContainerEntityManagerFactoryBean : Initialized JPA EntityManagerFactory for persistence unit 'default'
2023-03-21 18:49:53.846  WARN 4384 --- [    Test worker] JpaBaseConfiguration$JpaWebConfiguration : spring.jpa.open-in-view is enabled by default. Therefore, database queries may be performed during view rendering. Explicitly configure spring.jpa.open-in-view to disable this warning
2023-03-21 18:49:53.888  INFO 4384 --- [    Test worker] o.s.b.a.w.s.WelcomePageHandlerMapping    : Adding welcome page: class path resource [static/index.html]
2023-03-21 18:49:54.215  INFO 4384 --- [    Test worker] sangmyung.chatprompt.Util.XmlParserTest  : Started XmlParserTest in 0.916 seconds (JVM running for 4.533)
]]></system-out>
  <system-err><![CDATA[]]></system-err>
</testsuite>
