<?xml version="1.0" encoding="UTF-8"?>
<testsuite name="sangmyung.chatprompt.ChatPromptApplicationTests" tests="1" skipped="0" failures="0" errors="0" timestamp="2023-03-22T05:21:31" hostname="HEY-2.local" time="0.093">
  <properties/>
  <testcase name="contextLoads()" classname="sangmyung.chatprompt.ChatPromptApplicationTests" time="0.093"/>
  <system-out><![CDATA[14:21:25.643 [Test worker] DEBUG org.springframework.test.context.BootstrapUtils - Instantiating CacheAwareContextLoaderDelegate from class [org.springframework.test.context.cache.DefaultCacheAwareContextLoaderDelegate]
14:21:25.648 [Test worker] DEBUG org.springframework.test.context.BootstrapUtils - Instantiating BootstrapContext using constructor [public org.springframework.test.context.support.DefaultBootstrapContext(java.lang.Class,org.springframework.test.context.CacheAwareContextLoaderDelegate)]
14:21:25.665 [Test worker] DEBUG org.springframework.test.context.BootstrapUtils - Instantiating TestContextBootstrapper for test class [sangmyung.chatprompt.ChatPromptApplicationTests] from class [org.springframework.boot.test.context.SpringBootTestContextBootstrapper]
14:21:25.670 [Test worker] INFO org.springframework.boot.test.context.SpringBootTestContextBootstrapper - Neither @ContextConfiguration nor @ContextHierarchy found for test class [sangmyung.chatprompt.ChatPromptApplicationTests], using SpringBootContextLoader
14:21:25.672 [Test worker] DEBUG org.springframework.test.context.support.AbstractContextLoader - Did not detect default resource location for test class [sangmyung.chatprompt.ChatPromptApplicationTests]: class path resource [sangmyung/chatprompt/ChatPromptApplicationTests-context.xml] does not exist
14:21:25.672 [Test worker] DEBUG org.springframework.test.context.support.AbstractContextLoader - Did not detect default resource location for test class [sangmyung.chatprompt.ChatPromptApplicationTests]: class path resource [sangmyung/chatprompt/ChatPromptApplicationTestsContext.groovy] does not exist
14:21:25.672 [Test worker] INFO org.springframework.test.context.support.AbstractContextLoader - Could not detect default resource locations for test class [sangmyung.chatprompt.ChatPromptApplicationTests]: no resource found for suffixes {-context.xml, Context.groovy}.
14:21:25.673 [Test worker] INFO org.springframework.test.context.support.AnnotationConfigContextLoaderUtils - Could not detect default configuration classes for test class [sangmyung.chatprompt.ChatPromptApplicationTests]: ChatPromptApplicationTests does not declare any static, non-private, non-final, nested classes annotated with @Configuration.
14:21:25.692 [Test worker] DEBUG org.springframework.test.context.support.ActiveProfilesUtils - Could not find an 'annotation declaring class' for annotation type [org.springframework.test.context.ActiveProfiles] and class [sangmyung.chatprompt.ChatPromptApplicationTests]
14:21:25.722 [Test worker] DEBUG org.springframework.context.annotation.ClassPathScanningCandidateComponentProvider - Identified candidate component class: file [/Users/seonghuiyeon/IdeaProjects/ChatPrompt/build/classes/java/main/sangmyung/chatprompt/ChatPromptApplication.class]
14:21:25.722 [Test worker] INFO org.springframework.boot.test.context.SpringBootTestContextBootstrapper - Found @SpringBootConfiguration sangmyung.chatprompt.ChatPromptApplication for test class sangmyung.chatprompt.ChatPromptApplicationTests
14:21:25.762 [Test worker] DEBUG org.springframework.boot.test.context.SpringBootTestContextBootstrapper - @TestExecutionListeners is not present for class [sangmyung.chatprompt.ChatPromptApplicationTests]: using defaults.
14:21:25.763 [Test worker] INFO org.springframework.boot.test.context.SpringBootTestContextBootstrapper - Loaded default TestExecutionListener class names from location [META-INF/spring.factories]: [org.springframework.boot.test.autoconfigure.restdocs.RestDocsTestExecutionListener, org.springframework.boot.test.autoconfigure.web.client.MockRestServiceServerResetTestExecutionListener, org.springframework.boot.test.autoconfigure.web.servlet.MockMvcPrintOnlyOnFailureTestExecutionListener, org.springframework.boot.test.autoconfigure.web.servlet.WebDriverTestExecutionListener, org.springframework.boot.test.autoconfigure.webservices.client.MockWebServiceServerTestExecutionListener, org.springframework.boot.test.mock.mockito.MockitoTestExecutionListener, org.springframework.boot.test.mock.mockito.ResetMocksTestExecutionListener, org.springframework.test.context.web.ServletTestExecutionListener, org.springframework.test.context.support.DirtiesContextBeforeModesTestExecutionListener, org.springframework.test.context.event.ApplicationEventsTestExecutionListener, org.springframework.test.context.support.DependencyInjectionTestExecutionListener, org.springframework.test.context.support.DirtiesContextTestExecutionListener, org.springframework.test.context.transaction.TransactionalTestExecutionListener, org.springframework.test.context.jdbc.SqlScriptsTestExecutionListener, org.springframework.test.context.event.EventPublishingTestExecutionListener]
14:21:25.771 [Test worker] INFO org.springframework.boot.test.context.SpringBootTestContextBootstrapper - Using TestExecutionListeners: [org.springframework.test.context.web.ServletTestExecutionListener@24d4d7c9, org.springframework.test.context.support.DirtiesContextBeforeModesTestExecutionListener@f0e995e, org.springframework.test.context.event.ApplicationEventsTestExecutionListener@4c37b5b, org.springframework.boot.test.mock.mockito.MockitoTestExecutionListener@73db4768, org.springframework.boot.test.autoconfigure.SpringBootDependencyInjectionTestExecutionListener@71b3bc45, org.springframework.test.context.support.DirtiesContextTestExecutionListener@a8c1f44, org.springframework.test.context.transaction.TransactionalTestExecutionListener@150ab4ed, org.springframework.test.context.jdbc.SqlScriptsTestExecutionListener@3c435123, org.springframework.test.context.event.EventPublishingTestExecutionListener@50fe837a, org.springframework.boot.test.autoconfigure.restdocs.RestDocsTestExecutionListener@3a62c01e, org.springframework.boot.test.autoconfigure.web.client.MockRestServiceServerResetTestExecutionListener@7a8fa663, org.springframework.boot.test.autoconfigure.web.servlet.MockMvcPrintOnlyOnFailureTestExecutionListener@5ce33a58, org.springframework.boot.test.autoconfigure.web.servlet.WebDriverTestExecutionListener@78a287ed, org.springframework.boot.test.autoconfigure.webservices.client.MockWebServiceServerTestExecutionListener@546ccad7, org.springframework.boot.test.mock.mockito.ResetMocksTestExecutionListener@5357c287]
14:21:25.773 [Test worker] DEBUG org.springframework.test.context.support.AbstractDirtiesContextTestExecutionListener - Before test class: context [DefaultTestContext@6e1d8f9e testClass = ChatPromptApplicationTests, testInstance = [null], testMethod = [null], testException = [null], mergedContextConfiguration = [WebMergedContextConfiguration@3e34ace1 testClass = ChatPromptApplicationTests, locations = '{}', classes = '{class sangmyung.chatprompt.ChatPromptApplication}', contextInitializerClasses = '[]', activeProfiles = '{}', propertySourceLocations = '{}', propertySourceProperties = '{org.springframework.boot.test.context.SpringBootTestContextBootstrapper=true}', contextCustomizers = set[org.springframework.boot.test.autoconfigure.actuate.metrics.MetricsExportContextCustomizerFactory$DisableMetricExportContextCustomizer@600b90df, org.springframework.boot.test.autoconfigure.properties.PropertyMappingContextCustomizer@0, org.springframework.boot.test.autoconfigure.web.servlet.WebDriverContextCustomizerFactory$Customizer@60df60da, org.springframework.boot.test.context.filter.ExcludeFilterContextCustomizer@632ceb35, org.springframework.boot.test.json.DuplicateJsonObjectContextCustomizerFactory$DuplicateJsonObjectContextCustomizer@130e116b, org.springframework.boot.test.mock.mockito.MockitoContextCustomizer@0, org.springframework.boot.test.web.client.TestRestTemplateContextCustomizer@9ebe38b, org.springframework.boot.test.context.SpringBootTestArgs@1, org.springframework.boot.test.context.SpringBootTestWebEnvironment@2d2ffcb7], resourceBasePath = 'src/main/webapp', contextLoader = 'org.springframework.boot.test.context.SpringBootContextLoader', parent = [null]], attributes = map['org.springframework.test.context.web.ServletTestExecutionListener.activateListener' -> true]], class annotated with @DirtiesContext [false] with mode [null].

  .   ____          _            __ _ _
 /\\ / ___'_ __ _ _(_)_ __  __ _ \ \ \ \
( ( )\___ | '_ | '_| | '_ \/ _` | \ \ \ \
 \\/  ___)| |_)| | | | | || (_| |  ) ) ) )
  '  |____| .__|_| |_|_| |_\__, | / / / /
 =========|_|==============|___/=/_/_/_/
 :: Spring Boot ::                (v2.7.9)

2023-03-22 14:21:26.174  INFO 18005 --- [    Test worker] s.chatprompt.ChatPromptApplicationTests  : Starting ChatPromptApplicationTests using Java 19 on HEY-2.local with PID 18005 (started by seonghuiyeon in /Users/seonghuiyeon/IdeaProjects/ChatPrompt)
2023-03-22 14:21:26.174  INFO 18005 --- [    Test worker] s.chatprompt.ChatPromptApplicationTests  : No active profile set, falling back to 1 default profile: "default"
2023-03-22 14:21:26.539  INFO 18005 --- [    Test worker] .s.d.r.c.RepositoryConfigurationDelegate : Bootstrapping Spring Data JPA repositories in DEFAULT mode.
2023-03-22 14:21:26.568  INFO 18005 --- [    Test worker] .s.d.r.c.RepositoryConfigurationDelegate : Finished Spring Data repository scanning in 25 ms. Found 4 JPA repository interfaces.
2023-03-22 14:21:26.821  INFO 18005 --- [    Test worker] o.hibernate.jpa.internal.util.LogHelper  : HHH000204: Processing PersistenceUnitInfo [name: default]
2023-03-22 14:21:26.843  INFO 18005 --- [    Test worker] org.hibernate.Version                    : HHH000412: Hibernate ORM core version 5.6.15.Final
2023-03-22 14:21:26.926  INFO 18005 --- [    Test worker] o.hibernate.annotations.common.Version   : HCANN000001: Hibernate Commons Annotations {5.1.2.Final}
2023-03-22 14:21:26.973  INFO 18005 --- [    Test worker] com.zaxxer.hikari.HikariDataSource       : HikariPool-1 - Starting...
2023-03-22 14:21:27.593  INFO 18005 --- [    Test worker] com.zaxxer.hikari.HikariDataSource       : HikariPool-1 - Start completed.
2023-03-22 14:21:27.610  INFO 18005 --- [    Test worker] org.hibernate.dialect.Dialect            : HHH000400: Using dialect: org.hibernate.dialect.MySQL8Dialect
2023-03-22 14:21:29.771  INFO 18005 --- [    Test worker] o.h.t.schema.internal.SchemaCreatorImpl  : HHH000476: Executing import script 'file:/Users/seonghuiyeon/IdeaProjects/ChatPrompt/build/resources/main/import.sql'
2023-03-22 14:21:30.540  INFO 18005 --- [    Test worker] o.h.e.t.j.p.i.JtaPlatformInitiator       : HHH000490: Using JtaPlatform implementation: [org.hibernate.engine.transaction.jta.platform.internal.NoJtaPlatform]
2023-03-22 14:21:30.553  INFO 18005 --- [    Test worker] j.LocalContainerEntityManagerFactoryBean : Initialized JPA EntityManagerFactory for persistence unit 'default'
2023-03-22 14:21:31.021  WARN 18005 --- [    Test worker] JpaBaseConfiguration$JpaWebConfiguration : spring.jpa.open-in-view is enabled by default. Therefore, database queries may be performed during view rendering. Explicitly configure spring.jpa.open-in-view to disable this warning
2023-03-22 14:21:31.143  INFO 18005 --- [    Test worker] o.s.b.a.w.s.WelcomePageHandlerMapping    : Adding welcome page: class path resource [static/index.html]
2023-03-22 14:21:31.931  INFO 18005 --- [    Test worker] s.chatprompt.ChatPromptApplicationTests  : Started ChatPromptApplicationTests in 6.141 seconds (JVM running for 6.734)
]]></system-out>
  <system-err><![CDATA[]]></system-err>
</testsuite>
