<?xml version="1.0" encoding="UTF-8"?>
<testsuite name="sangmyung.chatprompt.task.service.TaskServiceTest" tests="5" skipped="0" failures="0" errors="0" timestamp="2023-03-21T11:05:16" hostname="HEY-2.local" time="0.644">
  <properties/>
  <testcase name="PromptDTO를 Task와 IOPairs로 변환하여 저장할 수 있다." classname="sangmyung.chatprompt.task.service.TaskServiceTest" time="0.183"/>
  <testcase name="Task의 instruction(지시문)을 수정할 수 있다." classname="sangmyung.chatprompt.task.service.TaskServiceTest" time="0.132"/>
  <testcase name="taskNum을 통해 특정 Task를 찾을 수 있다." classname="sangmyung.chatprompt.task.service.TaskServiceTest" time="0.106"/>
  <testcase name="Task를 TaskResponse로 반환할 수 있다." classname="sangmyung.chatprompt.task.service.TaskServiceTest" time="0.11"/>
  <testcase name="IOPair를 IOResponse로 변환할 수 있다." classname="sangmyung.chatprompt.task.service.TaskServiceTest" time="0.11"/>
  <system-out><![CDATA[2023-03-21 20:05:16.945  INFO 7004 --- [    Test worker] .b.t.c.SpringBootTestContextBootstrapper : Neither @ContextConfiguration nor @ContextHierarchy found for test class [sangmyung.chatprompt.task.service.TaskServiceTest], using SpringBootContextLoader
2023-03-21 20:05:16.945  INFO 7004 --- [    Test worker] o.s.t.c.support.AbstractContextLoader    : Could not detect default resource locations for test class [sangmyung.chatprompt.task.service.TaskServiceTest]: no resource found for suffixes {-context.xml, Context.groovy}.
2023-03-21 20:05:16.945  INFO 7004 --- [    Test worker] t.c.s.AnnotationConfigContextLoaderUtils : Could not detect default configuration classes for test class [sangmyung.chatprompt.task.service.TaskServiceTest]: TaskServiceTest does not declare any static, non-private, non-final, nested classes annotated with @Configuration.
2023-03-21 20:05:16.948  INFO 7004 --- [    Test worker] .b.t.c.SpringBootTestContextBootstrapper : Found @SpringBootConfiguration sangmyung.chatprompt.ChatPromptApplication for test class sangmyung.chatprompt.task.service.TaskServiceTest
2023-03-21 20:05:16.948  INFO 7004 --- [    Test worker] .b.t.c.SpringBootTestContextBootstrapper : Loaded default TestExecutionListener class names from location [META-INF/spring.factories]: [org.springframework.boot.test.autoconfigure.restdocs.RestDocsTestExecutionListener, org.springframework.boot.test.autoconfigure.web.client.MockRestServiceServerResetTestExecutionListener, org.springframework.boot.test.autoconfigure.web.servlet.MockMvcPrintOnlyOnFailureTestExecutionListener, org.springframework.boot.test.autoconfigure.web.servlet.WebDriverTestExecutionListener, org.springframework.boot.test.autoconfigure.webservices.client.MockWebServiceServerTestExecutionListener, org.springframework.boot.test.mock.mockito.MockitoTestExecutionListener, org.springframework.boot.test.mock.mockito.ResetMocksTestExecutionListener, org.springframework.test.context.web.ServletTestExecutionListener, org.springframework.test.context.support.DirtiesContextBeforeModesTestExecutionListener, org.springframework.test.context.event.ApplicationEventsTestExecutionListener, org.springframework.test.context.support.DependencyInjectionTestExecutionListener, org.springframework.test.context.support.DirtiesContextTestExecutionListener, org.springframework.test.context.transaction.TransactionalTestExecutionListener, org.springframework.test.context.jdbc.SqlScriptsTestExecutionListener, org.springframework.test.context.event.EventPublishingTestExecutionListener]
2023-03-21 20:05:16.949  INFO 7004 --- [    Test worker] .b.t.c.SpringBootTestContextBootstrapper : Using TestExecutionListeners: [org.springframework.test.context.web.ServletTestExecutionListener@6479b4cb, org.springframework.test.context.support.DirtiesContextBeforeModesTestExecutionListener@135ec43a, org.springframework.test.context.event.ApplicationEventsTestExecutionListener@69fc5803, org.springframework.boot.test.mock.mockito.MockitoTestExecutionListener@7f50b08a, org.springframework.boot.test.autoconfigure.SpringBootDependencyInjectionTestExecutionListener@56a69c47, org.springframework.test.context.support.DirtiesContextTestExecutionListener@333cedbd, org.springframework.test.context.transaction.TransactionalTestExecutionListener@388b9799, org.springframework.test.context.jdbc.SqlScriptsTestExecutionListener@4225b4e2, org.springframework.test.context.event.EventPublishingTestExecutionListener@20834c45, org.springframework.boot.test.autoconfigure.restdocs.RestDocsTestExecutionListener@74061ced, org.springframework.boot.test.autoconfigure.web.client.MockRestServiceServerResetTestExecutionListener@10d56aab, org.springframework.boot.test.autoconfigure.web.servlet.MockMvcPrintOnlyOnFailureTestExecutionListener@7fb84ef7, org.springframework.boot.test.autoconfigure.web.servlet.WebDriverTestExecutionListener@4563d421, org.springframework.boot.test.autoconfigure.webservices.client.MockWebServiceServerTestExecutionListener@1465914, org.springframework.boot.test.mock.mockito.ResetMocksTestExecutionListener@3a7deba5]
2023-03-21 20:05:16.951  INFO 7004 --- [    Test worker] o.s.t.c.transaction.TransactionContext   : Began transaction (1) for test context [DefaultTestContext@3a5e591b testClass = TaskServiceTest, testInstance = sangmyung.chatprompt.task.service.TaskServiceTest@43076326, testMethod = canSaveTaskAndIOPairs@TaskServiceTest, testException = [null], mergedContextConfiguration = [WebMergedContextConfiguration@29244152 testClass = TaskServiceTest, locations = '{}', classes = '{class sangmyung.chatprompt.ChatPromptApplication}', contextInitializerClasses = '[]', activeProfiles = '{test}', propertySourceLocations = '{}', propertySourceProperties = '{spring.profiles.active=test, org.springframework.boot.test.context.SpringBootTestContextBootstrapper=true}', contextCustomizers = set[org.springframework.boot.test.autoconfigure.actuate.metrics.MetricsExportContextCustomizerFactory$DisableMetricExportContextCustomizer@600b90df, org.springframework.boot.test.autoconfigure.properties.PropertyMappingContextCustomizer@0, org.springframework.boot.test.autoconfigure.web.servlet.WebDriverContextCustomizerFactory$Customizer@60df60da, org.springframework.boot.test.context.filter.ExcludeFilterContextCustomizer@632ceb35, org.springframework.boot.test.json.DuplicateJsonObjectContextCustomizerFactory$DuplicateJsonObjectContextCustomizer@130e116b, org.springframework.boot.test.mock.mockito.MockitoContextCustomizer@0, org.springframework.boot.test.web.client.TestRestTemplateContextCustomizer@9ebe38b, org.springframework.boot.test.context.SpringBootTestArgs@1, org.springframework.boot.test.context.SpringBootTestWebEnvironment@2d2ffcb7], resourceBasePath = 'src/main/webapp', contextLoader = 'org.springframework.boot.test.context.SpringBootContextLoader', parent = [null]], attributes = map['org.springframework.test.context.web.ServletTestExecutionListener.activateListener' -> true, 'org.springframework.test.context.web.ServletTestExecutionListener.populatedRequestContextHolder' -> true, 'org.springframework.test.context.web.ServletTestExecutionListener.resetRequestContextHolder' -> true, 'org.springframework.test.context.event.ApplicationEventsTestExecutionListener.recordApplicationEvents' -> false]]; transaction manager [org.springframework.orm.jpa.JpaTransactionManager@727b3b0]; rollback [true]
2023-03-21 20:05:16.976  INFO 7004 --- [    Test worker] s.chatprompt.task.service.TaskService    : task 처리179	현재 인덱스: 0	 전체 인덱스: 72
2023-03-21 20:05:16.979  INFO 7004 --- [    Test worker] s.chatprompt.task.service.TaskService    : task 처리179	현재 인덱스: 2	 전체 인덱스: 72
2023-03-21 20:05:16.982  INFO 7004 --- [    Test worker] s.chatprompt.task.service.TaskService    : task 처리180	현재 인덱스: 4	 전체 인덱스: 72
2023-03-21 20:05:16.985  INFO 7004 --- [    Test worker] s.chatprompt.task.service.TaskService    : task 처리180	현재 인덱스: 6	 전체 인덱스: 72
2023-03-21 20:05:16.988  INFO 7004 --- [    Test worker] s.chatprompt.task.service.TaskService    : task 처리180	현재 인덱스: 8	 전체 인덱스: 72
2023-03-21 20:05:16.992  INFO 7004 --- [    Test worker] s.chatprompt.task.service.TaskService    : task 처리181	현재 인덱스: 10	 전체 인덱스: 72
2023-03-21 20:05:16.996  INFO 7004 --- [    Test worker] s.chatprompt.task.service.TaskService    : task 처리181	현재 인덱스: 12	 전체 인덱스: 72
2023-03-21 20:05:17.000  INFO 7004 --- [    Test worker] s.chatprompt.task.service.TaskService    : task 처리181	현재 인덱스: 14	 전체 인덱스: 72
2023-03-21 20:05:17.005  INFO 7004 --- [    Test worker] s.chatprompt.task.service.TaskService    : task 처리292	현재 인덱스: 16	 전체 인덱스: 72
2023-03-21 20:05:17.009  INFO 7004 --- [    Test worker] s.chatprompt.task.service.TaskService    : task 처리292	현재 인덱스: 18	 전체 인덱스: 72
2023-03-21 20:05:17.012  INFO 7004 --- [    Test worker] s.chatprompt.task.service.TaskService    : task 처리292	현재 인덱스: 20	 전체 인덱스: 72
2023-03-21 20:05:17.017  INFO 7004 --- [    Test worker] s.chatprompt.task.service.TaskService    : task 처리388	현재 인덱스: 22	 전체 인덱스: 72
2023-03-21 20:05:17.020  INFO 7004 --- [    Test worker] s.chatprompt.task.service.TaskService    : task 처리388	현재 인덱스: 24	 전체 인덱스: 72
2023-03-21 20:05:17.023  INFO 7004 --- [    Test worker] s.chatprompt.task.service.TaskService    : task 처리388	현재 인덱스: 26	 전체 인덱스: 72
2023-03-21 20:05:17.026  INFO 7004 --- [    Test worker] s.chatprompt.task.service.TaskService    : task 처리388	현재 인덱스: 28	 전체 인덱스: 72
2023-03-21 20:05:17.029  INFO 7004 --- [    Test worker] s.chatprompt.task.service.TaskService    : task 처리388	현재 인덱스: 30	 전체 인덱스: 72
2023-03-21 20:05:17.034  INFO 7004 --- [    Test worker] s.chatprompt.task.service.TaskService    : task 처리456	현재 인덱스: 32	 전체 인덱스: 72
2023-03-21 20:05:17.037  INFO 7004 --- [    Test worker] s.chatprompt.task.service.TaskService    : task 처리456	현재 인덱스: 34	 전체 인덱스: 72
2023-03-21 20:05:17.041  INFO 7004 --- [    Test worker] s.chatprompt.task.service.TaskService    : task 처리456	현재 인덱스: 36	 전체 인덱스: 72
2023-03-21 20:05:17.045  INFO 7004 --- [    Test worker] s.chatprompt.task.service.TaskService    : task 처리578	현재 인덱스: 38	 전체 인덱스: 72
2023-03-21 20:05:17.049  INFO 7004 --- [    Test worker] s.chatprompt.task.service.TaskService    : task 처리578	현재 인덱스: 40	 전체 인덱스: 72
2023-03-21 20:05:17.053  INFO 7004 --- [    Test worker] s.chatprompt.task.service.TaskService    : task 처리578	현재 인덱스: 42	 전체 인덱스: 72
2023-03-21 20:05:17.057  INFO 7004 --- [    Test worker] s.chatprompt.task.service.TaskService    : task 처리621	현재 인덱스: 44	 전체 인덱스: 72
2023-03-21 20:05:17.061  INFO 7004 --- [    Test worker] s.chatprompt.task.service.TaskService    : task 처리621	현재 인덱스: 46	 전체 인덱스: 72
2023-03-21 20:05:17.066  INFO 7004 --- [    Test worker] s.chatprompt.task.service.TaskService    : task 처리621	현재 인덱스: 48	 전체 인덱스: 72
2023-03-21 20:05:17.070  INFO 7004 --- [    Test worker] s.chatprompt.task.service.TaskService    : task 처리646	현재 인덱스: 50	 전체 인덱스: 72
2023-03-21 20:05:17.074  INFO 7004 --- [    Test worker] s.chatprompt.task.service.TaskService    : task 처리646	현재 인덱스: 52	 전체 인덱스: 72
2023-03-21 20:05:17.079  INFO 7004 --- [    Test worker] s.chatprompt.task.service.TaskService    : task 처리647	현재 인덱스: 54	 전체 인덱스: 72
2023-03-21 20:05:17.082  INFO 7004 --- [    Test worker] s.chatprompt.task.service.TaskService    : task 처리647	현재 인덱스: 56	 전체 인덱스: 72
2023-03-21 20:05:17.087  INFO 7004 --- [    Test worker] s.chatprompt.task.service.TaskService    : task 처리676	현재 인덱스: 58	 전체 인덱스: 72
2023-03-21 20:05:17.090  INFO 7004 --- [    Test worker] s.chatprompt.task.service.TaskService    : task 처리676	현재 인덱스: 60	 전체 인덱스: 72
2023-03-21 20:05:17.094  INFO 7004 --- [    Test worker] s.chatprompt.task.service.TaskService    : task 처리676	현재 인덱스: 62	 전체 인덱스: 72
2023-03-21 20:05:17.097  INFO 7004 --- [    Test worker] s.chatprompt.task.service.TaskService    : task 처리678	현재 인덱스: 64	 전체 인덱스: 72
2023-03-21 20:05:17.100  INFO 7004 --- [    Test worker] s.chatprompt.task.service.TaskService    : task 처리678	현재 인덱스: 66	 전체 인덱스: 72
2023-03-21 20:05:17.103  INFO 7004 --- [    Test worker] s.chatprompt.task.service.TaskService    : task 처리678	현재 인덱스: 68	 전체 인덱스: 72
2023-03-21 20:05:17.107  INFO 7004 --- [    Test worker] s.chatprompt.task.service.TaskService    : task 처리683	현재 인덱스: 70	 전체 인덱스: 72
2023-03-21 20:05:17.107  INFO 7004 --- [    Test worker] s.chatprompt.task.service.TaskService    : task 처리 완료
2023-03-21 20:05:17.133  INFO 7004 --- [    Test worker] o.s.t.c.transaction.TransactionContext   : Rolled back transaction for test: [DefaultTestContext@3a5e591b testClass = TaskServiceTest, testInstance = sangmyung.chatprompt.task.service.TaskServiceTest@43076326, testMethod = canSaveTaskAndIOPairs@TaskServiceTest, testException = [null], mergedContextConfiguration = [WebMergedContextConfiguration@29244152 testClass = TaskServiceTest, locations = '{}', classes = '{class sangmyung.chatprompt.ChatPromptApplication}', contextInitializerClasses = '[]', activeProfiles = '{test}', propertySourceLocations = '{}', propertySourceProperties = '{spring.profiles.active=test, org.springframework.boot.test.context.SpringBootTestContextBootstrapper=true}', contextCustomizers = set[org.springframework.boot.test.autoconfigure.actuate.metrics.MetricsExportContextCustomizerFactory$DisableMetricExportContextCustomizer@600b90df, org.springframework.boot.test.autoconfigure.properties.PropertyMappingContextCustomizer@0, org.springframework.boot.test.autoconfigure.web.servlet.WebDriverContextCustomizerFactory$Customizer@60df60da, org.springframework.boot.test.context.filter.ExcludeFilterContextCustomizer@632ceb35, org.springframework.boot.test.json.DuplicateJsonObjectContextCustomizerFactory$DuplicateJsonObjectContextCustomizer@130e116b, org.springframework.boot.test.mock.mockito.MockitoContextCustomizer@0, org.springframework.boot.test.web.client.TestRestTemplateContextCustomizer@9ebe38b, org.springframework.boot.test.context.SpringBootTestArgs@1, org.springframework.boot.test.context.SpringBootTestWebEnvironment@2d2ffcb7], resourceBasePath = 'src/main/webapp', contextLoader = 'org.springframework.boot.test.context.SpringBootContextLoader', parent = [null]], attributes = map['org.springframework.test.context.web.ServletTestExecutionListener.activateListener' -> true, 'org.springframework.test.context.web.ServletTestExecutionListener.populatedRequestContextHolder' -> true, 'org.springframework.test.context.web.ServletTestExecutionListener.resetRequestContextHolder' -> true, 'org.springframework.test.context.event.ApplicationEventsTestExecutionListener.recordApplicationEvents' -> false]]
2023-03-21 20:05:17.135  INFO 7004 --- [    Test worker] o.s.t.c.transaction.TransactionContext   : Began transaction (1) for test context [DefaultTestContext@3a5e591b testClass = TaskServiceTest, testInstance = sangmyung.chatprompt.task.service.TaskServiceTest@7df0bb1, testMethod = canModifyInstruction@TaskServiceTest, testException = [null], mergedContextConfiguration = [WebMergedContextConfiguration@29244152 testClass = TaskServiceTest, locations = '{}', classes = '{class sangmyung.chatprompt.ChatPromptApplication}', contextInitializerClasses = '[]', activeProfiles = '{test}', propertySourceLocations = '{}', propertySourceProperties = '{spring.profiles.active=test, org.springframework.boot.test.context.SpringBootTestContextBootstrapper=true}', contextCustomizers = set[org.springframework.boot.test.autoconfigure.actuate.metrics.MetricsExportContextCustomizerFactory$DisableMetricExportContextCustomizer@600b90df, org.springframework.boot.test.autoconfigure.properties.PropertyMappingContextCustomizer@0, org.springframework.boot.test.autoconfigure.web.servlet.WebDriverContextCustomizerFactory$Customizer@60df60da, org.springframework.boot.test.context.filter.ExcludeFilterContextCustomizer@632ceb35, org.springframework.boot.test.json.DuplicateJsonObjectContextCustomizerFactory$DuplicateJsonObjectContextCustomizer@130e116b, org.springframework.boot.test.mock.mockito.MockitoContextCustomizer@0, org.springframework.boot.test.web.client.TestRestTemplateContextCustomizer@9ebe38b, org.springframework.boot.test.context.SpringBootTestArgs@1, org.springframework.boot.test.context.SpringBootTestWebEnvironment@2d2ffcb7], resourceBasePath = 'src/main/webapp', contextLoader = 'org.springframework.boot.test.context.SpringBootContextLoader', parent = [null]], attributes = map['org.springframework.test.context.web.ServletTestExecutionListener.activateListener' -> true, 'org.springframework.test.context.web.ServletTestExecutionListener.populatedRequestContextHolder' -> true, 'org.springframework.test.context.web.ServletTestExecutionListener.resetRequestContextHolder' -> true, 'org.springframework.test.context.event.ApplicationEventsTestExecutionListener.recordApplicationEvents' -> false]]; transaction manager [org.springframework.orm.jpa.JpaTransactionManager@727b3b0]; rollback [true]
2023-03-21 20:05:17.148  INFO 7004 --- [    Test worker] s.chatprompt.task.service.TaskService    : task 처리179	현재 인덱스: 0	 전체 인덱스: 72
2023-03-21 20:05:17.150  INFO 7004 --- [    Test worker] s.chatprompt.task.service.TaskService    : task 처리179	현재 인덱스: 2	 전체 인덱스: 72
2023-03-21 20:05:17.153  INFO 7004 --- [    Test worker] s.chatprompt.task.service.TaskService    : task 처리180	현재 인덱스: 4	 전체 인덱스: 72
2023-03-21 20:05:17.155  INFO 7004 --- [    Test worker] s.chatprompt.task.service.TaskService    : task 처리180	현재 인덱스: 6	 전체 인덱스: 72
2023-03-21 20:05:17.157  INFO 7004 --- [    Test worker] s.chatprompt.task.service.TaskService    : task 처리180	현재 인덱스: 8	 전체 인덱스: 72
2023-03-21 20:05:17.160  INFO 7004 --- [    Test worker] s.chatprompt.task.service.TaskService    : task 처리181	현재 인덱스: 10	 전체 인덱스: 72
2023-03-21 20:05:17.162  INFO 7004 --- [    Test worker] s.chatprompt.task.service.TaskService    : task 처리181	현재 인덱스: 12	 전체 인덱스: 72
2023-03-21 20:05:17.164  INFO 7004 --- [    Test worker] s.chatprompt.task.service.TaskService    : task 처리181	현재 인덱스: 14	 전체 인덱스: 72
2023-03-21 20:05:17.166  INFO 7004 --- [    Test worker] s.chatprompt.task.service.TaskService    : task 처리292	현재 인덱스: 16	 전체 인덱스: 72
2023-03-21 20:05:17.168  INFO 7004 --- [    Test worker] s.chatprompt.task.service.TaskService    : task 처리292	현재 인덱스: 18	 전체 인덱스: 72
2023-03-21 20:05:17.171  INFO 7004 --- [    Test worker] s.chatprompt.task.service.TaskService    : task 처리292	현재 인덱스: 20	 전체 인덱스: 72
2023-03-21 20:05:17.174  INFO 7004 --- [    Test worker] s.chatprompt.task.service.TaskService    : task 처리388	현재 인덱스: 22	 전체 인덱스: 72
2023-03-21 20:05:17.176  INFO 7004 --- [    Test worker] s.chatprompt.task.service.TaskService    : task 처리388	현재 인덱스: 24	 전체 인덱스: 72
2023-03-21 20:05:17.178  INFO 7004 --- [    Test worker] s.chatprompt.task.service.TaskService    : task 처리388	현재 인덱스: 26	 전체 인덱스: 72
2023-03-21 20:05:17.180  INFO 7004 --- [    Test worker] s.chatprompt.task.service.TaskService    : task 처리388	현재 인덱스: 28	 전체 인덱스: 72
2023-03-21 20:05:17.182  INFO 7004 --- [    Test worker] s.chatprompt.task.service.TaskService    : task 처리388	현재 인덱스: 30	 전체 인덱스: 72
2023-03-21 20:05:17.185  INFO 7004 --- [    Test worker] s.chatprompt.task.service.TaskService    : task 처리456	현재 인덱스: 32	 전체 인덱스: 72
2023-03-21 20:05:17.187  INFO 7004 --- [    Test worker] s.chatprompt.task.service.TaskService    : task 처리456	현재 인덱스: 34	 전체 인덱스: 72
2023-03-21 20:05:17.190  INFO 7004 --- [    Test worker] s.chatprompt.task.service.TaskService    : task 처리456	현재 인덱스: 36	 전체 인덱스: 72
2023-03-21 20:05:17.199  INFO 7004 --- [    Test worker] s.chatprompt.task.service.TaskService    : task 처리578	현재 인덱스: 38	 전체 인덱스: 72
2023-03-21 20:05:17.201  INFO 7004 --- [    Test worker] s.chatprompt.task.service.TaskService    : task 처리578	현재 인덱스: 40	 전체 인덱스: 72
2023-03-21 20:05:17.205  INFO 7004 --- [    Test worker] s.chatprompt.task.service.TaskService    : task 처리578	현재 인덱스: 42	 전체 인덱스: 72
2023-03-21 20:05:17.209  INFO 7004 --- [    Test worker] s.chatprompt.task.service.TaskService    : task 처리621	현재 인덱스: 44	 전체 인덱스: 72
2023-03-21 20:05:17.211  INFO 7004 --- [    Test worker] s.chatprompt.task.service.TaskService    : task 처리621	현재 인덱스: 46	 전체 인덱스: 72
2023-03-21 20:05:17.214  INFO 7004 --- [    Test worker] s.chatprompt.task.service.TaskService    : task 처리621	현재 인덱스: 48	 전체 인덱스: 72
2023-03-21 20:05:17.217  INFO 7004 --- [    Test worker] s.chatprompt.task.service.TaskService    : task 처리646	현재 인덱스: 50	 전체 인덱스: 72
2023-03-21 20:05:17.219  INFO 7004 --- [    Test worker] s.chatprompt.task.service.TaskService    : task 처리646	현재 인덱스: 52	 전체 인덱스: 72
2023-03-21 20:05:17.223  INFO 7004 --- [    Test worker] s.chatprompt.task.service.TaskService    : task 처리647	현재 인덱스: 54	 전체 인덱스: 72
2023-03-21 20:05:17.225  INFO 7004 --- [    Test worker] s.chatprompt.task.service.TaskService    : task 처리647	현재 인덱스: 56	 전체 인덱스: 72
2023-03-21 20:05:17.228  INFO 7004 --- [    Test worker] s.chatprompt.task.service.TaskService    : task 처리676	현재 인덱스: 58	 전체 인덱스: 72
2023-03-21 20:05:17.231  INFO 7004 --- [    Test worker] s.chatprompt.task.service.TaskService    : task 처리676	현재 인덱스: 60	 전체 인덱스: 72
2023-03-21 20:05:17.233  INFO 7004 --- [    Test worker] s.chatprompt.task.service.TaskService    : task 처리676	현재 인덱스: 62	 전체 인덱스: 72
2023-03-21 20:05:17.236  INFO 7004 --- [    Test worker] s.chatprompt.task.service.TaskService    : task 처리678	현재 인덱스: 64	 전체 인덱스: 72
2023-03-21 20:05:17.238  INFO 7004 --- [    Test worker] s.chatprompt.task.service.TaskService    : task 처리678	현재 인덱스: 66	 전체 인덱스: 72
2023-03-21 20:05:17.240  INFO 7004 --- [    Test worker] s.chatprompt.task.service.TaskService    : task 처리678	현재 인덱스: 68	 전체 인덱스: 72
2023-03-21 20:05:17.243  INFO 7004 --- [    Test worker] s.chatprompt.task.service.TaskService    : task 처리683	현재 인덱스: 70	 전체 인덱스: 72
2023-03-21 20:05:17.243  INFO 7004 --- [    Test worker] s.chatprompt.task.service.TaskService    : task 처리 완료
2023-03-21 20:05:17.267  INFO 7004 --- [    Test worker] o.s.t.c.transaction.TransactionContext   : Rolled back transaction for test: [DefaultTestContext@3a5e591b testClass = TaskServiceTest, testInstance = sangmyung.chatprompt.task.service.TaskServiceTest@7df0bb1, testMethod = canModifyInstruction@TaskServiceTest, testException = [null], mergedContextConfiguration = [WebMergedContextConfiguration@29244152 testClass = TaskServiceTest, locations = '{}', classes = '{class sangmyung.chatprompt.ChatPromptApplication}', contextInitializerClasses = '[]', activeProfiles = '{test}', propertySourceLocations = '{}', propertySourceProperties = '{spring.profiles.active=test, org.springframework.boot.test.context.SpringBootTestContextBootstrapper=true}', contextCustomizers = set[org.springframework.boot.test.autoconfigure.actuate.metrics.MetricsExportContextCustomizerFactory$DisableMetricExportContextCustomizer@600b90df, org.springframework.boot.test.autoconfigure.properties.PropertyMappingContextCustomizer@0, org.springframework.boot.test.autoconfigure.web.servlet.WebDriverContextCustomizerFactory$Customizer@60df60da, org.springframework.boot.test.context.filter.ExcludeFilterContextCustomizer@632ceb35, org.springframework.boot.test.json.DuplicateJsonObjectContextCustomizerFactory$DuplicateJsonObjectContextCustomizer@130e116b, org.springframework.boot.test.mock.mockito.MockitoContextCustomizer@0, org.springframework.boot.test.web.client.TestRestTemplateContextCustomizer@9ebe38b, org.springframework.boot.test.context.SpringBootTestArgs@1, org.springframework.boot.test.context.SpringBootTestWebEnvironment@2d2ffcb7], resourceBasePath = 'src/main/webapp', contextLoader = 'org.springframework.boot.test.context.SpringBootContextLoader', parent = [null]], attributes = map['org.springframework.test.context.web.ServletTestExecutionListener.activateListener' -> true, 'org.springframework.test.context.web.ServletTestExecutionListener.populatedRequestContextHolder' -> true, 'org.springframework.test.context.web.ServletTestExecutionListener.resetRequestContextHolder' -> true, 'org.springframework.test.context.event.ApplicationEventsTestExecutionListener.recordApplicationEvents' -> false]]
2023-03-21 20:05:17.269  INFO 7004 --- [    Test worker] o.s.t.c.transaction.TransactionContext   : Began transaction (1) for test context [DefaultTestContext@3a5e591b testClass = TaskServiceTest, testInstance = sangmyung.chatprompt.task.service.TaskServiceTest@7dbe9654, testMethod = canFindTaskByTaskNum@TaskServiceTest, testException = [null], mergedContextConfiguration = [WebMergedContextConfiguration@29244152 testClass = TaskServiceTest, locations = '{}', classes = '{class sangmyung.chatprompt.ChatPromptApplication}', contextInitializerClasses = '[]', activeProfiles = '{test}', propertySourceLocations = '{}', propertySourceProperties = '{spring.profiles.active=test, org.springframework.boot.test.context.SpringBootTestContextBootstrapper=true}', contextCustomizers = set[org.springframework.boot.test.autoconfigure.actuate.metrics.MetricsExportContextCustomizerFactory$DisableMetricExportContextCustomizer@600b90df, org.springframework.boot.test.autoconfigure.properties.PropertyMappingContextCustomizer@0, org.springframework.boot.test.autoconfigure.web.servlet.WebDriverContextCustomizerFactory$Customizer@60df60da, org.springframework.boot.test.context.filter.ExcludeFilterContextCustomizer@632ceb35, org.springframework.boot.test.json.DuplicateJsonObjectContextCustomizerFactory$DuplicateJsonObjectContextCustomizer@130e116b, org.springframework.boot.test.mock.mockito.MockitoContextCustomizer@0, org.springframework.boot.test.web.client.TestRestTemplateContextCustomizer@9ebe38b, org.springframework.boot.test.context.SpringBootTestArgs@1, org.springframework.boot.test.context.SpringBootTestWebEnvironment@2d2ffcb7], resourceBasePath = 'src/main/webapp', contextLoader = 'org.springframework.boot.test.context.SpringBootContextLoader', parent = [null]], attributes = map['org.springframework.test.context.web.ServletTestExecutionListener.activateListener' -> true, 'org.springframework.test.context.web.ServletTestExecutionListener.populatedRequestContextHolder' -> true, 'org.springframework.test.context.web.ServletTestExecutionListener.resetRequestContextHolder' -> true, 'org.springframework.test.context.event.ApplicationEventsTestExecutionListener.recordApplicationEvents' -> false]]; transaction manager [org.springframework.orm.jpa.JpaTransactionManager@727b3b0]; rollback [true]
2023-03-21 20:05:17.280  INFO 7004 --- [    Test worker] s.chatprompt.task.service.TaskService    : task 처리179	현재 인덱스: 0	 전체 인덱스: 72
2023-03-21 20:05:17.282  INFO 7004 --- [    Test worker] s.chatprompt.task.service.TaskService    : task 처리179	현재 인덱스: 2	 전체 인덱스: 72
2023-03-21 20:05:17.285  INFO 7004 --- [    Test worker] s.chatprompt.task.service.TaskService    : task 처리180	현재 인덱스: 4	 전체 인덱스: 72
2023-03-21 20:05:17.287  INFO 7004 --- [    Test worker] s.chatprompt.task.service.TaskService    : task 처리180	현재 인덱스: 6	 전체 인덱스: 72
2023-03-21 20:05:17.288  INFO 7004 --- [    Test worker] s.chatprompt.task.service.TaskService    : task 처리180	현재 인덱스: 8	 전체 인덱스: 72
2023-03-21 20:05:17.291  INFO 7004 --- [    Test worker] s.chatprompt.task.service.TaskService    : task 처리181	현재 인덱스: 10	 전체 인덱스: 72
2023-03-21 20:05:17.293  INFO 7004 --- [    Test worker] s.chatprompt.task.service.TaskService    : task 처리181	현재 인덱스: 12	 전체 인덱스: 72
2023-03-21 20:05:17.295  INFO 7004 --- [    Test worker] s.chatprompt.task.service.TaskService    : task 처리181	현재 인덱스: 14	 전체 인덱스: 72
2023-03-21 20:05:17.298  INFO 7004 --- [    Test worker] s.chatprompt.task.service.TaskService    : task 처리292	현재 인덱스: 16	 전체 인덱스: 72
2023-03-21 20:05:17.300  INFO 7004 --- [    Test worker] s.chatprompt.task.service.TaskService    : task 처리292	현재 인덱스: 18	 전체 인덱스: 72
2023-03-21 20:05:17.302  INFO 7004 --- [    Test worker] s.chatprompt.task.service.TaskService    : task 처리292	현재 인덱스: 20	 전체 인덱스: 72
2023-03-21 20:05:17.305  INFO 7004 --- [    Test worker] s.chatprompt.task.service.TaskService    : task 처리388	현재 인덱스: 22	 전체 인덱스: 72
2023-03-21 20:05:17.307  INFO 7004 --- [    Test worker] s.chatprompt.task.service.TaskService    : task 처리388	현재 인덱스: 24	 전체 인덱스: 72
2023-03-21 20:05:17.309  INFO 7004 --- [    Test worker] s.chatprompt.task.service.TaskService    : task 처리388	현재 인덱스: 26	 전체 인덱스: 72
2023-03-21 20:05:17.312  INFO 7004 --- [    Test worker] s.chatprompt.task.service.TaskService    : task 처리388	현재 인덱스: 28	 전체 인덱스: 72
2023-03-21 20:05:17.314  INFO 7004 --- [    Test worker] s.chatprompt.task.service.TaskService    : task 처리388	현재 인덱스: 30	 전체 인덱스: 72
2023-03-21 20:05:17.317  INFO 7004 --- [    Test worker] s.chatprompt.task.service.TaskService    : task 처리456	현재 인덱스: 32	 전체 인덱스: 72
2023-03-21 20:05:17.319  INFO 7004 --- [    Test worker] s.chatprompt.task.service.TaskService    : task 처리456	현재 인덱스: 34	 전체 인덱스: 72
2023-03-21 20:05:17.321  INFO 7004 --- [    Test worker] s.chatprompt.task.service.TaskService    : task 처리456	현재 인덱스: 36	 전체 인덱스: 72
2023-03-21 20:05:17.324  INFO 7004 --- [    Test worker] s.chatprompt.task.service.TaskService    : task 처리578	현재 인덱스: 38	 전체 인덱스: 72
2023-03-21 20:05:17.326  INFO 7004 --- [    Test worker] s.chatprompt.task.service.TaskService    : task 처리578	현재 인덱스: 40	 전체 인덱스: 72
2023-03-21 20:05:17.329  INFO 7004 --- [    Test worker] s.chatprompt.task.service.TaskService    : task 처리578	현재 인덱스: 42	 전체 인덱스: 72
2023-03-21 20:05:17.332  INFO 7004 --- [    Test worker] s.chatprompt.task.service.TaskService    : task 처리621	현재 인덱스: 44	 전체 인덱스: 72
2023-03-21 20:05:17.334  INFO 7004 --- [    Test worker] s.chatprompt.task.service.TaskService    : task 처리621	현재 인덱스: 46	 전체 인덱스: 72
2023-03-21 20:05:17.336  INFO 7004 --- [    Test worker] s.chatprompt.task.service.TaskService    : task 처리621	현재 인덱스: 48	 전체 인덱스: 72
2023-03-21 20:05:17.339  INFO 7004 --- [    Test worker] s.chatprompt.task.service.TaskService    : task 처리646	현재 인덱스: 50	 전체 인덱스: 72
2023-03-21 20:05:17.341  INFO 7004 --- [    Test worker] s.chatprompt.task.service.TaskService    : task 처리646	현재 인덱스: 52	 전체 인덱스: 72
2023-03-21 20:05:17.344  INFO 7004 --- [    Test worker] s.chatprompt.task.service.TaskService    : task 처리647	현재 인덱스: 54	 전체 인덱스: 72
2023-03-21 20:05:17.346  INFO 7004 --- [    Test worker] s.chatprompt.task.service.TaskService    : task 처리647	현재 인덱스: 56	 전체 인덱스: 72
2023-03-21 20:05:17.349  INFO 7004 --- [    Test worker] s.chatprompt.task.service.TaskService    : task 처리676	현재 인덱스: 58	 전체 인덱스: 72
2023-03-21 20:05:17.355  INFO 7004 --- [    Test worker] s.chatprompt.task.service.TaskService    : task 처리676	현재 인덱스: 60	 전체 인덱스: 72
2023-03-21 20:05:17.357  INFO 7004 --- [    Test worker] s.chatprompt.task.service.TaskService    : task 처리676	현재 인덱스: 62	 전체 인덱스: 72
2023-03-21 20:05:17.360  INFO 7004 --- [    Test worker] s.chatprompt.task.service.TaskService    : task 처리678	현재 인덱스: 64	 전체 인덱스: 72
2023-03-21 20:05:17.363  INFO 7004 --- [    Test worker] s.chatprompt.task.service.TaskService    : task 처리678	현재 인덱스: 66	 전체 인덱스: 72
2023-03-21 20:05:17.365  INFO 7004 --- [    Test worker] s.chatprompt.task.service.TaskService    : task 처리678	현재 인덱스: 68	 전체 인덱스: 72
2023-03-21 20:05:17.367  INFO 7004 --- [    Test worker] s.chatprompt.task.service.TaskService    : task 처리683	현재 인덱스: 70	 전체 인덱스: 72
2023-03-21 20:05:17.368  INFO 7004 --- [    Test worker] s.chatprompt.task.service.TaskService    : task 처리 완료
2023-03-21 20:05:17.373  INFO 7004 --- [    Test worker] o.s.t.c.transaction.TransactionContext   : Rolled back transaction for test: [DefaultTestContext@3a5e591b testClass = TaskServiceTest, testInstance = sangmyung.chatprompt.task.service.TaskServiceTest@7dbe9654, testMethod = canFindTaskByTaskNum@TaskServiceTest, testException = [null], mergedContextConfiguration = [WebMergedContextConfiguration@29244152 testClass = TaskServiceTest, locations = '{}', classes = '{class sangmyung.chatprompt.ChatPromptApplication}', contextInitializerClasses = '[]', activeProfiles = '{test}', propertySourceLocations = '{}', propertySourceProperties = '{spring.profiles.active=test, org.springframework.boot.test.context.SpringBootTestContextBootstrapper=true}', contextCustomizers = set[org.springframework.boot.test.autoconfigure.actuate.metrics.MetricsExportContextCustomizerFactory$DisableMetricExportContextCustomizer@600b90df, org.springframework.boot.test.autoconfigure.properties.PropertyMappingContextCustomizer@0, org.springframework.boot.test.autoconfigure.web.servlet.WebDriverContextCustomizerFactory$Customizer@60df60da, org.springframework.boot.test.context.filter.ExcludeFilterContextCustomizer@632ceb35, org.springframework.boot.test.json.DuplicateJsonObjectContextCustomizerFactory$DuplicateJsonObjectContextCustomizer@130e116b, org.springframework.boot.test.mock.mockito.MockitoContextCustomizer@0, org.springframework.boot.test.web.client.TestRestTemplateContextCustomizer@9ebe38b, org.springframework.boot.test.context.SpringBootTestArgs@1, org.springframework.boot.test.context.SpringBootTestWebEnvironment@2d2ffcb7], resourceBasePath = 'src/main/webapp', contextLoader = 'org.springframework.boot.test.context.SpringBootContextLoader', parent = [null]], attributes = map['org.springframework.test.context.web.ServletTestExecutionListener.activateListener' -> true, 'org.springframework.test.context.web.ServletTestExecutionListener.populatedRequestContextHolder' -> true, 'org.springframework.test.context.web.ServletTestExecutionListener.resetRequestContextHolder' -> true, 'org.springframework.test.context.event.ApplicationEventsTestExecutionListener.recordApplicationEvents' -> false]]
2023-03-21 20:05:17.375  INFO 7004 --- [    Test worker] o.s.t.c.transaction.TransactionContext   : Began transaction (1) for test context [DefaultTestContext@3a5e591b testClass = TaskServiceTest, testInstance = sangmyung.chatprompt.task.service.TaskServiceTest@7980eb2, testMethod = canConverTaskToTaskResponse@TaskServiceTest, testException = [null], mergedContextConfiguration = [WebMergedContextConfiguration@29244152 testClass = TaskServiceTest, locations = '{}', classes = '{class sangmyung.chatprompt.ChatPromptApplication}', contextInitializerClasses = '[]', activeProfiles = '{test}', propertySourceLocations = '{}', propertySourceProperties = '{spring.profiles.active=test, org.springframework.boot.test.context.SpringBootTestContextBootstrapper=true}', contextCustomizers = set[org.springframework.boot.test.autoconfigure.actuate.metrics.MetricsExportContextCustomizerFactory$DisableMetricExportContextCustomizer@600b90df, org.springframework.boot.test.autoconfigure.properties.PropertyMappingContextCustomizer@0, org.springframework.boot.test.autoconfigure.web.servlet.WebDriverContextCustomizerFactory$Customizer@60df60da, org.springframework.boot.test.context.filter.ExcludeFilterContextCustomizer@632ceb35, org.springframework.boot.test.json.DuplicateJsonObjectContextCustomizerFactory$DuplicateJsonObjectContextCustomizer@130e116b, org.springframework.boot.test.mock.mockito.MockitoContextCustomizer@0, org.springframework.boot.test.web.client.TestRestTemplateContextCustomizer@9ebe38b, org.springframework.boot.test.context.SpringBootTestArgs@1, org.springframework.boot.test.context.SpringBootTestWebEnvironment@2d2ffcb7], resourceBasePath = 'src/main/webapp', contextLoader = 'org.springframework.boot.test.context.SpringBootContextLoader', parent = [null]], attributes = map['org.springframework.test.context.web.ServletTestExecutionListener.activateListener' -> true, 'org.springframework.test.context.web.ServletTestExecutionListener.populatedRequestContextHolder' -> true, 'org.springframework.test.context.web.ServletTestExecutionListener.resetRequestContextHolder' -> true, 'org.springframework.test.context.event.ApplicationEventsTestExecutionListener.recordApplicationEvents' -> false]]; transaction manager [org.springframework.orm.jpa.JpaTransactionManager@727b3b0]; rollback [true]
2023-03-21 20:05:17.388  INFO 7004 --- [    Test worker] s.chatprompt.task.service.TaskService    : task 처리179	현재 인덱스: 0	 전체 인덱스: 72
2023-03-21 20:05:17.390  INFO 7004 --- [    Test worker] s.chatprompt.task.service.TaskService    : task 처리179	현재 인덱스: 2	 전체 인덱스: 72
2023-03-21 20:05:17.392  INFO 7004 --- [    Test worker] s.chatprompt.task.service.TaskService    : task 처리180	현재 인덱스: 4	 전체 인덱스: 72
2023-03-21 20:05:17.394  INFO 7004 --- [    Test worker] s.chatprompt.task.service.TaskService    : task 처리180	현재 인덱스: 6	 전체 인덱스: 72
2023-03-21 20:05:17.397  INFO 7004 --- [    Test worker] s.chatprompt.task.service.TaskService    : task 처리180	현재 인덱스: 8	 전체 인덱스: 72
2023-03-21 20:05:17.399  INFO 7004 --- [    Test worker] s.chatprompt.task.service.TaskService    : task 처리181	현재 인덱스: 10	 전체 인덱스: 72
2023-03-21 20:05:17.401  INFO 7004 --- [    Test worker] s.chatprompt.task.service.TaskService    : task 처리181	현재 인덱스: 12	 전체 인덱스: 72
2023-03-21 20:05:17.402  INFO 7004 --- [    Test worker] s.chatprompt.task.service.TaskService    : task 처리181	현재 인덱스: 14	 전체 인덱스: 72
2023-03-21 20:05:17.405  INFO 7004 --- [    Test worker] s.chatprompt.task.service.TaskService    : task 처리292	현재 인덱스: 16	 전체 인덱스: 72
2023-03-21 20:05:17.408  INFO 7004 --- [    Test worker] s.chatprompt.task.service.TaskService    : task 처리292	현재 인덱스: 18	 전체 인덱스: 72
2023-03-21 20:05:17.416  INFO 7004 --- [    Test worker] s.chatprompt.task.service.TaskService    : task 처리292	현재 인덱스: 20	 전체 인덱스: 72
2023-03-21 20:05:17.418  INFO 7004 --- [    Test worker] s.chatprompt.task.service.TaskService    : task 처리388	현재 인덱스: 22	 전체 인덱스: 72
2023-03-21 20:05:17.421  INFO 7004 --- [    Test worker] s.chatprompt.task.service.TaskService    : task 처리388	현재 인덱스: 24	 전체 인덱스: 72
2023-03-21 20:05:17.423  INFO 7004 --- [    Test worker] s.chatprompt.task.service.TaskService    : task 처리388	현재 인덱스: 26	 전체 인덱스: 72
2023-03-21 20:05:17.424  INFO 7004 --- [    Test worker] s.chatprompt.task.service.TaskService    : task 처리388	현재 인덱스: 28	 전체 인덱스: 72
2023-03-21 20:05:17.426  INFO 7004 --- [    Test worker] s.chatprompt.task.service.TaskService    : task 처리388	현재 인덱스: 30	 전체 인덱스: 72
2023-03-21 20:05:17.429  INFO 7004 --- [    Test worker] s.chatprompt.task.service.TaskService    : task 처리456	현재 인덱스: 32	 전체 인덱스: 72
2023-03-21 20:05:17.431  INFO 7004 --- [    Test worker] s.chatprompt.task.service.TaskService    : task 처리456	현재 인덱스: 34	 전체 인덱스: 72
2023-03-21 20:05:17.433  INFO 7004 --- [    Test worker] s.chatprompt.task.service.TaskService    : task 처리456	현재 인덱스: 36	 전체 인덱스: 72
2023-03-21 20:05:17.437  INFO 7004 --- [    Test worker] s.chatprompt.task.service.TaskService    : task 처리578	현재 인덱스: 38	 전체 인덱스: 72
2023-03-21 20:05:17.439  INFO 7004 --- [    Test worker] s.chatprompt.task.service.TaskService    : task 처리578	현재 인덱스: 40	 전체 인덱스: 72
2023-03-21 20:05:17.441  INFO 7004 --- [    Test worker] s.chatprompt.task.service.TaskService    : task 처리578	현재 인덱스: 42	 전체 인덱스: 72
2023-03-21 20:05:17.444  INFO 7004 --- [    Test worker] s.chatprompt.task.service.TaskService    : task 처리621	현재 인덱스: 44	 전체 인덱스: 72
2023-03-21 20:05:17.446  INFO 7004 --- [    Test worker] s.chatprompt.task.service.TaskService    : task 처리621	현재 인덱스: 46	 전체 인덱스: 72
2023-03-21 20:05:17.448  INFO 7004 --- [    Test worker] s.chatprompt.task.service.TaskService    : task 처리621	현재 인덱스: 48	 전체 인덱스: 72
2023-03-21 20:05:17.451  INFO 7004 --- [    Test worker] s.chatprompt.task.service.TaskService    : task 처리646	현재 인덱스: 50	 전체 인덱스: 72
2023-03-21 20:05:17.453  INFO 7004 --- [    Test worker] s.chatprompt.task.service.TaskService    : task 처리646	현재 인덱스: 52	 전체 인덱스: 72
2023-03-21 20:05:17.455  INFO 7004 --- [    Test worker] s.chatprompt.task.service.TaskService    : task 처리647	현재 인덱스: 54	 전체 인덱스: 72
2023-03-21 20:05:17.457  INFO 7004 --- [    Test worker] s.chatprompt.task.service.TaskService    : task 처리647	현재 인덱스: 56	 전체 인덱스: 72
2023-03-21 20:05:17.461  INFO 7004 --- [    Test worker] s.chatprompt.task.service.TaskService    : task 처리676	현재 인덱스: 58	 전체 인덱스: 72
2023-03-21 20:05:17.464  INFO 7004 --- [    Test worker] s.chatprompt.task.service.TaskService    : task 처리676	현재 인덱스: 60	 전체 인덱스: 72
2023-03-21 20:05:17.466  INFO 7004 --- [    Test worker] s.chatprompt.task.service.TaskService    : task 처리676	현재 인덱스: 62	 전체 인덱스: 72
2023-03-21 20:05:17.469  INFO 7004 --- [    Test worker] s.chatprompt.task.service.TaskService    : task 처리678	현재 인덱스: 64	 전체 인덱스: 72
2023-03-21 20:05:17.471  INFO 7004 --- [    Test worker] s.chatprompt.task.service.TaskService    : task 처리678	현재 인덱스: 66	 전체 인덱스: 72
2023-03-21 20:05:17.473  INFO 7004 --- [    Test worker] s.chatprompt.task.service.TaskService    : task 처리678	현재 인덱스: 68	 전체 인덱스: 72
2023-03-21 20:05:17.476  INFO 7004 --- [    Test worker] s.chatprompt.task.service.TaskService    : task 처리683	현재 인덱스: 70	 전체 인덱스: 72
2023-03-21 20:05:17.476  INFO 7004 --- [    Test worker] s.chatprompt.task.service.TaskService    : task 처리 완료
2023-03-21 20:05:17.484  INFO 7004 --- [    Test worker] o.s.t.c.transaction.TransactionContext   : Rolled back transaction for test: [DefaultTestContext@3a5e591b testClass = TaskServiceTest, testInstance = sangmyung.chatprompt.task.service.TaskServiceTest@7980eb2, testMethod = canConverTaskToTaskResponse@TaskServiceTest, testException = [null], mergedContextConfiguration = [WebMergedContextConfiguration@29244152 testClass = TaskServiceTest, locations = '{}', classes = '{class sangmyung.chatprompt.ChatPromptApplication}', contextInitializerClasses = '[]', activeProfiles = '{test}', propertySourceLocations = '{}', propertySourceProperties = '{spring.profiles.active=test, org.springframework.boot.test.context.SpringBootTestContextBootstrapper=true}', contextCustomizers = set[org.springframework.boot.test.autoconfigure.actuate.metrics.MetricsExportContextCustomizerFactory$DisableMetricExportContextCustomizer@600b90df, org.springframework.boot.test.autoconfigure.properties.PropertyMappingContextCustomizer@0, org.springframework.boot.test.autoconfigure.web.servlet.WebDriverContextCustomizerFactory$Customizer@60df60da, org.springframework.boot.test.context.filter.ExcludeFilterContextCustomizer@632ceb35, org.springframework.boot.test.json.DuplicateJsonObjectContextCustomizerFactory$DuplicateJsonObjectContextCustomizer@130e116b, org.springframework.boot.test.mock.mockito.MockitoContextCustomizer@0, org.springframework.boot.test.web.client.TestRestTemplateContextCustomizer@9ebe38b, org.springframework.boot.test.context.SpringBootTestArgs@1, org.springframework.boot.test.context.SpringBootTestWebEnvironment@2d2ffcb7], resourceBasePath = 'src/main/webapp', contextLoader = 'org.springframework.boot.test.context.SpringBootContextLoader', parent = [null]], attributes = map['org.springframework.test.context.web.ServletTestExecutionListener.activateListener' -> true, 'org.springframework.test.context.web.ServletTestExecutionListener.populatedRequestContextHolder' -> true, 'org.springframework.test.context.web.ServletTestExecutionListener.resetRequestContextHolder' -> true, 'org.springframework.test.context.event.ApplicationEventsTestExecutionListener.recordApplicationEvents' -> false]]
2023-03-21 20:05:17.486  INFO 7004 --- [    Test worker] o.s.t.c.transaction.TransactionContext   : Began transaction (1) for test context [DefaultTestContext@3a5e591b testClass = TaskServiceTest, testInstance = sangmyung.chatprompt.task.service.TaskServiceTest@69a8617c, testMethod = canConvertIOPairToIOResponse@TaskServiceTest, testException = [null], mergedContextConfiguration = [WebMergedContextConfiguration@29244152 testClass = TaskServiceTest, locations = '{}', classes = '{class sangmyung.chatprompt.ChatPromptApplication}', contextInitializerClasses = '[]', activeProfiles = '{test}', propertySourceLocations = '{}', propertySourceProperties = '{spring.profiles.active=test, org.springframework.boot.test.context.SpringBootTestContextBootstrapper=true}', contextCustomizers = set[org.springframework.boot.test.autoconfigure.actuate.metrics.MetricsExportContextCustomizerFactory$DisableMetricExportContextCustomizer@600b90df, org.springframework.boot.test.autoconfigure.properties.PropertyMappingContextCustomizer@0, org.springframework.boot.test.autoconfigure.web.servlet.WebDriverContextCustomizerFactory$Customizer@60df60da, org.springframework.boot.test.context.filter.ExcludeFilterContextCustomizer@632ceb35, org.springframework.boot.test.json.DuplicateJsonObjectContextCustomizerFactory$DuplicateJsonObjectContextCustomizer@130e116b, org.springframework.boot.test.mock.mockito.MockitoContextCustomizer@0, org.springframework.boot.test.web.client.TestRestTemplateContextCustomizer@9ebe38b, org.springframework.boot.test.context.SpringBootTestArgs@1, org.springframework.boot.test.context.SpringBootTestWebEnvironment@2d2ffcb7], resourceBasePath = 'src/main/webapp', contextLoader = 'org.springframework.boot.test.context.SpringBootContextLoader', parent = [null]], attributes = map['org.springframework.test.context.web.ServletTestExecutionListener.activateListener' -> true, 'org.springframework.test.context.web.ServletTestExecutionListener.populatedRequestContextHolder' -> true, 'org.springframework.test.context.web.ServletTestExecutionListener.resetRequestContextHolder' -> true, 'org.springframework.test.context.event.ApplicationEventsTestExecutionListener.recordApplicationEvents' -> false]]; transaction manager [org.springframework.orm.jpa.JpaTransactionManager@727b3b0]; rollback [true]
2023-03-21 20:05:17.498  INFO 7004 --- [    Test worker] s.chatprompt.task.service.TaskService    : task 처리179	현재 인덱스: 0	 전체 인덱스: 72
2023-03-21 20:05:17.499  INFO 7004 --- [    Test worker] s.chatprompt.task.service.TaskService    : task 처리179	현재 인덱스: 2	 전체 인덱스: 72
2023-03-21 20:05:17.502  INFO 7004 --- [    Test worker] s.chatprompt.task.service.TaskService    : task 처리180	현재 인덱스: 4	 전체 인덱스: 72
2023-03-21 20:05:17.503  INFO 7004 --- [    Test worker] s.chatprompt.task.service.TaskService    : task 처리180	현재 인덱스: 6	 전체 인덱스: 72
2023-03-21 20:05:17.505  INFO 7004 --- [    Test worker] s.chatprompt.task.service.TaskService    : task 처리180	현재 인덱스: 8	 전체 인덱스: 72
2023-03-21 20:05:17.507  INFO 7004 --- [    Test worker] s.chatprompt.task.service.TaskService    : task 처리181	현재 인덱스: 10	 전체 인덱스: 72
2023-03-21 20:05:17.509  INFO 7004 --- [    Test worker] s.chatprompt.task.service.TaskService    : task 처리181	현재 인덱스: 12	 전체 인덱스: 72
2023-03-21 20:05:17.510  INFO 7004 --- [    Test worker] s.chatprompt.task.service.TaskService    : task 처리181	현재 인덱스: 14	 전체 인덱스: 72
2023-03-21 20:05:17.512  INFO 7004 --- [    Test worker] s.chatprompt.task.service.TaskService    : task 처리292	현재 인덱스: 16	 전체 인덱스: 72
2023-03-21 20:05:17.514  INFO 7004 --- [    Test worker] s.chatprompt.task.service.TaskService    : task 처리292	현재 인덱스: 18	 전체 인덱스: 72
2023-03-21 20:05:17.516  INFO 7004 --- [    Test worker] s.chatprompt.task.service.TaskService    : task 처리292	현재 인덱스: 20	 전체 인덱스: 72
2023-03-21 20:05:17.518  INFO 7004 --- [    Test worker] s.chatprompt.task.service.TaskService    : task 처리388	현재 인덱스: 22	 전체 인덱스: 72
2023-03-21 20:05:17.519  INFO 7004 --- [    Test worker] s.chatprompt.task.service.TaskService    : task 처리388	현재 인덱스: 24	 전체 인덱스: 72
2023-03-21 20:05:17.524  INFO 7004 --- [    Test worker] s.chatprompt.task.service.TaskService    : task 처리388	현재 인덱스: 26	 전체 인덱스: 72
2023-03-21 20:05:17.526  INFO 7004 --- [    Test worker] s.chatprompt.task.service.TaskService    : task 처리388	현재 인덱스: 28	 전체 인덱스: 72
2023-03-21 20:05:17.527  INFO 7004 --- [    Test worker] s.chatprompt.task.service.TaskService    : task 처리388	현재 인덱스: 30	 전체 인덱스: 72
2023-03-21 20:05:17.529  INFO 7004 --- [    Test worker] s.chatprompt.task.service.TaskService    : task 처리456	현재 인덱스: 32	 전체 인덱스: 72
2023-03-21 20:05:17.531  INFO 7004 --- [    Test worker] s.chatprompt.task.service.TaskService    : task 처리456	현재 인덱스: 34	 전체 인덱스: 72
2023-03-21 20:05:17.533  INFO 7004 --- [    Test worker] s.chatprompt.task.service.TaskService    : task 처리456	현재 인덱스: 36	 전체 인덱스: 72
2023-03-21 20:05:17.535  INFO 7004 --- [    Test worker] s.chatprompt.task.service.TaskService    : task 처리578	현재 인덱스: 38	 전체 인덱스: 72
2023-03-21 20:05:17.537  INFO 7004 --- [    Test worker] s.chatprompt.task.service.TaskService    : task 처리578	현재 인덱스: 40	 전체 인덱스: 72
2023-03-21 20:05:17.539  INFO 7004 --- [    Test worker] s.chatprompt.task.service.TaskService    : task 처리578	현재 인덱스: 42	 전체 인덱스: 72
2023-03-21 20:05:17.541  INFO 7004 --- [    Test worker] s.chatprompt.task.service.TaskService    : task 처리621	현재 인덱스: 44	 전체 인덱스: 72
2023-03-21 20:05:17.543  INFO 7004 --- [    Test worker] s.chatprompt.task.service.TaskService    : task 처리621	현재 인덱스: 46	 전체 인덱스: 72
2023-03-21 20:05:17.545  INFO 7004 --- [    Test worker] s.chatprompt.task.service.TaskService    : task 처리621	현재 인덱스: 48	 전체 인덱스: 72
2023-03-21 20:05:17.547  INFO 7004 --- [    Test worker] s.chatprompt.task.service.TaskService    : task 처리646	현재 인덱스: 50	 전체 인덱스: 72
2023-03-21 20:05:17.554  INFO 7004 --- [    Test worker] s.chatprompt.task.service.TaskService    : task 처리646	현재 인덱스: 52	 전체 인덱스: 72
2023-03-21 20:05:17.557  INFO 7004 --- [    Test worker] s.chatprompt.task.service.TaskService    : task 처리647	현재 인덱스: 54	 전체 인덱스: 72
2023-03-21 20:05:17.558  INFO 7004 --- [    Test worker] s.chatprompt.task.service.TaskService    : task 처리647	현재 인덱스: 56	 전체 인덱스: 72
2023-03-21 20:05:17.560  INFO 7004 --- [    Test worker] s.chatprompt.task.service.TaskService    : task 처리676	현재 인덱스: 58	 전체 인덱스: 72
2023-03-21 20:05:17.562  INFO 7004 --- [    Test worker] s.chatprompt.task.service.TaskService    : task 처리676	현재 인덱스: 60	 전체 인덱스: 72
2023-03-21 20:05:17.563  INFO 7004 --- [    Test worker] s.chatprompt.task.service.TaskService    : task 처리676	현재 인덱스: 62	 전체 인덱스: 72
2023-03-21 20:05:17.566  INFO 7004 --- [    Test worker] s.chatprompt.task.service.TaskService    : task 처리678	현재 인덱스: 64	 전체 인덱스: 72
2023-03-21 20:05:17.567  INFO 7004 --- [    Test worker] s.chatprompt.task.service.TaskService    : task 처리678	현재 인덱스: 66	 전체 인덱스: 72
2023-03-21 20:05:17.569  INFO 7004 --- [    Test worker] s.chatprompt.task.service.TaskService    : task 처리678	현재 인덱스: 68	 전체 인덱스: 72
2023-03-21 20:05:17.572  INFO 7004 --- [    Test worker] s.chatprompt.task.service.TaskService    : task 처리683	현재 인덱스: 70	 전체 인덱스: 72
2023-03-21 20:05:17.572  INFO 7004 --- [    Test worker] s.chatprompt.task.service.TaskService    : task 처리 완료
2023-03-21 20:05:17.589  INFO 7004 --- [    Test worker] s.c.task.service.TaskServiceTest         : 0
2023-03-21 20:05:17.595  INFO 7004 --- [    Test worker] o.s.t.c.transaction.TransactionContext   : Rolled back transaction for test: [DefaultTestContext@3a5e591b testClass = TaskServiceTest, testInstance = sangmyung.chatprompt.task.service.TaskServiceTest@69a8617c, testMethod = canConvertIOPairToIOResponse@TaskServiceTest, testException = [null], mergedContextConfiguration = [WebMergedContextConfiguration@29244152 testClass = TaskServiceTest, locations = '{}', classes = '{class sangmyung.chatprompt.ChatPromptApplication}', contextInitializerClasses = '[]', activeProfiles = '{test}', propertySourceLocations = '{}', propertySourceProperties = '{spring.profiles.active=test, org.springframework.boot.test.context.SpringBootTestContextBootstrapper=true}', contextCustomizers = set[org.springframework.boot.test.autoconfigure.actuate.metrics.MetricsExportContextCustomizerFactory$DisableMetricExportContextCustomizer@600b90df, org.springframework.boot.test.autoconfigure.properties.PropertyMappingContextCustomizer@0, org.springframework.boot.test.autoconfigure.web.servlet.WebDriverContextCustomizerFactory$Customizer@60df60da, org.springframework.boot.test.context.filter.ExcludeFilterContextCustomizer@632ceb35, org.springframework.boot.test.json.DuplicateJsonObjectContextCustomizerFactory$DuplicateJsonObjectContextCustomizer@130e116b, org.springframework.boot.test.mock.mockito.MockitoContextCustomizer@0, org.springframework.boot.test.web.client.TestRestTemplateContextCustomizer@9ebe38b, org.springframework.boot.test.context.SpringBootTestArgs@1, org.springframework.boot.test.context.SpringBootTestWebEnvironment@2d2ffcb7], resourceBasePath = 'src/main/webapp', contextLoader = 'org.springframework.boot.test.context.SpringBootContextLoader', parent = [null]], attributes = map['org.springframework.test.context.web.ServletTestExecutionListener.activateListener' -> true, 'org.springframework.test.context.web.ServletTestExecutionListener.populatedRequestContextHolder' -> true, 'org.springframework.test.context.web.ServletTestExecutionListener.resetRequestContextHolder' -> true, 'org.springframework.test.context.event.ApplicationEventsTestExecutionListener.recordApplicationEvents' -> false]]
]]></system-out>
  <system-err><![CDATA[]]></system-err>
</testsuite>
