<?xml version="1.0" encoding="UTF-8"?>
<testsuite name="sangmyung.chatprompt.Util.XmlParserTest" tests="1" skipped="0" failures="0" errors="0" timestamp="2023-03-22T05:34:46" hostname="HEY-2.local" time="0.083">
  <properties/>
  <testcase name="unmarshal 테스트" classname="sangmyung.chatprompt.Util.XmlParserTest" time="0.083"/>
  <system-out><![CDATA[2023-03-22 14:34:46.082  INFO 18200 --- [    Test worker] .b.t.c.SpringBootTestContextBootstrapper : Neither @ContextConfiguration nor @ContextHierarchy found for test class [sangmyung.chatprompt.Util.XmlParserTest], using SpringBootContextLoader
2023-03-22 14:34:46.082  INFO 18200 --- [    Test worker] o.s.t.c.support.AbstractContextLoader    : Could not detect default resource locations for test class [sangmyung.chatprompt.Util.XmlParserTest]: no resource found for suffixes {-context.xml, Context.groovy}.
2023-03-22 14:34:46.083  INFO 18200 --- [    Test worker] t.c.s.AnnotationConfigContextLoaderUtils : Could not detect default configuration classes for test class [sangmyung.chatprompt.Util.XmlParserTest]: XmlParserTest does not declare any static, non-private, non-final, nested classes annotated with @Configuration.
2023-03-22 14:34:46.086  INFO 18200 --- [    Test worker] .b.t.c.SpringBootTestContextBootstrapper : Found @SpringBootConfiguration sangmyung.chatprompt.ChatPromptApplication for test class sangmyung.chatprompt.Util.XmlParserTest
2023-03-22 14:34:46.087  INFO 18200 --- [    Test worker] .b.t.c.SpringBootTestContextBootstrapper : Loaded default TestExecutionListener class names from location [META-INF/spring.factories]: [org.springframework.boot.test.autoconfigure.restdocs.RestDocsTestExecutionListener, org.springframework.boot.test.autoconfigure.web.client.MockRestServiceServerResetTestExecutionListener, org.springframework.boot.test.autoconfigure.web.servlet.MockMvcPrintOnlyOnFailureTestExecutionListener, org.springframework.boot.test.autoconfigure.web.servlet.WebDriverTestExecutionListener, org.springframework.boot.test.autoconfigure.webservices.client.MockWebServiceServerTestExecutionListener, org.springframework.boot.test.mock.mockito.MockitoTestExecutionListener, org.springframework.boot.test.mock.mockito.ResetMocksTestExecutionListener, org.springframework.test.context.web.ServletTestExecutionListener, org.springframework.test.context.support.DirtiesContextBeforeModesTestExecutionListener, org.springframework.test.context.event.ApplicationEventsTestExecutionListener, org.springframework.test.context.support.DependencyInjectionTestExecutionListener, org.springframework.test.context.support.DirtiesContextTestExecutionListener, org.springframework.test.context.transaction.TransactionalTestExecutionListener, org.springframework.test.context.jdbc.SqlScriptsTestExecutionListener, org.springframework.test.context.event.EventPublishingTestExecutionListener]
2023-03-22 14:34:46.087  INFO 18200 --- [    Test worker] .b.t.c.SpringBootTestContextBootstrapper : Using TestExecutionListeners: [org.springframework.test.context.web.ServletTestExecutionListener@6e669b5c, org.springframework.test.context.support.DirtiesContextBeforeModesTestExecutionListener@3db3668, org.springframework.test.context.event.ApplicationEventsTestExecutionListener@125c03d3, org.springframework.boot.test.mock.mockito.MockitoTestExecutionListener@7e9ea888, org.springframework.boot.test.autoconfigure.SpringBootDependencyInjectionTestExecutionListener@24f8707c, org.springframework.test.context.support.DirtiesContextTestExecutionListener@7e4a6afd, org.springframework.test.context.transaction.TransactionalTestExecutionListener@c7aac7c, org.springframework.test.context.jdbc.SqlScriptsTestExecutionListener@7ab8f93, org.springframework.test.context.event.EventPublishingTestExecutionListener@6037748a, org.springframework.boot.test.autoconfigure.restdocs.RestDocsTestExecutionListener@4d87e7f3, org.springframework.boot.test.autoconfigure.web.client.MockRestServiceServerResetTestExecutionListener@14c7ab73, org.springframework.boot.test.autoconfigure.web.servlet.MockMvcPrintOnlyOnFailureTestExecutionListener@4fcb796f, org.springframework.boot.test.autoconfigure.web.servlet.WebDriverTestExecutionListener@1483c738, org.springframework.boot.test.autoconfigure.webservices.client.MockWebServiceServerTestExecutionListener@66c91224, org.springframework.boot.test.mock.mockito.ResetMocksTestExecutionListener@4ffcb1bd]

  .   ____          _            __ _ _
 /\\ / ___'_ __ _ _(_)_ __  __ _ \ \ \ \
( ( )\___ | '_ | '_| | '_ \/ _` | \ \ \ \
 \\/  ___)| |_)| | | | | || (_| |  ) ) ) )
  '  |____| .__|_| |_|_| |_\__, | / / / /
 =========|_|==============|___/=/_/_/_/
 :: Spring Boot ::                (v2.7.9)

2023-03-22 14:34:46.102  INFO 18200 --- [    Test worker] sangmyung.chatprompt.Util.XmlParserTest  : Starting XmlParserTest using Java 19 on HEY-2.local with PID 18200 (started by seonghuiyeon in /Users/seonghuiyeon/IdeaProjects/ChatPrompt)
2023-03-22 14:34:46.102  INFO 18200 --- [    Test worker] sangmyung.chatprompt.Util.XmlParserTest  : The following 1 profile is active: "test"
2023-03-22 14:34:46.187  INFO 18200 --- [    Test worker] .s.d.r.c.RepositoryConfigurationDelegate : Bootstrapping Spring Data JPA repositories in DEFAULT mode.
2023-03-22 14:34:46.196  INFO 18200 --- [    Test worker] .s.d.r.c.RepositoryConfigurationDelegate : Finished Spring Data repository scanning in 9 ms. Found 4 JPA repository interfaces.
2023-03-22 14:34:46.253  INFO 18200 --- [    Test worker] o.hibernate.jpa.internal.util.LogHelper  : HHH000204: Processing PersistenceUnitInfo [name: default]
2023-03-22 14:34:46.256  INFO 18200 --- [    Test worker] com.zaxxer.hikari.HikariDataSource       : HikariPool-2 - Starting...
2023-03-22 14:34:46.366  INFO 18200 --- [    Test worker] com.zaxxer.hikari.HikariDataSource       : HikariPool-2 - Start completed.
2023-03-22 14:34:46.366  INFO 18200 --- [    Test worker] org.hibernate.dialect.Dialect            : HHH000400: Using dialect: org.hibernate.dialect.MySQL8Dialect
2023-03-22 14:34:46.485  INFO 18200 --- [    Test worker] o.h.t.schema.internal.SchemaCreatorImpl  : HHH000476: Executing import script 'file:/Users/seonghuiyeon/IdeaProjects/ChatPrompt/build/resources/main/import.sql'
2023-03-22 14:34:46.491  INFO 18200 --- [    Test worker] o.h.e.t.j.p.i.JtaPlatformInitiator       : HHH000490: Using JtaPlatform implementation: [org.hibernate.engine.transaction.jta.platform.internal.NoJtaPlatform]
2023-03-22 14:34:46.491  INFO 18200 --- [    Test worker] j.LocalContainerEntityManagerFactoryBean : Initialized JPA EntityManagerFactory for persistence unit 'default'
2023-03-22 14:34:46.626  WARN 18200 --- [    Test worker] JpaBaseConfiguration$JpaWebConfiguration : spring.jpa.open-in-view is enabled by default. Therefore, database queries may be performed during view rendering. Explicitly configure spring.jpa.open-in-view to disable this warning
2023-03-22 14:34:46.667  INFO 18200 --- [    Test worker] o.s.b.a.w.s.WelcomePageHandlerMapping    : Adding welcome page: class path resource [static/index.html]
2023-03-22 14:34:46.996  INFO 18200 --- [    Test worker] sangmyung.chatprompt.Util.XmlParserTest  : Started XmlParserTest in 0.908 seconds (JVM running for 4.795)
]]></system-out>
  <system-err><![CDATA[]]></system-err>
</testsuite>
