<?xml version="1.0" encoding="UTF-8"?>
<testsuite name="sangmyung.chatprompt.Util.XmlParserTest" tests="1" skipped="0" failures="0" errors="0" timestamp="2023-03-20T11:09:43" hostname="HEY-2.local" time="0.165">
  <properties/>
  <testcase name="unmarshal 테스트" classname="sangmyung.chatprompt.Util.XmlParserTest" time="0.165"/>
  <system-out><![CDATA[20:09:39.714 [Test worker] DEBUG org.springframework.test.context.BootstrapUtils - Instantiating CacheAwareContextLoaderDelegate from class [org.springframework.test.context.cache.DefaultCacheAwareContextLoaderDelegate]
20:09:39.719 [Test worker] DEBUG org.springframework.test.context.BootstrapUtils - Instantiating BootstrapContext using constructor [public org.springframework.test.context.support.DefaultBootstrapContext(java.lang.Class,org.springframework.test.context.CacheAwareContextLoaderDelegate)]
20:09:39.737 [Test worker] DEBUG org.springframework.test.context.BootstrapUtils - Instantiating TestContextBootstrapper for test class [sangmyung.chatprompt.Util.XmlParserTest] from class [org.springframework.boot.test.context.SpringBootTestContextBootstrapper]
20:09:39.742 [Test worker] INFO org.springframework.boot.test.context.SpringBootTestContextBootstrapper - Neither @ContextConfiguration nor @ContextHierarchy found for test class [sangmyung.chatprompt.Util.XmlParserTest], using SpringBootContextLoader
20:09:39.744 [Test worker] DEBUG org.springframework.test.context.support.AbstractContextLoader - Did not detect default resource location for test class [sangmyung.chatprompt.Util.XmlParserTest]: class path resource [sangmyung/chatprompt/Util/XmlParserTest-context.xml] does not exist
20:09:39.744 [Test worker] DEBUG org.springframework.test.context.support.AbstractContextLoader - Did not detect default resource location for test class [sangmyung.chatprompt.Util.XmlParserTest]: class path resource [sangmyung/chatprompt/Util/XmlParserTestContext.groovy] does not exist
20:09:39.744 [Test worker] INFO org.springframework.test.context.support.AbstractContextLoader - Could not detect default resource locations for test class [sangmyung.chatprompt.Util.XmlParserTest]: no resource found for suffixes {-context.xml, Context.groovy}.
20:09:39.745 [Test worker] INFO org.springframework.test.context.support.AnnotationConfigContextLoaderUtils - Could not detect default configuration classes for test class [sangmyung.chatprompt.Util.XmlParserTest]: XmlParserTest does not declare any static, non-private, non-final, nested classes annotated with @Configuration.
20:09:39.764 [Test worker] DEBUG org.springframework.test.context.support.ActiveProfilesUtils - Could not find an 'annotation declaring class' for annotation type [org.springframework.test.context.ActiveProfiles] and class [sangmyung.chatprompt.Util.XmlParserTest]
20:09:39.795 [Test worker] DEBUG org.springframework.context.annotation.ClassPathScanningCandidateComponentProvider - Identified candidate component class: file [/Users/seonghuiyeon/IdeaProjects/ChatPrompt/build/classes/java/main/sangmyung/chatprompt/ChatPromptApplication.class]
20:09:39.795 [Test worker] INFO org.springframework.boot.test.context.SpringBootTestContextBootstrapper - Found @SpringBootConfiguration sangmyung.chatprompt.ChatPromptApplication for test class sangmyung.chatprompt.Util.XmlParserTest
20:09:39.837 [Test worker] DEBUG org.springframework.boot.test.context.SpringBootTestContextBootstrapper - @TestExecutionListeners is not present for class [sangmyung.chatprompt.Util.XmlParserTest]: using defaults.
20:09:39.837 [Test worker] INFO org.springframework.boot.test.context.SpringBootTestContextBootstrapper - Loaded default TestExecutionListener class names from location [META-INF/spring.factories]: [org.springframework.boot.test.autoconfigure.restdocs.RestDocsTestExecutionListener, org.springframework.boot.test.autoconfigure.web.client.MockRestServiceServerResetTestExecutionListener, org.springframework.boot.test.autoconfigure.web.servlet.MockMvcPrintOnlyOnFailureTestExecutionListener, org.springframework.boot.test.autoconfigure.web.servlet.WebDriverTestExecutionListener, org.springframework.boot.test.autoconfigure.webservices.client.MockWebServiceServerTestExecutionListener, org.springframework.boot.test.mock.mockito.MockitoTestExecutionListener, org.springframework.boot.test.mock.mockito.ResetMocksTestExecutionListener, org.springframework.test.context.web.ServletTestExecutionListener, org.springframework.test.context.support.DirtiesContextBeforeModesTestExecutionListener, org.springframework.test.context.event.ApplicationEventsTestExecutionListener, org.springframework.test.context.support.DependencyInjectionTestExecutionListener, org.springframework.test.context.support.DirtiesContextTestExecutionListener, org.springframework.test.context.transaction.TransactionalTestExecutionListener, org.springframework.test.context.jdbc.SqlScriptsTestExecutionListener, org.springframework.test.context.event.EventPublishingTestExecutionListener]
20:09:39.846 [Test worker] INFO org.springframework.boot.test.context.SpringBootTestContextBootstrapper - Using TestExecutionListeners: [org.springframework.test.context.web.ServletTestExecutionListener@12dae582, org.springframework.test.context.support.DirtiesContextBeforeModesTestExecutionListener@239b0f9d, org.springframework.test.context.event.ApplicationEventsTestExecutionListener@619bfe29, org.springframework.boot.test.mock.mockito.MockitoTestExecutionListener@5b057c8c, org.springframework.boot.test.autoconfigure.SpringBootDependencyInjectionTestExecutionListener@1eb6749b, org.springframework.test.context.support.DirtiesContextTestExecutionListener@652a7737, org.springframework.test.context.transaction.TransactionalTestExecutionListener@5b7ea70d, org.springframework.test.context.jdbc.SqlScriptsTestExecutionListener@2bef51f2, org.springframework.test.context.event.EventPublishingTestExecutionListener@650eab8, org.springframework.boot.test.autoconfigure.restdocs.RestDocsTestExecutionListener@30f5a68a, org.springframework.boot.test.autoconfigure.web.client.MockRestServiceServerResetTestExecutionListener@1e1d3956, org.springframework.boot.test.autoconfigure.web.servlet.MockMvcPrintOnlyOnFailureTestExecutionListener@4f2c9ba6, org.springframework.boot.test.autoconfigure.web.servlet.WebDriverTestExecutionListener@4e28bdd1, org.springframework.boot.test.autoconfigure.webservices.client.MockWebServiceServerTestExecutionListener@53f48368, org.springframework.boot.test.mock.mockito.ResetMocksTestExecutionListener@24d4d7c9]
20:09:39.847 [Test worker] DEBUG org.springframework.test.context.support.AbstractDirtiesContextTestExecutionListener - Before test class: context [DefaultTestContext@2783717b testClass = XmlParserTest, testInstance = [null], testMethod = [null], testException = [null], mergedContextConfiguration = [WebMergedContextConfiguration@76f7d241 testClass = XmlParserTest, locations = '{}', classes = '{class sangmyung.chatprompt.ChatPromptApplication}', contextInitializerClasses = '[]', activeProfiles = '{}', propertySourceLocations = '{}', propertySourceProperties = '{org.springframework.boot.test.context.SpringBootTestContextBootstrapper=true}', contextCustomizers = set[org.springframework.boot.test.autoconfigure.actuate.metrics.MetricsExportContextCustomizerFactory$DisableMetricExportContextCustomizer@b4711e2, org.springframework.boot.test.autoconfigure.properties.PropertyMappingContextCustomizer@0, org.springframework.boot.test.autoconfigure.web.servlet.WebDriverContextCustomizerFactory$Customizer@74589991, org.springframework.boot.test.context.filter.ExcludeFilterContextCustomizer@1869fbd2, org.springframework.boot.test.json.DuplicateJsonObjectContextCustomizerFactory$DuplicateJsonObjectContextCustomizer@ca30bc1, org.springframework.boot.test.mock.mockito.MockitoContextCustomizer@0, org.springframework.boot.test.web.client.TestRestTemplateContextCustomizer@66c61024, org.springframework.boot.test.context.SpringBootTestArgs@1, org.springframework.boot.test.context.SpringBootTestWebEnvironment@6db9f5a4], resourceBasePath = 'src/main/webapp', contextLoader = 'org.springframework.boot.test.context.SpringBootContextLoader', parent = [null]], attributes = map['org.springframework.test.context.web.ServletTestExecutionListener.activateListener' -> true]], class annotated with @DirtiesContext [false] with mode [null].

  .   ____          _            __ _ _
 /\\ / ___'_ __ _ _(_)_ __  __ _ \ \ \ \
( ( )\___ | '_ | '_| | '_ \/ _` | \ \ \ \
 \\/  ___)| |_)| | | | | || (_| |  ) ) ) )
  '  |____| .__|_| |_|_| |_\__, | / / / /
 =========|_|==============|___/=/_/_/_/
 :: Spring Boot ::                (v2.7.9)

2023-03-20 20:09:40.036  INFO 3680 --- [    Test worker] sangmyung.chatprompt.Util.XmlParserTest  : Starting XmlParserTest using Java 19 on HEY-2.local with PID 3680 (started by seonghuiyeon in /Users/seonghuiyeon/IdeaProjects/ChatPrompt)
2023-03-20 20:09:40.037  INFO 3680 --- [    Test worker] sangmyung.chatprompt.Util.XmlParserTest  : No active profile set, falling back to 1 default profile: "default"
2023-03-20 20:09:40.474  INFO 3680 --- [    Test worker] .s.d.r.c.RepositoryConfigurationDelegate : Bootstrapping Spring Data JPA repositories in DEFAULT mode.
2023-03-20 20:09:40.509  INFO 3680 --- [    Test worker] .s.d.r.c.RepositoryConfigurationDelegate : Finished Spring Data repository scanning in 31 ms. Found 3 JPA repository interfaces.
2023-03-20 20:09:40.844  INFO 3680 --- [    Test worker] o.hibernate.jpa.internal.util.LogHelper  : HHH000204: Processing PersistenceUnitInfo [name: default]
2023-03-20 20:09:40.876  INFO 3680 --- [    Test worker] org.hibernate.Version                    : HHH000412: Hibernate ORM core version 5.6.15.Final
2023-03-20 20:09:40.966  INFO 3680 --- [    Test worker] o.hibernate.annotations.common.Version   : HCANN000001: Hibernate Commons Annotations {5.1.2.Final}
2023-03-20 20:09:41.026  INFO 3680 --- [    Test worker] com.zaxxer.hikari.HikariDataSource       : HikariPool-1 - Starting...
2023-03-20 20:09:41.213  INFO 3680 --- [    Test worker] com.zaxxer.hikari.HikariDataSource       : HikariPool-1 - Start completed.
2023-03-20 20:09:41.230  INFO 3680 --- [    Test worker] org.hibernate.dialect.Dialect            : HHH000400: Using dialect: org.hibernate.dialect.MySQL8Dialect
2023-03-20 20:09:41.980  INFO 3680 --- [    Test worker] o.h.t.schema.internal.SchemaCreatorImpl  : HHH000476: Executing import script 'file:/Users/seonghuiyeon/IdeaProjects/ChatPrompt/build/resources/main/import.sql'
2023-03-20 20:09:42.120  INFO 3680 --- [    Test worker] o.h.e.t.j.p.i.JtaPlatformInitiator       : HHH000490: Using JtaPlatform implementation: [org.hibernate.engine.transaction.jta.platform.internal.NoJtaPlatform]
2023-03-20 20:09:42.131  INFO 3680 --- [    Test worker] j.LocalContainerEntityManagerFactoryBean : Initialized JPA EntityManagerFactory for persistence unit 'default'
2023-03-20 20:09:42.570  WARN 3680 --- [    Test worker] JpaBaseConfiguration$JpaWebConfiguration : spring.jpa.open-in-view is enabled by default. Therefore, database queries may be performed during view rendering. Explicitly configure spring.jpa.open-in-view to disable this warning
2023-03-20 20:09:42.688  INFO 3680 --- [    Test worker] o.s.b.a.w.s.WelcomePageHandlerMapping    : Adding welcome page: class path resource [static/index.html]
2023-03-20 20:09:43.517  INFO 3680 --- [    Test worker] sangmyung.chatprompt.Util.XmlParserTest  : Started XmlParserTest in 3.651 seconds (JVM running for 4.239)
]]></system-out>
  <system-err><![CDATA[]]></system-err>
</testsuite>
