<?xml version="1.0" encoding="UTF-8"?>
<testsuite name="sangmyung.chatprompt.Util.XmlParserTest" tests="1" skipped="0" failures="0" errors="0" timestamp="2023-03-20T17:34:45" hostname="HEY-2.local" time="0.099">
  <properties/>
  <testcase name="unmarshal 테스트" classname="sangmyung.chatprompt.Util.XmlParserTest" time="0.099"/>
  <system-out><![CDATA[2023-03-21 02:34:45.167  INFO 6552 --- [    Test worker] .b.t.c.SpringBootTestContextBootstrapper : Neither @ContextConfiguration nor @ContextHierarchy found for test class [sangmyung.chatprompt.Util.XmlParserTest], using SpringBootContextLoader
2023-03-21 02:34:45.168  INFO 6552 --- [    Test worker] o.s.t.c.support.AbstractContextLoader    : Could not detect default resource locations for test class [sangmyung.chatprompt.Util.XmlParserTest]: no resource found for suffixes {-context.xml, Context.groovy}.
2023-03-21 02:34:45.168  INFO 6552 --- [    Test worker] t.c.s.AnnotationConfigContextLoaderUtils : Could not detect default configuration classes for test class [sangmyung.chatprompt.Util.XmlParserTest]: XmlParserTest does not declare any static, non-private, non-final, nested classes annotated with @Configuration.
2023-03-21 02:34:45.170  INFO 6552 --- [    Test worker] .b.t.c.SpringBootTestContextBootstrapper : Found @SpringBootConfiguration sangmyung.chatprompt.ChatPromptApplication for test class sangmyung.chatprompt.Util.XmlParserTest
2023-03-21 02:34:45.171  INFO 6552 --- [    Test worker] .b.t.c.SpringBootTestContextBootstrapper : Loaded default TestExecutionListener class names from location [META-INF/spring.factories]: [org.springframework.boot.test.autoconfigure.restdocs.RestDocsTestExecutionListener, org.springframework.boot.test.autoconfigure.web.client.MockRestServiceServerResetTestExecutionListener, org.springframework.boot.test.autoconfigure.web.servlet.MockMvcPrintOnlyOnFailureTestExecutionListener, org.springframework.boot.test.autoconfigure.web.servlet.WebDriverTestExecutionListener, org.springframework.boot.test.autoconfigure.webservices.client.MockWebServiceServerTestExecutionListener, org.springframework.boot.test.mock.mockito.MockitoTestExecutionListener, org.springframework.boot.test.mock.mockito.ResetMocksTestExecutionListener, org.springframework.test.context.web.ServletTestExecutionListener, org.springframework.test.context.support.DirtiesContextBeforeModesTestExecutionListener, org.springframework.test.context.event.ApplicationEventsTestExecutionListener, org.springframework.test.context.support.DependencyInjectionTestExecutionListener, org.springframework.test.context.support.DirtiesContextTestExecutionListener, org.springframework.test.context.transaction.TransactionalTestExecutionListener, org.springframework.test.context.jdbc.SqlScriptsTestExecutionListener, org.springframework.test.context.event.EventPublishingTestExecutionListener]
2023-03-21 02:34:45.171  INFO 6552 --- [    Test worker] .b.t.c.SpringBootTestContextBootstrapper : Using TestExecutionListeners: [org.springframework.test.context.web.ServletTestExecutionListener@4924ad09, org.springframework.test.context.support.DirtiesContextBeforeModesTestExecutionListener@7e9d171c, org.springframework.test.context.event.ApplicationEventsTestExecutionListener@3a1540be, org.springframework.boot.test.mock.mockito.MockitoTestExecutionListener@6aff157e, org.springframework.boot.test.autoconfigure.SpringBootDependencyInjectionTestExecutionListener@65fa1cd, org.springframework.test.context.support.DirtiesContextTestExecutionListener@106c73ed, org.springframework.test.context.transaction.TransactionalTestExecutionListener@6cd1ee, org.springframework.test.context.jdbc.SqlScriptsTestExecutionListener@122a6078, org.springframework.test.context.event.EventPublishingTestExecutionListener@6980fa39, org.springframework.boot.test.autoconfigure.restdocs.RestDocsTestExecutionListener@1a000fff, org.springframework.boot.test.autoconfigure.web.client.MockRestServiceServerResetTestExecutionListener@7c855ef0, org.springframework.boot.test.autoconfigure.web.servlet.MockMvcPrintOnlyOnFailureTestExecutionListener@3dedc8b8, org.springframework.boot.test.autoconfigure.web.servlet.WebDriverTestExecutionListener@5352bc0e, org.springframework.boot.test.autoconfigure.webservices.client.MockWebServiceServerTestExecutionListener@49b73e6c, org.springframework.boot.test.mock.mockito.ResetMocksTestExecutionListener@1f138b74]
]]></system-out>
  <system-err><![CDATA[]]></system-err>
</testsuite>
