<?xml version="1.0" encoding="UTF-8"?>
<testsuite name="sangmyung.chatprompt.assignment.service.AssignmentServiceTest" tests="3" skipped="0" failures="0" errors="0" timestamp="2023-03-21T10:02:46" hostname="HEY-2.local" time="0.109">
  <properties/>
  <testcase name="변경사항 저장 시도 시, 이미 있었던 객체라면 내용을 갱신한다." classname="sangmyung.chatprompt.assignment.service.AssignmentServiceTest" time="0.093"/>
  <testcase name="Assignment 내용이 있을 때, getWrittenAssignment를 호출하면 AssignResponse로 변환할 수 있다." classname="sangmyung.chatprompt.assignment.service.AssignmentServiceTest" time="0.008"/>
  <testcase name="Assignment 내용이 없을 때, getWrittenAssignment를 호출하면 AssignResponse로 변환할 수 있다." classname="sangmyung.chatprompt.assignment.service.AssignmentServiceTest" time="0.006"/>
  <system-out><![CDATA[2023-03-21 19:02:46.030  INFO 5290 --- [    Test worker] .b.t.c.SpringBootTestContextBootstrapper : Neither @ContextConfiguration nor @ContextHierarchy found for test class [sangmyung.chatprompt.assignment.service.AssignmentServiceTest], using SpringBootContextLoader
2023-03-21 19:02:46.031  INFO 5290 --- [    Test worker] o.s.t.c.support.AbstractContextLoader    : Could not detect default resource locations for test class [sangmyung.chatprompt.assignment.service.AssignmentServiceTest]: no resource found for suffixes {-context.xml, Context.groovy}.
2023-03-21 19:02:46.031  INFO 5290 --- [    Test worker] t.c.s.AnnotationConfigContextLoaderUtils : Could not detect default configuration classes for test class [sangmyung.chatprompt.assignment.service.AssignmentServiceTest]: AssignmentServiceTest does not declare any static, non-private, non-final, nested classes annotated with @Configuration.
2023-03-21 19:02:46.034  INFO 5290 --- [    Test worker] .b.t.c.SpringBootTestContextBootstrapper : Found @SpringBootConfiguration sangmyung.chatprompt.ChatPromptApplication for test class sangmyung.chatprompt.assignment.service.AssignmentServiceTest
2023-03-21 19:02:46.034  INFO 5290 --- [    Test worker] .b.t.c.SpringBootTestContextBootstrapper : Loaded default TestExecutionListener class names from location [META-INF/spring.factories]: [org.springframework.boot.test.autoconfigure.restdocs.RestDocsTestExecutionListener, org.springframework.boot.test.autoconfigure.web.client.MockRestServiceServerResetTestExecutionListener, org.springframework.boot.test.autoconfigure.web.servlet.MockMvcPrintOnlyOnFailureTestExecutionListener, org.springframework.boot.test.autoconfigure.web.servlet.WebDriverTestExecutionListener, org.springframework.boot.test.autoconfigure.webservices.client.MockWebServiceServerTestExecutionListener, org.springframework.boot.test.mock.mockito.MockitoTestExecutionListener, org.springframework.boot.test.mock.mockito.ResetMocksTestExecutionListener, org.springframework.test.context.web.ServletTestExecutionListener, org.springframework.test.context.support.DirtiesContextBeforeModesTestExecutionListener, org.springframework.test.context.event.ApplicationEventsTestExecutionListener, org.springframework.test.context.support.DependencyInjectionTestExecutionListener, org.springframework.test.context.support.DirtiesContextTestExecutionListener, org.springframework.test.context.transaction.TransactionalTestExecutionListener, org.springframework.test.context.jdbc.SqlScriptsTestExecutionListener, org.springframework.test.context.event.EventPublishingTestExecutionListener]
2023-03-21 19:02:46.034  INFO 5290 --- [    Test worker] .b.t.c.SpringBootTestContextBootstrapper : Using TestExecutionListeners: [org.springframework.test.context.web.ServletTestExecutionListener@7ee6d5fd, org.springframework.test.context.support.DirtiesContextBeforeModesTestExecutionListener@358bbbe2, org.springframework.test.context.event.ApplicationEventsTestExecutionListener@7b9e7633, org.springframework.boot.test.mock.mockito.MockitoTestExecutionListener@1fbd0850, org.springframework.boot.test.autoconfigure.SpringBootDependencyInjectionTestExecutionListener@57bc7f67, org.springframework.test.context.support.DirtiesContextTestExecutionListener@3f808ad9, org.springframework.test.context.transaction.TransactionalTestExecutionListener@37a74cf4, org.springframework.test.context.jdbc.SqlScriptsTestExecutionListener@40af3dd8, org.springframework.test.context.event.EventPublishingTestExecutionListener@745c25ed, org.springframework.boot.test.autoconfigure.restdocs.RestDocsTestExecutionListener@4fb1bffd, org.springframework.boot.test.autoconfigure.web.client.MockRestServiceServerResetTestExecutionListener@427c9a13, org.springframework.boot.test.autoconfigure.web.servlet.MockMvcPrintOnlyOnFailureTestExecutionListener@7b842e79, org.springframework.boot.test.autoconfigure.web.servlet.WebDriverTestExecutionListener@6e620fa9, org.springframework.boot.test.autoconfigure.webservices.client.MockWebServiceServerTestExecutionListener@2cee1bcf, org.springframework.boot.test.mock.mockito.ResetMocksTestExecutionListener@ae4a043]
2023-03-21 19:02:46.042  INFO 5290 --- [    Test worker] o.s.t.c.transaction.TransactionContext   : Began transaction (1) for test context [DefaultTestContext@123fd460 testClass = AssignmentServiceTest, testInstance = sangmyung.chatprompt.assignment.service.AssignmentServiceTest@5037f491, testMethod = canWriteContent@AssignmentServiceTest, testException = [null], mergedContextConfiguration = [WebMergedContextConfiguration@1227ea21 testClass = AssignmentServiceTest, locations = '{}', classes = '{class sangmyung.chatprompt.ChatPromptApplication}', contextInitializerClasses = '[]', activeProfiles = '{test}', propertySourceLocations = '{}', propertySourceProperties = '{spring.profiles.active=test, org.springframework.boot.test.context.SpringBootTestContextBootstrapper=true}', contextCustomizers = set[org.springframework.boot.test.autoconfigure.actuate.metrics.MetricsExportContextCustomizerFactory$DisableMetricExportContextCustomizer@600b90df, org.springframework.boot.test.autoconfigure.properties.PropertyMappingContextCustomizer@0, org.springframework.boot.test.autoconfigure.web.servlet.WebDriverContextCustomizerFactory$Customizer@60df60da, org.springframework.boot.test.context.filter.ExcludeFilterContextCustomizer@632ceb35, org.springframework.boot.test.json.DuplicateJsonObjectContextCustomizerFactory$DuplicateJsonObjectContextCustomizer@130e116b, org.springframework.boot.test.mock.mockito.MockitoContextCustomizer@0, org.springframework.boot.test.web.client.TestRestTemplateContextCustomizer@9ebe38b, org.springframework.boot.test.context.SpringBootTestArgs@1, org.springframework.boot.test.context.SpringBootTestWebEnvironment@2d2ffcb7], resourceBasePath = 'src/main/webapp', contextLoader = 'org.springframework.boot.test.context.SpringBootContextLoader', parent = [null]], attributes = map['org.springframework.test.context.web.ServletTestExecutionListener.activateListener' -> true, 'org.springframework.test.context.web.ServletTestExecutionListener.populatedRequestContextHolder' -> true, 'org.springframework.test.context.web.ServletTestExecutionListener.resetRequestContextHolder' -> true, 'org.springframework.test.context.event.ApplicationEventsTestExecutionListener.recordApplicationEvents' -> false]]; transaction manager [org.springframework.orm.jpa.JpaTransactionManager@5add0cc0]; rollback [true]
2023-03-21 19:02:46.130  INFO 5290 --- [    Test worker] o.s.t.c.transaction.TransactionContext   : Rolled back transaction for test: [DefaultTestContext@123fd460 testClass = AssignmentServiceTest, testInstance = sangmyung.chatprompt.assignment.service.AssignmentServiceTest@5037f491, testMethod = canWriteContent@AssignmentServiceTest, testException = [null], mergedContextConfiguration = [WebMergedContextConfiguration@1227ea21 testClass = AssignmentServiceTest, locations = '{}', classes = '{class sangmyung.chatprompt.ChatPromptApplication}', contextInitializerClasses = '[]', activeProfiles = '{test}', propertySourceLocations = '{}', propertySourceProperties = '{spring.profiles.active=test, org.springframework.boot.test.context.SpringBootTestContextBootstrapper=true}', contextCustomizers = set[org.springframework.boot.test.autoconfigure.actuate.metrics.MetricsExportContextCustomizerFactory$DisableMetricExportContextCustomizer@600b90df, org.springframework.boot.test.autoconfigure.properties.PropertyMappingContextCustomizer@0, org.springframework.boot.test.autoconfigure.web.servlet.WebDriverContextCustomizerFactory$Customizer@60df60da, org.springframework.boot.test.context.filter.ExcludeFilterContextCustomizer@632ceb35, org.springframework.boot.test.json.DuplicateJsonObjectContextCustomizerFactory$DuplicateJsonObjectContextCustomizer@130e116b, org.springframework.boot.test.mock.mockito.MockitoContextCustomizer@0, org.springframework.boot.test.web.client.TestRestTemplateContextCustomizer@9ebe38b, org.springframework.boot.test.context.SpringBootTestArgs@1, org.springframework.boot.test.context.SpringBootTestWebEnvironment@2d2ffcb7], resourceBasePath = 'src/main/webapp', contextLoader = 'org.springframework.boot.test.context.SpringBootContextLoader', parent = [null]], attributes = map['org.springframework.test.context.web.ServletTestExecutionListener.activateListener' -> true, 'org.springframework.test.context.web.ServletTestExecutionListener.populatedRequestContextHolder' -> true, 'org.springframework.test.context.web.ServletTestExecutionListener.resetRequestContextHolder' -> true, 'org.springframework.test.context.event.ApplicationEventsTestExecutionListener.recordApplicationEvents' -> false]]
2023-03-21 19:02:46.132  INFO 5290 --- [    Test worker] o.s.t.c.transaction.TransactionContext   : Began transaction (1) for test context [DefaultTestContext@123fd460 testClass = AssignmentServiceTest, testInstance = sangmyung.chatprompt.assignment.service.AssignmentServiceTest@1934a7c1, testMethod = canConvertToAssignResponse1@AssignmentServiceTest, testException = [null], mergedContextConfiguration = [WebMergedContextConfiguration@1227ea21 testClass = AssignmentServiceTest, locations = '{}', classes = '{class sangmyung.chatprompt.ChatPromptApplication}', contextInitializerClasses = '[]', activeProfiles = '{test}', propertySourceLocations = '{}', propertySourceProperties = '{spring.profiles.active=test, org.springframework.boot.test.context.SpringBootTestContextBootstrapper=true}', contextCustomizers = set[org.springframework.boot.test.autoconfigure.actuate.metrics.MetricsExportContextCustomizerFactory$DisableMetricExportContextCustomizer@600b90df, org.springframework.boot.test.autoconfigure.properties.PropertyMappingContextCustomizer@0, org.springframework.boot.test.autoconfigure.web.servlet.WebDriverContextCustomizerFactory$Customizer@60df60da, org.springframework.boot.test.context.filter.ExcludeFilterContextCustomizer@632ceb35, org.springframework.boot.test.json.DuplicateJsonObjectContextCustomizerFactory$DuplicateJsonObjectContextCustomizer@130e116b, org.springframework.boot.test.mock.mockito.MockitoContextCustomizer@0, org.springframework.boot.test.web.client.TestRestTemplateContextCustomizer@9ebe38b, org.springframework.boot.test.context.SpringBootTestArgs@1, org.springframework.boot.test.context.SpringBootTestWebEnvironment@2d2ffcb7], resourceBasePath = 'src/main/webapp', contextLoader = 'org.springframework.boot.test.context.SpringBootContextLoader', parent = [null]], attributes = map['org.springframework.test.context.web.ServletTestExecutionListener.activateListener' -> true, 'org.springframework.test.context.web.ServletTestExecutionListener.populatedRequestContextHolder' -> true, 'org.springframework.test.context.web.ServletTestExecutionListener.resetRequestContextHolder' -> true, 'org.springframework.test.context.event.ApplicationEventsTestExecutionListener.recordApplicationEvents' -> false]]; transaction manager [org.springframework.orm.jpa.JpaTransactionManager@5add0cc0]; rollback [true]
2023-03-21 19:02:46.140  INFO 5290 --- [    Test worker] o.s.t.c.transaction.TransactionContext   : Rolled back transaction for test: [DefaultTestContext@123fd460 testClass = AssignmentServiceTest, testInstance = sangmyung.chatprompt.assignment.service.AssignmentServiceTest@1934a7c1, testMethod = canConvertToAssignResponse1@AssignmentServiceTest, testException = [null], mergedContextConfiguration = [WebMergedContextConfiguration@1227ea21 testClass = AssignmentServiceTest, locations = '{}', classes = '{class sangmyung.chatprompt.ChatPromptApplication}', contextInitializerClasses = '[]', activeProfiles = '{test}', propertySourceLocations = '{}', propertySourceProperties = '{spring.profiles.active=test, org.springframework.boot.test.context.SpringBootTestContextBootstrapper=true}', contextCustomizers = set[org.springframework.boot.test.autoconfigure.actuate.metrics.MetricsExportContextCustomizerFactory$DisableMetricExportContextCustomizer@600b90df, org.springframework.boot.test.autoconfigure.properties.PropertyMappingContextCustomizer@0, org.springframework.boot.test.autoconfigure.web.servlet.WebDriverContextCustomizerFactory$Customizer@60df60da, org.springframework.boot.test.context.filter.ExcludeFilterContextCustomizer@632ceb35, org.springframework.boot.test.json.DuplicateJsonObjectContextCustomizerFactory$DuplicateJsonObjectContextCustomizer@130e116b, org.springframework.boot.test.mock.mockito.MockitoContextCustomizer@0, org.springframework.boot.test.web.client.TestRestTemplateContextCustomizer@9ebe38b, org.springframework.boot.test.context.SpringBootTestArgs@1, org.springframework.boot.test.context.SpringBootTestWebEnvironment@2d2ffcb7], resourceBasePath = 'src/main/webapp', contextLoader = 'org.springframework.boot.test.context.SpringBootContextLoader', parent = [null]], attributes = map['org.springframework.test.context.web.ServletTestExecutionListener.activateListener' -> true, 'org.springframework.test.context.web.ServletTestExecutionListener.populatedRequestContextHolder' -> true, 'org.springframework.test.context.web.ServletTestExecutionListener.resetRequestContextHolder' -> true, 'org.springframework.test.context.event.ApplicationEventsTestExecutionListener.recordApplicationEvents' -> false]]
2023-03-21 19:02:46.142  INFO 5290 --- [    Test worker] o.s.t.c.transaction.TransactionContext   : Began transaction (1) for test context [DefaultTestContext@123fd460 testClass = AssignmentServiceTest, testInstance = sangmyung.chatprompt.assignment.service.AssignmentServiceTest@62e55482, testMethod = canConvertToAssignResponse2@AssignmentServiceTest, testException = [null], mergedContextConfiguration = [WebMergedContextConfiguration@1227ea21 testClass = AssignmentServiceTest, locations = '{}', classes = '{class sangmyung.chatprompt.ChatPromptApplication}', contextInitializerClasses = '[]', activeProfiles = '{test}', propertySourceLocations = '{}', propertySourceProperties = '{spring.profiles.active=test, org.springframework.boot.test.context.SpringBootTestContextBootstrapper=true}', contextCustomizers = set[org.springframework.boot.test.autoconfigure.actuate.metrics.MetricsExportContextCustomizerFactory$DisableMetricExportContextCustomizer@600b90df, org.springframework.boot.test.autoconfigure.properties.PropertyMappingContextCustomizer@0, org.springframework.boot.test.autoconfigure.web.servlet.WebDriverContextCustomizerFactory$Customizer@60df60da, org.springframework.boot.test.context.filter.ExcludeFilterContextCustomizer@632ceb35, org.springframework.boot.test.json.DuplicateJsonObjectContextCustomizerFactory$DuplicateJsonObjectContextCustomizer@130e116b, org.springframework.boot.test.mock.mockito.MockitoContextCustomizer@0, org.springframework.boot.test.web.client.TestRestTemplateContextCustomizer@9ebe38b, org.springframework.boot.test.context.SpringBootTestArgs@1, org.springframework.boot.test.context.SpringBootTestWebEnvironment@2d2ffcb7], resourceBasePath = 'src/main/webapp', contextLoader = 'org.springframework.boot.test.context.SpringBootContextLoader', parent = [null]], attributes = map['org.springframework.test.context.web.ServletTestExecutionListener.activateListener' -> true, 'org.springframework.test.context.web.ServletTestExecutionListener.populatedRequestContextHolder' -> true, 'org.springframework.test.context.web.ServletTestExecutionListener.resetRequestContextHolder' -> true, 'org.springframework.test.context.event.ApplicationEventsTestExecutionListener.recordApplicationEvents' -> false]]; transaction manager [org.springframework.orm.jpa.JpaTransactionManager@5add0cc0]; rollback [true]
2023-03-21 19:02:46.147  INFO 5290 --- [    Test worker] o.s.t.c.transaction.TransactionContext   : Rolled back transaction for test: [DefaultTestContext@123fd460 testClass = AssignmentServiceTest, testInstance = sangmyung.chatprompt.assignment.service.AssignmentServiceTest@62e55482, testMethod = canConvertToAssignResponse2@AssignmentServiceTest, testException = [null], mergedContextConfiguration = [WebMergedContextConfiguration@1227ea21 testClass = AssignmentServiceTest, locations = '{}', classes = '{class sangmyung.chatprompt.ChatPromptApplication}', contextInitializerClasses = '[]', activeProfiles = '{test}', propertySourceLocations = '{}', propertySourceProperties = '{spring.profiles.active=test, org.springframework.boot.test.context.SpringBootTestContextBootstrapper=true}', contextCustomizers = set[org.springframework.boot.test.autoconfigure.actuate.metrics.MetricsExportContextCustomizerFactory$DisableMetricExportContextCustomizer@600b90df, org.springframework.boot.test.autoconfigure.properties.PropertyMappingContextCustomizer@0, org.springframework.boot.test.autoconfigure.web.servlet.WebDriverContextCustomizerFactory$Customizer@60df60da, org.springframework.boot.test.context.filter.ExcludeFilterContextCustomizer@632ceb35, org.springframework.boot.test.json.DuplicateJsonObjectContextCustomizerFactory$DuplicateJsonObjectContextCustomizer@130e116b, org.springframework.boot.test.mock.mockito.MockitoContextCustomizer@0, org.springframework.boot.test.web.client.TestRestTemplateContextCustomizer@9ebe38b, org.springframework.boot.test.context.SpringBootTestArgs@1, org.springframework.boot.test.context.SpringBootTestWebEnvironment@2d2ffcb7], resourceBasePath = 'src/main/webapp', contextLoader = 'org.springframework.boot.test.context.SpringBootContextLoader', parent = [null]], attributes = map['org.springframework.test.context.web.ServletTestExecutionListener.activateListener' -> true, 'org.springframework.test.context.web.ServletTestExecutionListener.populatedRequestContextHolder' -> true, 'org.springframework.test.context.web.ServletTestExecutionListener.resetRequestContextHolder' -> true, 'org.springframework.test.context.event.ApplicationEventsTestExecutionListener.recordApplicationEvents' -> false]]
]]></system-out>
  <system-err><![CDATA[]]></system-err>
</testsuite>
