<?xml version="1.0" encoding="UTF-8"?>
<testsuite name="sangmyung.chatprompt.task.service.TaskServiceTest" tests="4" skipped="0" failures="0" errors="0" timestamp="2023-03-20T11:09:43" hostname="HEY-2.local" time="4.473">
  <properties/>
  <testcase name="PromptDTO를 Task와 IOPairs로 변환하여 저장할 수 있다." classname="sangmyung.chatprompt.task.service.TaskServiceTest" time="1.332"/>
  <testcase name="taskNum을 통해 특정 Task를 찾을 수 있다." classname="sangmyung.chatprompt.task.service.TaskServiceTest" time="1.08"/>
  <testcase name="Task를 TaskResponse로 반환할 수 있다." classname="sangmyung.chatprompt.task.service.TaskServiceTest" time="1.098"/>
  <testcase name="IOPair를 IOResponse로 변환할 수 있다." classname="sangmyung.chatprompt.task.service.TaskServiceTest" time="0.961"/>
  <system-out><![CDATA[2023-03-20 20:09:43.694  INFO 3680 --- [    Test worker] .b.t.c.SpringBootTestContextBootstrapper : Neither @ContextConfiguration nor @ContextHierarchy found for test class [sangmyung.chatprompt.task.service.TaskServiceTest], using SpringBootContextLoader
2023-03-20 20:09:43.694  INFO 3680 --- [    Test worker] o.s.t.c.support.AbstractContextLoader    : Could not detect default resource locations for test class [sangmyung.chatprompt.task.service.TaskServiceTest]: no resource found for suffixes {-context.xml, Context.groovy}.
2023-03-20 20:09:43.694  INFO 3680 --- [    Test worker] t.c.s.AnnotationConfigContextLoaderUtils : Could not detect default configuration classes for test class [sangmyung.chatprompt.task.service.TaskServiceTest]: TaskServiceTest does not declare any static, non-private, non-final, nested classes annotated with @Configuration.
2023-03-20 20:09:43.697  INFO 3680 --- [    Test worker] .b.t.c.SpringBootTestContextBootstrapper : Found @SpringBootConfiguration sangmyung.chatprompt.ChatPromptApplication for test class sangmyung.chatprompt.task.service.TaskServiceTest
2023-03-20 20:09:43.698  INFO 3680 --- [    Test worker] .b.t.c.SpringBootTestContextBootstrapper : Loaded default TestExecutionListener class names from location [META-INF/spring.factories]: [org.springframework.boot.test.autoconfigure.restdocs.RestDocsTestExecutionListener, org.springframework.boot.test.autoconfigure.web.client.MockRestServiceServerResetTestExecutionListener, org.springframework.boot.test.autoconfigure.web.servlet.MockMvcPrintOnlyOnFailureTestExecutionListener, org.springframework.boot.test.autoconfigure.web.servlet.WebDriverTestExecutionListener, org.springframework.boot.test.autoconfigure.webservices.client.MockWebServiceServerTestExecutionListener, org.springframework.boot.test.mock.mockito.MockitoTestExecutionListener, org.springframework.boot.test.mock.mockito.ResetMocksTestExecutionListener, org.springframework.test.context.web.ServletTestExecutionListener, org.springframework.test.context.support.DirtiesContextBeforeModesTestExecutionListener, org.springframework.test.context.event.ApplicationEventsTestExecutionListener, org.springframework.test.context.support.DependencyInjectionTestExecutionListener, org.springframework.test.context.support.DirtiesContextTestExecutionListener, org.springframework.test.context.transaction.TransactionalTestExecutionListener, org.springframework.test.context.jdbc.SqlScriptsTestExecutionListener, org.springframework.test.context.event.EventPublishingTestExecutionListener]
2023-03-20 20:09:43.698  INFO 3680 --- [    Test worker] .b.t.c.SpringBootTestContextBootstrapper : Using TestExecutionListeners: [org.springframework.test.context.web.ServletTestExecutionListener@7a5a26b7, org.springframework.test.context.support.DirtiesContextBeforeModesTestExecutionListener@3524ee20, org.springframework.test.context.event.ApplicationEventsTestExecutionListener@6bc1c8d0, org.springframework.boot.test.mock.mockito.MockitoTestExecutionListener@7f93fce1, org.springframework.boot.test.autoconfigure.SpringBootDependencyInjectionTestExecutionListener@5457123a, org.springframework.test.context.support.DirtiesContextTestExecutionListener@4690a37e, org.springframework.test.context.transaction.TransactionalTestExecutionListener@23f27434, org.springframework.test.context.jdbc.SqlScriptsTestExecutionListener@43e6f05f, org.springframework.test.context.event.EventPublishingTestExecutionListener@2fccfcdb, org.springframework.boot.test.autoconfigure.restdocs.RestDocsTestExecutionListener@6c04310f, org.springframework.boot.test.autoconfigure.web.client.MockRestServiceServerResetTestExecutionListener@5ce7ab6f, org.springframework.boot.test.autoconfigure.web.servlet.MockMvcPrintOnlyOnFailureTestExecutionListener@28f7cca4, org.springframework.boot.test.autoconfigure.web.servlet.WebDriverTestExecutionListener@6015c745, org.springframework.boot.test.autoconfigure.webservices.client.MockWebServiceServerTestExecutionListener@2d541e01, org.springframework.boot.test.mock.mockito.ResetMocksTestExecutionListener@4c897417]
2023-03-20 20:09:43.724  INFO 3680 --- [    Test worker] o.s.t.c.transaction.TransactionContext   : Began transaction (1) for test context [DefaultTestContext@27ea7c8f testClass = TaskServiceTest, testInstance = sangmyung.chatprompt.task.service.TaskServiceTest@17e31657, testMethod = canSaveTaskAndIOPairs@TaskServiceTest, testException = [null], mergedContextConfiguration = [WebMergedContextConfiguration@1e3c4c12 testClass = TaskServiceTest, locations = '{}', classes = '{class sangmyung.chatprompt.ChatPromptApplication}', contextInitializerClasses = '[]', activeProfiles = '{}', propertySourceLocations = '{}', propertySourceProperties = '{org.springframework.boot.test.context.SpringBootTestContextBootstrapper=true}', contextCustomizers = set[org.springframework.boot.test.autoconfigure.actuate.metrics.MetricsExportContextCustomizerFactory$DisableMetricExportContextCustomizer@b4711e2, org.springframework.boot.test.autoconfigure.properties.PropertyMappingContextCustomizer@0, org.springframework.boot.test.autoconfigure.web.servlet.WebDriverContextCustomizerFactory$Customizer@74589991, org.springframework.boot.test.context.filter.ExcludeFilterContextCustomizer@1869fbd2, org.springframework.boot.test.json.DuplicateJsonObjectContextCustomizerFactory$DuplicateJsonObjectContextCustomizer@ca30bc1, org.springframework.boot.test.mock.mockito.MockitoContextCustomizer@0, org.springframework.boot.test.web.client.TestRestTemplateContextCustomizer@66c61024, org.springframework.boot.test.context.SpringBootTestArgs@1, org.springframework.boot.test.context.SpringBootTestWebEnvironment@6db9f5a4], resourceBasePath = 'src/main/webapp', contextLoader = 'org.springframework.boot.test.context.SpringBootContextLoader', parent = [null]], attributes = map['org.springframework.test.context.web.ServletTestExecutionListener.activateListener' -> true, 'org.springframework.test.context.web.ServletTestExecutionListener.populatedRequestContextHolder' -> true, 'org.springframework.test.context.web.ServletTestExecutionListener.resetRequestContextHolder' -> true, 'org.springframework.test.context.event.ApplicationEventsTestExecutionListener.recordApplicationEvents' -> false]]; transaction manager [org.springframework.orm.jpa.JpaTransactionManager@5fb05c07]; rollback [true]
2023-03-20 20:09:43.834  INFO 3680 --- [    Test worker] s.chatprompt.task.service.TaskService    : task 처리179	현재 인덱스: 0
2023-03-20 20:09:43.888  INFO 3680 --- [    Test worker] s.chatprompt.task.service.TaskService    : task 처리179	현재 인덱스: 2
2023-03-20 20:09:43.924  INFO 3680 --- [    Test worker] s.chatprompt.task.service.TaskService    : task 처리180	현재 인덱스: 4
2023-03-20 20:09:43.984  INFO 3680 --- [    Test worker] s.chatprompt.task.service.TaskService    : task 처리180	현재 인덱스: 6
2023-03-20 20:09:44.008  INFO 3680 --- [    Test worker] s.chatprompt.task.service.TaskService    : task 처리180	현재 인덱스: 8
2023-03-20 20:09:44.044  INFO 3680 --- [    Test worker] s.chatprompt.task.service.TaskService    : task 처리181	현재 인덱스: 10
2023-03-20 20:09:44.095  INFO 3680 --- [    Test worker] s.chatprompt.task.service.TaskService    : task 처리181	현재 인덱스: 12
2023-03-20 20:09:44.108  INFO 3680 --- [    Test worker] s.chatprompt.task.service.TaskService    : task 처리181	현재 인덱스: 14
2023-03-20 20:09:44.144  INFO 3680 --- [    Test worker] s.chatprompt.task.service.TaskService    : task 처리292	현재 인덱스: 16
2023-03-20 20:09:44.202  INFO 3680 --- [    Test worker] s.chatprompt.task.service.TaskService    : task 처리292	현재 인덱스: 18
2023-03-20 20:09:44.216  INFO 3680 --- [    Test worker] s.chatprompt.task.service.TaskService    : task 처리292	현재 인덱스: 20
2023-03-20 20:09:44.235  INFO 3680 --- [    Test worker] s.chatprompt.task.service.TaskService    : task 처리388	현재 인덱스: 22
2023-03-20 20:09:44.273  INFO 3680 --- [    Test worker] s.chatprompt.task.service.TaskService    : task 처리388	현재 인덱스: 24
2023-03-20 20:09:44.286  INFO 3680 --- [    Test worker] s.chatprompt.task.service.TaskService    : task 처리388	현재 인덱스: 26
2023-03-20 20:09:44.299  INFO 3680 --- [    Test worker] s.chatprompt.task.service.TaskService    : task 처리388	현재 인덱스: 28
2023-03-20 20:09:44.320  INFO 3680 --- [    Test worker] s.chatprompt.task.service.TaskService    : task 처리388	현재 인덱스: 30
2023-03-20 20:09:44.360  INFO 3680 --- [    Test worker] s.chatprompt.task.service.TaskService    : task 처리456	현재 인덱스: 32
2023-03-20 20:09:44.425  INFO 3680 --- [    Test worker] s.chatprompt.task.service.TaskService    : task 처리456	현재 인덱스: 34
2023-03-20 20:09:44.444  INFO 3680 --- [    Test worker] s.chatprompt.task.service.TaskService    : task 처리456	현재 인덱스: 36
2023-03-20 20:09:44.480  INFO 3680 --- [    Test worker] s.chatprompt.task.service.TaskService    : task 처리578	현재 인덱스: 38
2023-03-20 20:09:44.549  INFO 3680 --- [    Test worker] s.chatprompt.task.service.TaskService    : task 처리578	현재 인덱스: 40
2023-03-20 20:09:44.563  INFO 3680 --- [    Test worker] s.chatprompt.task.service.TaskService    : task 처리578	현재 인덱스: 42
2023-03-20 20:09:44.584  INFO 3680 --- [    Test worker] s.chatprompt.task.service.TaskService    : task 처리621	현재 인덱스: 44
2023-03-20 20:09:44.625  INFO 3680 --- [    Test worker] s.chatprompt.task.service.TaskService    : task 처리621	현재 인덱스: 46
2023-03-20 20:09:44.639  INFO 3680 --- [    Test worker] s.chatprompt.task.service.TaskService    : task 처리621	현재 인덱스: 48
2023-03-20 20:09:44.660  INFO 3680 --- [    Test worker] s.chatprompt.task.service.TaskService    : task 처리646	현재 인덱스: 50
2023-03-20 20:09:44.704  INFO 3680 --- [    Test worker] s.chatprompt.task.service.TaskService    : task 처리646	현재 인덱스: 52
2023-03-20 20:09:44.728  INFO 3680 --- [    Test worker] s.chatprompt.task.service.TaskService    : task 처리647	현재 인덱스: 54
2023-03-20 20:09:44.763  INFO 3680 --- [    Test worker] s.chatprompt.task.service.TaskService    : task 처리647	현재 인덱스: 56
2023-03-20 20:09:44.783  INFO 3680 --- [    Test worker] s.chatprompt.task.service.TaskService    : task 처리676	현재 인덱스: 58
2023-03-20 20:09:44.815  INFO 3680 --- [    Test worker] s.chatprompt.task.service.TaskService    : task 처리676	현재 인덱스: 60
2023-03-20 20:09:44.830  INFO 3680 --- [    Test worker] s.chatprompt.task.service.TaskService    : task 처리676	현재 인덱스: 62
2023-03-20 20:09:44.848  INFO 3680 --- [    Test worker] s.chatprompt.task.service.TaskService    : task 처리678	현재 인덱스: 64
2023-03-20 20:09:44.888  INFO 3680 --- [    Test worker] s.chatprompt.task.service.TaskService    : task 처리678	현재 인덱스: 66
2023-03-20 20:09:44.900  INFO 3680 --- [    Test worker] s.chatprompt.task.service.TaskService    : task 처리678	현재 인덱스: 68
2023-03-20 20:09:44.919  INFO 3680 --- [    Test worker] s.chatprompt.task.service.TaskService    : task 처리683	현재 인덱스: 70
2023-03-20 20:09:44.919  INFO 3680 --- [    Test worker] s.chatprompt.task.service.TaskService    : task 처리 완료
2023-03-20 20:09:45.031  INFO 3680 --- [    Test worker] o.s.t.c.transaction.TransactionContext   : Rolled back transaction for test: [DefaultTestContext@27ea7c8f testClass = TaskServiceTest, testInstance = sangmyung.chatprompt.task.service.TaskServiceTest@17e31657, testMethod = canSaveTaskAndIOPairs@TaskServiceTest, testException = [null], mergedContextConfiguration = [WebMergedContextConfiguration@1e3c4c12 testClass = TaskServiceTest, locations = '{}', classes = '{class sangmyung.chatprompt.ChatPromptApplication}', contextInitializerClasses = '[]', activeProfiles = '{}', propertySourceLocations = '{}', propertySourceProperties = '{org.springframework.boot.test.context.SpringBootTestContextBootstrapper=true}', contextCustomizers = set[org.springframework.boot.test.autoconfigure.actuate.metrics.MetricsExportContextCustomizerFactory$DisableMetricExportContextCustomizer@b4711e2, org.springframework.boot.test.autoconfigure.properties.PropertyMappingContextCustomizer@0, org.springframework.boot.test.autoconfigure.web.servlet.WebDriverContextCustomizerFactory$Customizer@74589991, org.springframework.boot.test.context.filter.ExcludeFilterContextCustomizer@1869fbd2, org.springframework.boot.test.json.DuplicateJsonObjectContextCustomizerFactory$DuplicateJsonObjectContextCustomizer@ca30bc1, org.springframework.boot.test.mock.mockito.MockitoContextCustomizer@0, org.springframework.boot.test.web.client.TestRestTemplateContextCustomizer@66c61024, org.springframework.boot.test.context.SpringBootTestArgs@1, org.springframework.boot.test.context.SpringBootTestWebEnvironment@6db9f5a4], resourceBasePath = 'src/main/webapp', contextLoader = 'org.springframework.boot.test.context.SpringBootContextLoader', parent = [null]], attributes = map['org.springframework.test.context.web.ServletTestExecutionListener.activateListener' -> true, 'org.springframework.test.context.web.ServletTestExecutionListener.populatedRequestContextHolder' -> true, 'org.springframework.test.context.web.ServletTestExecutionListener.resetRequestContextHolder' -> true, 'org.springframework.test.context.event.ApplicationEventsTestExecutionListener.recordApplicationEvents' -> false]]
2023-03-20 20:09:45.044  INFO 3680 --- [    Test worker] o.s.t.c.transaction.TransactionContext   : Began transaction (1) for test context [DefaultTestContext@27ea7c8f testClass = TaskServiceTest, testInstance = sangmyung.chatprompt.task.service.TaskServiceTest@557abb68, testMethod = canFindTaskByTaskNum@TaskServiceTest, testException = [null], mergedContextConfiguration = [WebMergedContextConfiguration@1e3c4c12 testClass = TaskServiceTest, locations = '{}', classes = '{class sangmyung.chatprompt.ChatPromptApplication}', contextInitializerClasses = '[]', activeProfiles = '{}', propertySourceLocations = '{}', propertySourceProperties = '{org.springframework.boot.test.context.SpringBootTestContextBootstrapper=true}', contextCustomizers = set[org.springframework.boot.test.autoconfigure.actuate.metrics.MetricsExportContextCustomizerFactory$DisableMetricExportContextCustomizer@b4711e2, org.springframework.boot.test.autoconfigure.properties.PropertyMappingContextCustomizer@0, org.springframework.boot.test.autoconfigure.web.servlet.WebDriverContextCustomizerFactory$Customizer@74589991, org.springframework.boot.test.context.filter.ExcludeFilterContextCustomizer@1869fbd2, org.springframework.boot.test.json.DuplicateJsonObjectContextCustomizerFactory$DuplicateJsonObjectContextCustomizer@ca30bc1, org.springframework.boot.test.mock.mockito.MockitoContextCustomizer@0, org.springframework.boot.test.web.client.TestRestTemplateContextCustomizer@66c61024, org.springframework.boot.test.context.SpringBootTestArgs@1, org.springframework.boot.test.context.SpringBootTestWebEnvironment@6db9f5a4], resourceBasePath = 'src/main/webapp', contextLoader = 'org.springframework.boot.test.context.SpringBootContextLoader', parent = [null]], attributes = map['org.springframework.test.context.web.ServletTestExecutionListener.activateListener' -> true, 'org.springframework.test.context.web.ServletTestExecutionListener.populatedRequestContextHolder' -> true, 'org.springframework.test.context.web.ServletTestExecutionListener.resetRequestContextHolder' -> true, 'org.springframework.test.context.event.ApplicationEventsTestExecutionListener.recordApplicationEvents' -> false]]; transaction manager [org.springframework.orm.jpa.JpaTransactionManager@5fb05c07]; rollback [true]
2023-03-20 20:09:45.097  INFO 3680 --- [    Test worker] s.chatprompt.task.service.TaskService    : task 처리179	현재 인덱스: 0
2023-03-20 20:09:45.127  INFO 3680 --- [    Test worker] s.chatprompt.task.service.TaskService    : task 처리179	현재 인덱스: 2
2023-03-20 20:09:45.145  INFO 3680 --- [    Test worker] s.chatprompt.task.service.TaskService    : task 처리180	현재 인덱스: 4
2023-03-20 20:09:45.204  INFO 3680 --- [    Test worker] s.chatprompt.task.service.TaskService    : task 처리180	현재 인덱스: 6
2023-03-20 20:09:45.228  INFO 3680 --- [    Test worker] s.chatprompt.task.service.TaskService    : task 처리180	현재 인덱스: 8
2023-03-20 20:09:45.264  INFO 3680 --- [    Test worker] s.chatprompt.task.service.TaskService    : task 처리181	현재 인덱스: 10
2023-03-20 20:09:45.328  INFO 3680 --- [    Test worker] s.chatprompt.task.service.TaskService    : task 처리181	현재 인덱스: 12
2023-03-20 20:09:45.352  INFO 3680 --- [    Test worker] s.chatprompt.task.service.TaskService    : task 처리181	현재 인덱스: 14
2023-03-20 20:09:45.384  INFO 3680 --- [    Test worker] s.chatprompt.task.service.TaskService    : task 처리292	현재 인덱스: 16
2023-03-20 20:09:45.445  INFO 3680 --- [    Test worker] s.chatprompt.task.service.TaskService    : task 처리292	현재 인덱스: 18
2023-03-20 20:09:45.457  INFO 3680 --- [    Test worker] s.chatprompt.task.service.TaskService    : task 처리292	현재 인덱스: 20
2023-03-20 20:09:45.477  INFO 3680 --- [    Test worker] s.chatprompt.task.service.TaskService    : task 처리388	현재 인덱스: 22
2023-03-20 20:09:45.515  INFO 3680 --- [    Test worker] s.chatprompt.task.service.TaskService    : task 처리388	현재 인덱스: 24
2023-03-20 20:09:45.528  INFO 3680 --- [    Test worker] s.chatprompt.task.service.TaskService    : task 처리388	현재 인덱스: 26
2023-03-20 20:09:45.541  INFO 3680 --- [    Test worker] s.chatprompt.task.service.TaskService    : task 처리388	현재 인덱스: 28
2023-03-20 20:09:45.556  INFO 3680 --- [    Test worker] s.chatprompt.task.service.TaskService    : task 처리388	현재 인덱스: 30
2023-03-20 20:09:45.590  INFO 3680 --- [    Test worker] s.chatprompt.task.service.TaskService    : task 처리456	현재 인덱스: 32
2023-03-20 20:09:45.642  INFO 3680 --- [    Test worker] s.chatprompt.task.service.TaskService    : task 처리456	현재 인덱스: 34
2023-03-20 20:09:45.655  INFO 3680 --- [    Test worker] s.chatprompt.task.service.TaskService    : task 처리456	현재 인덱스: 36
2023-03-20 20:09:45.673  INFO 3680 --- [    Test worker] s.chatprompt.task.service.TaskService    : task 처리578	현재 인덱스: 38
2023-03-20 20:09:45.710  INFO 3680 --- [    Test worker] s.chatprompt.task.service.TaskService    : task 처리578	현재 인덱스: 40
2023-03-20 20:09:45.723  INFO 3680 --- [    Test worker] s.chatprompt.task.service.TaskService    : task 처리578	현재 인덱스: 42
2023-03-20 20:09:45.741  INFO 3680 --- [    Test worker] s.chatprompt.task.service.TaskService    : task 처리621	현재 인덱스: 44
2023-03-20 20:09:45.785  INFO 3680 --- [    Test worker] s.chatprompt.task.service.TaskService    : task 처리621	현재 인덱스: 46
2023-03-20 20:09:45.798  INFO 3680 --- [    Test worker] s.chatprompt.task.service.TaskService    : task 처리621	현재 인덱스: 48
2023-03-20 20:09:45.817  INFO 3680 --- [    Test worker] s.chatprompt.task.service.TaskService    : task 처리646	현재 인덱스: 50
2023-03-20 20:09:45.855  INFO 3680 --- [    Test worker] s.chatprompt.task.service.TaskService    : task 처리646	현재 인덱스: 52
2023-03-20 20:09:45.874  INFO 3680 --- [    Test worker] s.chatprompt.task.service.TaskService    : task 처리647	현재 인덱스: 54
2023-03-20 20:09:45.908  INFO 3680 --- [    Test worker] s.chatprompt.task.service.TaskService    : task 처리647	현재 인덱스: 56
2023-03-20 20:09:45.932  INFO 3680 --- [    Test worker] s.chatprompt.task.service.TaskService    : task 처리676	현재 인덱스: 58
2023-03-20 20:09:45.963  INFO 3680 --- [    Test worker] s.chatprompt.task.service.TaskService    : task 처리676	현재 인덱스: 60
2023-03-20 20:09:45.975  INFO 3680 --- [    Test worker] s.chatprompt.task.service.TaskService    : task 처리676	현재 인덱스: 62
2023-03-20 20:09:45.993  INFO 3680 --- [    Test worker] s.chatprompt.task.service.TaskService    : task 처리678	현재 인덱스: 64
2023-03-20 20:09:46.031  INFO 3680 --- [    Test worker] s.chatprompt.task.service.TaskService    : task 처리678	현재 인덱스: 66
2023-03-20 20:09:46.043  INFO 3680 --- [    Test worker] s.chatprompt.task.service.TaskService    : task 처리678	현재 인덱스: 68
2023-03-20 20:09:46.061  INFO 3680 --- [    Test worker] s.chatprompt.task.service.TaskService    : task 처리683	현재 인덱스: 70
2023-03-20 20:09:46.061  INFO 3680 --- [    Test worker] s.chatprompt.task.service.TaskService    : task 처리 완료
2023-03-20 20:09:46.112  INFO 3680 --- [    Test worker] o.s.t.c.transaction.TransactionContext   : Rolled back transaction for test: [DefaultTestContext@27ea7c8f testClass = TaskServiceTest, testInstance = sangmyung.chatprompt.task.service.TaskServiceTest@557abb68, testMethod = canFindTaskByTaskNum@TaskServiceTest, testException = [null], mergedContextConfiguration = [WebMergedContextConfiguration@1e3c4c12 testClass = TaskServiceTest, locations = '{}', classes = '{class sangmyung.chatprompt.ChatPromptApplication}', contextInitializerClasses = '[]', activeProfiles = '{}', propertySourceLocations = '{}', propertySourceProperties = '{org.springframework.boot.test.context.SpringBootTestContextBootstrapper=true}', contextCustomizers = set[org.springframework.boot.test.autoconfigure.actuate.metrics.MetricsExportContextCustomizerFactory$DisableMetricExportContextCustomizer@b4711e2, org.springframework.boot.test.autoconfigure.properties.PropertyMappingContextCustomizer@0, org.springframework.boot.test.autoconfigure.web.servlet.WebDriverContextCustomizerFactory$Customizer@74589991, org.springframework.boot.test.context.filter.ExcludeFilterContextCustomizer@1869fbd2, org.springframework.boot.test.json.DuplicateJsonObjectContextCustomizerFactory$DuplicateJsonObjectContextCustomizer@ca30bc1, org.springframework.boot.test.mock.mockito.MockitoContextCustomizer@0, org.springframework.boot.test.web.client.TestRestTemplateContextCustomizer@66c61024, org.springframework.boot.test.context.SpringBootTestArgs@1, org.springframework.boot.test.context.SpringBootTestWebEnvironment@6db9f5a4], resourceBasePath = 'src/main/webapp', contextLoader = 'org.springframework.boot.test.context.SpringBootContextLoader', parent = [null]], attributes = map['org.springframework.test.context.web.ServletTestExecutionListener.activateListener' -> true, 'org.springframework.test.context.web.ServletTestExecutionListener.populatedRequestContextHolder' -> true, 'org.springframework.test.context.web.ServletTestExecutionListener.resetRequestContextHolder' -> true, 'org.springframework.test.context.event.ApplicationEventsTestExecutionListener.recordApplicationEvents' -> false]]
2023-03-20 20:09:46.120  INFO 3680 --- [    Test worker] o.s.t.c.transaction.TransactionContext   : Began transaction (1) for test context [DefaultTestContext@27ea7c8f testClass = TaskServiceTest, testInstance = sangmyung.chatprompt.task.service.TaskServiceTest@10395bc4, testMethod = canConverTaskToTaskResponse@TaskServiceTest, testException = [null], mergedContextConfiguration = [WebMergedContextConfiguration@1e3c4c12 testClass = TaskServiceTest, locations = '{}', classes = '{class sangmyung.chatprompt.ChatPromptApplication}', contextInitializerClasses = '[]', activeProfiles = '{}', propertySourceLocations = '{}', propertySourceProperties = '{org.springframework.boot.test.context.SpringBootTestContextBootstrapper=true}', contextCustomizers = set[org.springframework.boot.test.autoconfigure.actuate.metrics.MetricsExportContextCustomizerFactory$DisableMetricExportContextCustomizer@b4711e2, org.springframework.boot.test.autoconfigure.properties.PropertyMappingContextCustomizer@0, org.springframework.boot.test.autoconfigure.web.servlet.WebDriverContextCustomizerFactory$Customizer@74589991, org.springframework.boot.test.context.filter.ExcludeFilterContextCustomizer@1869fbd2, org.springframework.boot.test.json.DuplicateJsonObjectContextCustomizerFactory$DuplicateJsonObjectContextCustomizer@ca30bc1, org.springframework.boot.test.mock.mockito.MockitoContextCustomizer@0, org.springframework.boot.test.web.client.TestRestTemplateContextCustomizer@66c61024, org.springframework.boot.test.context.SpringBootTestArgs@1, org.springframework.boot.test.context.SpringBootTestWebEnvironment@6db9f5a4], resourceBasePath = 'src/main/webapp', contextLoader = 'org.springframework.boot.test.context.SpringBootContextLoader', parent = [null]], attributes = map['org.springframework.test.context.web.ServletTestExecutionListener.activateListener' -> true, 'org.springframework.test.context.web.ServletTestExecutionListener.populatedRequestContextHolder' -> true, 'org.springframework.test.context.web.ServletTestExecutionListener.resetRequestContextHolder' -> true, 'org.springframework.test.context.event.ApplicationEventsTestExecutionListener.recordApplicationEvents' -> false]]; transaction manager [org.springframework.orm.jpa.JpaTransactionManager@5fb05c07]; rollback [true]
2023-03-20 20:09:46.151  INFO 3680 --- [    Test worker] s.chatprompt.task.service.TaskService    : task 처리179	현재 인덱스: 0
2023-03-20 20:09:46.175  INFO 3680 --- [    Test worker] s.chatprompt.task.service.TaskService    : task 처리179	현재 인덱스: 2
2023-03-20 20:09:46.194  INFO 3680 --- [    Test worker] s.chatprompt.task.service.TaskService    : task 처리180	현재 인덱스: 4
2023-03-20 20:09:46.230  INFO 3680 --- [    Test worker] s.chatprompt.task.service.TaskService    : task 처리180	현재 인덱스: 6
2023-03-20 20:09:46.242  INFO 3680 --- [    Test worker] s.chatprompt.task.service.TaskService    : task 처리180	현재 인덱스: 8
2023-03-20 20:09:46.268  INFO 3680 --- [    Test worker] s.chatprompt.task.service.TaskService    : task 처리181	현재 인덱스: 10
2023-03-20 20:09:46.325  INFO 3680 --- [    Test worker] s.chatprompt.task.service.TaskService    : task 처리181	현재 인덱스: 12
2023-03-20 20:09:46.337  INFO 3680 --- [    Test worker] s.chatprompt.task.service.TaskService    : task 처리181	현재 인덱스: 14
2023-03-20 20:09:46.356  INFO 3680 --- [    Test worker] s.chatprompt.task.service.TaskService    : task 처리292	현재 인덱스: 16
2023-03-20 20:09:46.396  INFO 3680 --- [    Test worker] s.chatprompt.task.service.TaskService    : task 처리292	현재 인덱스: 18
2023-03-20 20:09:46.412  INFO 3680 --- [    Test worker] s.chatprompt.task.service.TaskService    : task 처리292	현재 인덱스: 20
2023-03-20 20:09:46.431  INFO 3680 --- [    Test worker] s.chatprompt.task.service.TaskService    : task 처리388	현재 인덱스: 22
2023-03-20 20:09:46.469  INFO 3680 --- [    Test worker] s.chatprompt.task.service.TaskService    : task 처리388	현재 인덱스: 24
2023-03-20 20:09:46.481  INFO 3680 --- [    Test worker] s.chatprompt.task.service.TaskService    : task 처리388	현재 인덱스: 26
2023-03-20 20:09:46.495  INFO 3680 --- [    Test worker] s.chatprompt.task.service.TaskService    : task 처리388	현재 인덱스: 28
2023-03-20 20:09:46.516  INFO 3680 --- [    Test worker] s.chatprompt.task.service.TaskService    : task 처리388	현재 인덱스: 30
2023-03-20 20:09:46.546  INFO 3680 --- [    Test worker] s.chatprompt.task.service.TaskService    : task 처리456	현재 인덱스: 32
2023-03-20 20:09:46.628  INFO 3680 --- [    Test worker] s.chatprompt.task.service.TaskService    : task 처리456	현재 인덱스: 34
2023-03-20 20:09:46.652  INFO 3680 --- [    Test worker] s.chatprompt.task.service.TaskService    : task 처리456	현재 인덱스: 36
2023-03-20 20:09:46.688  INFO 3680 --- [    Test worker] s.chatprompt.task.service.TaskService    : task 처리578	현재 인덱스: 38
2023-03-20 20:09:46.761  INFO 3680 --- [    Test worker] s.chatprompt.task.service.TaskService    : task 처리578	현재 인덱스: 40
2023-03-20 20:09:46.780  INFO 3680 --- [    Test worker] s.chatprompt.task.service.TaskService    : task 처리578	현재 인덱스: 42
2023-03-20 20:09:46.803  INFO 3680 --- [    Test worker] s.chatprompt.task.service.TaskService    : task 처리621	현재 인덱스: 44
2023-03-20 20:09:46.864  INFO 3680 --- [    Test worker] s.chatprompt.task.service.TaskService    : task 처리621	현재 인덱스: 46
2023-03-20 20:09:46.880  INFO 3680 --- [    Test worker] s.chatprompt.task.service.TaskService    : task 처리621	현재 인덱스: 48
2023-03-20 20:09:46.898  INFO 3680 --- [    Test worker] s.chatprompt.task.service.TaskService    : task 처리646	현재 인덱스: 50
2023-03-20 20:09:46.935  INFO 3680 --- [    Test worker] s.chatprompt.task.service.TaskService    : task 처리646	현재 인덱스: 52
2023-03-20 20:09:46.958  INFO 3680 --- [    Test worker] s.chatprompt.task.service.TaskService    : task 처리647	현재 인덱스: 54
2023-03-20 20:09:46.989  INFO 3680 --- [    Test worker] s.chatprompt.task.service.TaskService    : task 처리647	현재 인덱스: 56
2023-03-20 20:09:47.012  INFO 3680 --- [    Test worker] s.chatprompt.task.service.TaskService    : task 처리676	현재 인덱스: 58
2023-03-20 20:09:47.044  INFO 3680 --- [    Test worker] s.chatprompt.task.service.TaskService    : task 처리676	현재 인덱스: 60
2023-03-20 20:09:47.058  INFO 3680 --- [    Test worker] s.chatprompt.task.service.TaskService    : task 처리676	현재 인덱스: 62
2023-03-20 20:09:47.078  INFO 3680 --- [    Test worker] s.chatprompt.task.service.TaskService    : task 처리678	현재 인덱스: 64
2023-03-20 20:09:47.116  INFO 3680 --- [    Test worker] s.chatprompt.task.service.TaskService    : task 처리678	현재 인덱스: 66
2023-03-20 20:09:47.129  INFO 3680 --- [    Test worker] s.chatprompt.task.service.TaskService    : task 처리678	현재 인덱스: 68
2023-03-20 20:09:47.149  INFO 3680 --- [    Test worker] s.chatprompt.task.service.TaskService    : task 처리683	현재 인덱스: 70
2023-03-20 20:09:47.149  INFO 3680 --- [    Test worker] s.chatprompt.task.service.TaskService    : task 처리 완료
2023-03-20 20:09:47.211  INFO 3680 --- [    Test worker] o.s.t.c.transaction.TransactionContext   : Rolled back transaction for test: [DefaultTestContext@27ea7c8f testClass = TaskServiceTest, testInstance = sangmyung.chatprompt.task.service.TaskServiceTest@10395bc4, testMethod = canConverTaskToTaskResponse@TaskServiceTest, testException = [null], mergedContextConfiguration = [WebMergedContextConfiguration@1e3c4c12 testClass = TaskServiceTest, locations = '{}', classes = '{class sangmyung.chatprompt.ChatPromptApplication}', contextInitializerClasses = '[]', activeProfiles = '{}', propertySourceLocations = '{}', propertySourceProperties = '{org.springframework.boot.test.context.SpringBootTestContextBootstrapper=true}', contextCustomizers = set[org.springframework.boot.test.autoconfigure.actuate.metrics.MetricsExportContextCustomizerFactory$DisableMetricExportContextCustomizer@b4711e2, org.springframework.boot.test.autoconfigure.properties.PropertyMappingContextCustomizer@0, org.springframework.boot.test.autoconfigure.web.servlet.WebDriverContextCustomizerFactory$Customizer@74589991, org.springframework.boot.test.context.filter.ExcludeFilterContextCustomizer@1869fbd2, org.springframework.boot.test.json.DuplicateJsonObjectContextCustomizerFactory$DuplicateJsonObjectContextCustomizer@ca30bc1, org.springframework.boot.test.mock.mockito.MockitoContextCustomizer@0, org.springframework.boot.test.web.client.TestRestTemplateContextCustomizer@66c61024, org.springframework.boot.test.context.SpringBootTestArgs@1, org.springframework.boot.test.context.SpringBootTestWebEnvironment@6db9f5a4], resourceBasePath = 'src/main/webapp', contextLoader = 'org.springframework.boot.test.context.SpringBootContextLoader', parent = [null]], attributes = map['org.springframework.test.context.web.ServletTestExecutionListener.activateListener' -> true, 'org.springframework.test.context.web.ServletTestExecutionListener.populatedRequestContextHolder' -> true, 'org.springframework.test.context.web.ServletTestExecutionListener.resetRequestContextHolder' -> true, 'org.springframework.test.context.event.ApplicationEventsTestExecutionListener.recordApplicationEvents' -> false]]
2023-03-20 20:09:47.218  INFO 3680 --- [    Test worker] o.s.t.c.transaction.TransactionContext   : Began transaction (1) for test context [DefaultTestContext@27ea7c8f testClass = TaskServiceTest, testInstance = sangmyung.chatprompt.task.service.TaskServiceTest@18dda2e1, testMethod = canConvertIOPairToIOResponse@TaskServiceTest, testException = [null], mergedContextConfiguration = [WebMergedContextConfiguration@1e3c4c12 testClass = TaskServiceTest, locations = '{}', classes = '{class sangmyung.chatprompt.ChatPromptApplication}', contextInitializerClasses = '[]', activeProfiles = '{}', propertySourceLocations = '{}', propertySourceProperties = '{org.springframework.boot.test.context.SpringBootTestContextBootstrapper=true}', contextCustomizers = set[org.springframework.boot.test.autoconfigure.actuate.metrics.MetricsExportContextCustomizerFactory$DisableMetricExportContextCustomizer@b4711e2, org.springframework.boot.test.autoconfigure.properties.PropertyMappingContextCustomizer@0, org.springframework.boot.test.autoconfigure.web.servlet.WebDriverContextCustomizerFactory$Customizer@74589991, org.springframework.boot.test.context.filter.ExcludeFilterContextCustomizer@1869fbd2, org.springframework.boot.test.json.DuplicateJsonObjectContextCustomizerFactory$DuplicateJsonObjectContextCustomizer@ca30bc1, org.springframework.boot.test.mock.mockito.MockitoContextCustomizer@0, org.springframework.boot.test.web.client.TestRestTemplateContextCustomizer@66c61024, org.springframework.boot.test.context.SpringBootTestArgs@1, org.springframework.boot.test.context.SpringBootTestWebEnvironment@6db9f5a4], resourceBasePath = 'src/main/webapp', contextLoader = 'org.springframework.boot.test.context.SpringBootContextLoader', parent = [null]], attributes = map['org.springframework.test.context.web.ServletTestExecutionListener.activateListener' -> true, 'org.springframework.test.context.web.ServletTestExecutionListener.populatedRequestContextHolder' -> true, 'org.springframework.test.context.web.ServletTestExecutionListener.resetRequestContextHolder' -> true, 'org.springframework.test.context.event.ApplicationEventsTestExecutionListener.recordApplicationEvents' -> false]]; transaction manager [org.springframework.orm.jpa.JpaTransactionManager@5fb05c07]; rollback [true]
2023-03-20 20:09:47.251  INFO 3680 --- [    Test worker] s.chatprompt.task.service.TaskService    : task 처리179	현재 인덱스: 0
2023-03-20 20:09:47.276  INFO 3680 --- [    Test worker] s.chatprompt.task.service.TaskService    : task 처리179	현재 인덱스: 2
2023-03-20 20:09:47.300  INFO 3680 --- [    Test worker] s.chatprompt.task.service.TaskService    : task 처리180	현재 인덱스: 4
2023-03-20 20:09:47.333  INFO 3680 --- [    Test worker] s.chatprompt.task.service.TaskService    : task 처리180	현재 인덱스: 6
2023-03-20 20:09:47.350  INFO 3680 --- [    Test worker] s.chatprompt.task.service.TaskService    : task 처리180	현재 인덱스: 8
2023-03-20 20:09:47.369  INFO 3680 --- [    Test worker] s.chatprompt.task.service.TaskService    : task 처리181	현재 인덱스: 10
2023-03-20 20:09:47.411  INFO 3680 --- [    Test worker] s.chatprompt.task.service.TaskService    : task 처리181	현재 인덱스: 12
2023-03-20 20:09:47.424  INFO 3680 --- [    Test worker] s.chatprompt.task.service.TaskService    : task 처리181	현재 인덱스: 14
2023-03-20 20:09:47.444  INFO 3680 --- [    Test worker] s.chatprompt.task.service.TaskService    : task 처리292	현재 인덱스: 16
2023-03-20 20:09:47.488  INFO 3680 --- [    Test worker] s.chatprompt.task.service.TaskService    : task 처리292	현재 인덱스: 18
2023-03-20 20:09:47.509  INFO 3680 --- [    Test worker] s.chatprompt.task.service.TaskService    : task 처리292	현재 인덱스: 20
2023-03-20 20:09:47.530  INFO 3680 --- [    Test worker] s.chatprompt.task.service.TaskService    : task 처리388	현재 인덱스: 22
2023-03-20 20:09:47.570  INFO 3680 --- [    Test worker] s.chatprompt.task.service.TaskService    : task 처리388	현재 인덱스: 24
2023-03-20 20:09:47.583  INFO 3680 --- [    Test worker] s.chatprompt.task.service.TaskService    : task 처리388	현재 인덱스: 26
2023-03-20 20:09:47.595  INFO 3680 --- [    Test worker] s.chatprompt.task.service.TaskService    : task 처리388	현재 인덱스: 28
2023-03-20 20:09:47.607  INFO 3680 --- [    Test worker] s.chatprompt.task.service.TaskService    : task 처리388	현재 인덱스: 30
2023-03-20 20:09:47.628  INFO 3680 --- [    Test worker] s.chatprompt.task.service.TaskService    : task 처리456	현재 인덱스: 32
2023-03-20 20:09:47.684  INFO 3680 --- [    Test worker] s.chatprompt.task.service.TaskService    : task 처리456	현재 인덱스: 34
2023-03-20 20:09:47.700  INFO 3680 --- [    Test worker] s.chatprompt.task.service.TaskService    : task 처리456	현재 인덱스: 36
2023-03-20 20:09:47.721  INFO 3680 --- [    Test worker] s.chatprompt.task.service.TaskService    : task 처리578	현재 인덱스: 38
2023-03-20 20:09:47.762  INFO 3680 --- [    Test worker] s.chatprompt.task.service.TaskService    : task 처리578	현재 인덱스: 40
2023-03-20 20:09:47.774  INFO 3680 --- [    Test worker] s.chatprompt.task.service.TaskService    : task 처리578	현재 인덱스: 42
2023-03-20 20:09:47.794  INFO 3680 --- [    Test worker] s.chatprompt.task.service.TaskService    : task 처리621	현재 인덱스: 44
2023-03-20 20:09:47.833  INFO 3680 --- [    Test worker] s.chatprompt.task.service.TaskService    : task 처리621	현재 인덱스: 46
2023-03-20 20:09:47.847  INFO 3680 --- [    Test worker] s.chatprompt.task.service.TaskService    : task 처리621	현재 인덱스: 48
2023-03-20 20:09:47.866  INFO 3680 --- [    Test worker] s.chatprompt.task.service.TaskService    : task 처리646	현재 인덱스: 50
2023-03-20 20:09:47.906  INFO 3680 --- [    Test worker] s.chatprompt.task.service.TaskService    : task 처리646	현재 인덱스: 52
2023-03-20 20:09:47.925  INFO 3680 --- [    Test worker] s.chatprompt.task.service.TaskService    : task 처리647	현재 인덱스: 54
2023-03-20 20:09:47.957  INFO 3680 --- [    Test worker] s.chatprompt.task.service.TaskService    : task 처리647	현재 인덱스: 56
2023-03-20 20:09:47.976  INFO 3680 --- [    Test worker] s.chatprompt.task.service.TaskService    : task 처리676	현재 인덱스: 58
2023-03-20 20:09:48.008  INFO 3680 --- [    Test worker] s.chatprompt.task.service.TaskService    : task 처리676	현재 인덱스: 60
2023-03-20 20:09:48.021  INFO 3680 --- [    Test worker] s.chatprompt.task.service.TaskService    : task 처리676	현재 인덱스: 62
2023-03-20 20:09:48.050  INFO 3680 --- [    Test worker] s.chatprompt.task.service.TaskService    : task 처리678	현재 인덱스: 64
2023-03-20 20:09:48.086  INFO 3680 --- [    Test worker] s.chatprompt.task.service.TaskService    : task 처리678	현재 인덱스: 66
2023-03-20 20:09:48.100  INFO 3680 --- [    Test worker] s.chatprompt.task.service.TaskService    : task 처리678	현재 인덱스: 68
2023-03-20 20:09:48.119  INFO 3680 --- [    Test worker] s.chatprompt.task.service.TaskService    : task 처리683	현재 인덱스: 70
2023-03-20 20:09:48.119  INFO 3680 --- [    Test worker] s.chatprompt.task.service.TaskService    : task 처리 완료
2023-03-20 20:09:48.155  INFO 3680 --- [    Test worker] s.c.task.service.TaskServiceTest         : 0
2023-03-20 20:09:48.173  INFO 3680 --- [    Test worker] o.s.t.c.transaction.TransactionContext   : Rolled back transaction for test: [DefaultTestContext@27ea7c8f testClass = TaskServiceTest, testInstance = sangmyung.chatprompt.task.service.TaskServiceTest@18dda2e1, testMethod = canConvertIOPairToIOResponse@TaskServiceTest, testException = [null], mergedContextConfiguration = [WebMergedContextConfiguration@1e3c4c12 testClass = TaskServiceTest, locations = '{}', classes = '{class sangmyung.chatprompt.ChatPromptApplication}', contextInitializerClasses = '[]', activeProfiles = '{}', propertySourceLocations = '{}', propertySourceProperties = '{org.springframework.boot.test.context.SpringBootTestContextBootstrapper=true}', contextCustomizers = set[org.springframework.boot.test.autoconfigure.actuate.metrics.MetricsExportContextCustomizerFactory$DisableMetricExportContextCustomizer@b4711e2, org.springframework.boot.test.autoconfigure.properties.PropertyMappingContextCustomizer@0, org.springframework.boot.test.autoconfigure.web.servlet.WebDriverContextCustomizerFactory$Customizer@74589991, org.springframework.boot.test.context.filter.ExcludeFilterContextCustomizer@1869fbd2, org.springframework.boot.test.json.DuplicateJsonObjectContextCustomizerFactory$DuplicateJsonObjectContextCustomizer@ca30bc1, org.springframework.boot.test.mock.mockito.MockitoContextCustomizer@0, org.springframework.boot.test.web.client.TestRestTemplateContextCustomizer@66c61024, org.springframework.boot.test.context.SpringBootTestArgs@1, org.springframework.boot.test.context.SpringBootTestWebEnvironment@6db9f5a4], resourceBasePath = 'src/main/webapp', contextLoader = 'org.springframework.boot.test.context.SpringBootContextLoader', parent = [null]], attributes = map['org.springframework.test.context.web.ServletTestExecutionListener.activateListener' -> true, 'org.springframework.test.context.web.ServletTestExecutionListener.populatedRequestContextHolder' -> true, 'org.springframework.test.context.web.ServletTestExecutionListener.resetRequestContextHolder' -> true, 'org.springframework.test.context.event.ApplicationEventsTestExecutionListener.recordApplicationEvents' -> false]]
]]></system-out>
  <system-err><![CDATA[]]></system-err>
</testsuite>
